#0: ./bird2/part8/toxicology_266.json
Trivially true!
Equivalence is provable for toxicology_266.json
#1: ./bird2/part8/toxicology_225.json
Trivially true!
Equivalence is provable for toxicology_225.json
#2: ./bird2/part8/toxicology_203.json
Trivially true!
Equivalence is provable for toxicology_203.json
#3: ./bird2/part8/toxicology_315.json
Trivially true!
Equivalence is provable for toxicology_315.json
#4: ./bird2/part8/toxicology_242.json
Trivially true!
Equivalence is provable for toxicology_242.json
#5: ./bird2/part8/toxicology_332.json
Trivially true!
Equivalence is provable for toxicology_332.json
#6: ./bird2/part8/toxicology_292.json
Trivially true!
Equivalence is provable for toxicology_292.json
#7: ./bird2/part8/toxicology_314.json
Trivially true!
Equivalence is provable for toxicology_314.json
#8: ./bird2/part8/toxicology_276.json
Equivalence is not provable for toxicology_276.json
#9: ./bird2/part8/toxicology_224.json
Equivalence is not provable for toxicology_224.json
#10: ./bird2/part8/toxicology_290.json
Equivalence is not provable for toxicology_290.json
#11: ./bird2/part8/toxicology_300.json
Equivalence is not provable for toxicology_300.json
#12: ./bird2/part8/toxicology_196.json
Equivalence is provable for toxicology_196.json
#13: ./bird2/part8/toxicology_230.json
Equivalence is not provable for toxicology_230.json
#14: ./bird2/part8/toxicology_324.json
Equivalence is not provable for toxicology_324.json
#15: ./bird2/part8/toxicology_302.json
Equivalence is not provable for toxicology_302.json
#16: ./bird2/part8/toxicology_319.json
Equivalence is not provable for toxicology_319.json
#17: ./bird2/part8/toxicology_262.json
Equivalence is provable for toxicology_262.json
#18: ./bird2/part8/toxicology_280.json
Equivalence is provable for toxicology_280.json
#19: ./bird2/part8/toxicology_217.json
Equivalence is provable for toxicology_217.json
#20: ./bird2/part8/toxicology_211.json
Equivalence is provable for toxicology_211.json
#21: ./bird2/part8/toxicology_281.json
Trivially true!
Equivalence is provable for toxicology_281.json
#22: ./bird2/part8/toxicology_265.json
Equivalence is not provable for toxicology_265.json
#23: ./bird2/part8/toxicology_306.json
Trivially true!
Equivalence is provable for toxicology_306.json
#24: ./bird2/part8/toxicology_237.json
Equivalence is provable for toxicology_237.json
#25: ./bird2/part8/toxicology_239.json
Equivalence is not provable for toxicology_239.json
#26: ./bird2/part8/toxicology_294.json
Equivalence is not provable for toxicology_294.json
#27: ./bird2/part8/toxicology_205.json
Trivially true!
Equivalence is provable for toxicology_205.json
#28: ./bird2/part8/toxicology_226.json
Equivalence is not provable for toxicology_226.json
#29: ./bird2/part8/toxicology_289.json
Equivalence is not provable for toxicology_289.json
#30: ./bird2/part8/toxicology_295.json
Trivially true!
Equivalence is provable for toxicology_295.json
#31: ./bird2/part8/toxicology_321.json
Equivalence is provable for toxicology_321.json
#32: ./bird2/part8/toxicology_268.json
Equivalence is not provable for toxicology_268.json
#33: ./bird2/part8/toxicology_238.json
Equivalence is not provable for toxicology_238.json
#34: ./bird2/part8/toxicology_234.json
Equivalence is not provable for toxicology_234.json
#35: ./bird2/part8/toxicology_263.json
Equivalence is provable for toxicology_263.json
#36: ./bird2/part8/toxicology_297.json
Equivalence is not provable for toxicology_297.json
#37: ./bird2/part8/toxicology_201.json
Equivalence is provable for toxicology_201.json
#38: ./bird2/part8/toxicology_228.json
Equivalence is not provable for toxicology_228.json
#39: ./bird2/part8/toxicology_337.json
Trivially true!
Equivalence is provable for toxicology_337.json
#40: ./bird2/part8/toxicology_279.json
Equivalence is provable for toxicology_279.json
#41: ./bird2/part8/toxicology_333.json
Equivalence is not provable for toxicology_333.json
#42: ./bird2/part8/toxicology_212.json
Equivalence is not provable for toxicology_212.json
#43: ./bird2/part8/toxicology_322.json
Equivalence is not provable for toxicology_322.json
#44: ./bird2/part8/toxicology_325.json
Equivalence is not provable for toxicology_325.json
#45: ./bird2/part8/toxicology_311.json
Equivalence is not provable for toxicology_311.json
#46: ./bird2/part8/toxicology_235.json
Equivalence is not provable for toxicology_235.json
#47: ./bird2/part8/toxicology_214.json
Equivalence is provable for toxicology_214.json
#48: ./bird2/part8/toxicology_223.json
Equivalence is not provable for toxicology_223.json
#49: ./bird2/part8/toxicology_328.json
Equivalence is not provable for toxicology_328.json
#50: ./bird2/part8/toxicology_227.json
Equivalence is not provable for toxicology_227.json
#51: ./bird2/part8/toxicology_287.json
Equivalence is not provable for toxicology_287.json
#52: ./bird2/part8/toxicology_249.json
Equivalence is not provable for toxicology_249.json
#53: ./bird2/part8/toxicology_313.json
Equivalence is not provable for toxicology_313.json
#54: ./bird2/part8/toxicology_233.json
Equivalence is not provable for toxicology_233.json
#55: ./bird2/part8/toxicology_288.json
Equivalence is not provable for toxicology_288.json
#56: ./bird2/part8/toxicology_251.json
Equivalence is not provable for toxicology_251.json
#57: ./bird2/part8/toxicology_310.json
Equivalence is not provable for toxicology_310.json
#58: ./bird2/part8/toxicology_256.json
Equivalence is not provable for toxicology_256.json
#59: ./bird2/part8/toxicology_220.json
Equivalence is not provable for toxicology_220.json
#60: ./bird2/part8/toxicology_245.json
Equivalence is not provable for toxicology_245.json
#61: ./bird2/part8/toxicology_199.json
Equivalence is not provable for toxicology_199.json


STATISTICS
./bird2/part8/toxicology_196.json	Provable(Stats { provable: false, panicked: false, complete_fragment: false, equiv_class_duration: 60.453685ms, equiv_class_timed_out: false, smt_duration: 251.669113ms, smt_timed_out: false, nontrivial_perms: false, translate_duration: 195.564µs, normal_duration: 163.610476ms, stable_duration: 64.619315ms, unify_duration: 252.677411ms, total_duration: 0ns })
./bird2/part8/toxicology_199.json	NotProvable(Stats { provable: false, panicked: false, complete_fragment: false, equiv_class_duration: 114.611514343s, equiv_class_timed_out: true, smt_duration: 0ns, smt_timed_out: false, nontrivial_perms: false, translate_duration: 1.679272ms, normal_duration: 13.686538ms, stable_duration: 114.645522978s, unify_duration: 784ns, total_duration: 0ns })
./bird2/part8/toxicology_201.json	Provable(Stats { provable: false, panicked: false, complete_fragment: false, equiv_class_duration: 834.454854ms, equiv_class_timed_out: false, smt_duration: 58.531697ms, smt_timed_out: false, nontrivial_perms: false, translate_duration: 304.092µs, normal_duration: 2.436474ms, stable_duration: 838.82818ms, unify_duration: 58.995646ms, total_duration: 0ns })
./bird2/part8/toxicology_203.json	Provable(Stats { provable: false, panicked: false, complete_fragment: false, equiv_class_duration: 0ns, equiv_class_timed_out: false, smt_duration: 0ns, smt_timed_out: false, nontrivial_perms: false, translate_duration: 0ns, normal_duration: 0ns, stable_duration: 0ns, unify_duration: 0ns, total_duration: 0ns })
./bird2/part8/toxicology_205.json	Provable(Stats { provable: false, panicked: false, complete_fragment: false, equiv_class_duration: 0ns, equiv_class_timed_out: false, smt_duration: 0ns, smt_timed_out: false, nontrivial_perms: false, translate_duration: 0ns, normal_duration: 0ns, stable_duration: 0ns, unify_duration: 0ns, total_duration: 0ns })
./bird2/part8/toxicology_211.json	Provable(Stats { provable: false, panicked: false, complete_fragment: true, equiv_class_duration: 429.242427ms, equiv_class_timed_out: false, smt_duration: 33.718216ms, smt_timed_out: false, nontrivial_perms: false, translate_duration: 236.728µs, normal_duration: 2.528753ms, stable_duration: 432.482938ms, unify_duration: 33.909984ms, total_duration: 0ns })
./bird2/part8/toxicology_212.json	NotProvable(Stats { provable: false, panicked: false, complete_fragment: false, equiv_class_duration: 735.682114ms, equiv_class_timed_out: false, smt_duration: 0ns, smt_timed_out: false, nontrivial_perms: false, translate_duration: 409.596µs, normal_duration: 3.034862ms, stable_duration: 739.841737ms, unify_duration: 335ns, total_duration: 0ns })
./bird2/part8/toxicology_214.json	Provable(Stats { provable: false, panicked: false, complete_fragment: true, equiv_class_duration: 687.271109ms, equiv_class_timed_out: false, smt_duration: 47.014942ms, smt_timed_out: false, nontrivial_perms: false, translate_duration: 342.805µs, normal_duration: 2.500098ms, stable_duration: 691.042718ms, unify_duration: 47.29713ms, total_duration: 0ns })
./bird2/part8/toxicology_217.json	Provable(Stats { provable: false, panicked: false, complete_fragment: true, equiv_class_duration: 434.572625ms, equiv_class_timed_out: false, smt_duration: 34.636995ms, smt_timed_out: false, nontrivial_perms: false, translate_duration: 251.008µs, normal_duration: 2.532764ms, stable_duration: 437.841098ms, unify_duration: 34.833366ms, total_duration: 0ns })
./bird2/part8/toxicology_220.json	NotProvable(Stats { provable: false, panicked: false, complete_fragment: false, equiv_class_duration: 7.185042557s, equiv_class_timed_out: false, smt_duration: 261.332748ms, smt_timed_out: false, nontrivial_perms: false, translate_duration: 1.638307ms, normal_duration: 12.815132ms, stable_duration: 7.214166903s, unify_duration: 266.946776ms, total_duration: 0ns })
./bird2/part8/toxicology_223.json	NotProvable(Stats { provable: false, panicked: false, complete_fragment: false, equiv_class_duration: 4.389373636s, equiv_class_timed_out: false, smt_duration: 234.494283ms, smt_timed_out: false, nontrivial_perms: false, translate_duration: 675.652µs, normal_duration: 4.956295ms, stable_duration: 4.403736129s, unify_duration: 235.953411ms, total_duration: 0ns })
./bird2/part8/toxicology_224.json	NotProvable(Stats { provable: false, panicked: false, complete_fragment: true, equiv_class_duration: 171.782098ms, equiv_class_timed_out: false, smt_duration: 0ns, smt_timed_out: false, nontrivial_perms: false, translate_duration: 130.382µs, normal_duration: 1.264052ms, stable_duration: 175.061241ms, unify_duration: 399ns, total_duration: 0ns })
./bird2/part8/toxicology_225.json	Provable(Stats { provable: false, panicked: false, complete_fragment: true, equiv_class_duration: 0ns, equiv_class_timed_out: false, smt_duration: 0ns, smt_timed_out: false, nontrivial_perms: false, translate_duration: 0ns, normal_duration: 0ns, stable_duration: 0ns, unify_duration: 0ns, total_duration: 0ns })
./bird2/part8/toxicology_226.json	NotProvable(Stats { provable: false, panicked: false, complete_fragment: false, equiv_class_duration: 211.798026ms, equiv_class_timed_out: false, smt_duration: 219.475531ms, smt_timed_out: false, nontrivial_perms: false, translate_duration: 416.075µs, normal_duration: 3.480632ms, stable_duration: 216.023158ms, unify_duration: 220.33215ms, total_duration: 0ns })
./bird2/part8/toxicology_227.json	NotProvable(Stats { provable: false, panicked: false, complete_fragment: false, equiv_class_duration: 5.198344976s, equiv_class_timed_out: false, smt_duration: 288.501069ms, smt_timed_out: false, nontrivial_perms: false, translate_duration: 532.052µs, normal_duration: 5.336556ms, stable_duration: 5.212621974s, unify_duration: 292.217634ms, total_duration: 0ns })
./bird2/part8/toxicology_228.json	NotProvable(Stats { provable: false, panicked: false, complete_fragment: false, equiv_class_duration: 1.617609509s, equiv_class_timed_out: false, smt_duration: 284.897191ms, smt_timed_out: false, nontrivial_perms: false, translate_duration: 621.06µs, normal_duration: 5.45778ms, stable_duration: 1.630325286s, unify_duration: 286.780192ms, total_duration: 0ns })
./bird2/part8/toxicology_230.json	NotProvable(Stats { provable: false, panicked: false, complete_fragment: false, equiv_class_duration: 122.071098ms, equiv_class_timed_out: false, smt_duration: 51.706324ms, smt_timed_out: false, nontrivial_perms: false, translate_duration: 215.545µs, normal_duration: 2.702218ms, stable_duration: 125.784956ms, unify_duration: 51.871126ms, total_duration: 0ns })
./bird2/part8/toxicology_233.json	NotProvable(Stats { provable: false, panicked: false, complete_fragment: false, equiv_class_duration: 1.097640701s, equiv_class_timed_out: false, smt_duration: 222.408822ms, smt_timed_out: false, nontrivial_perms: false, translate_duration: 323.553µs, normal_duration: 3.063982ms, stable_duration: 1.102680636s, unify_duration: 223.522214ms, total_duration: 0ns })
./bird2/part8/toxicology_234.json	NotProvable(Stats { provable: false, panicked: false, complete_fragment: false, equiv_class_duration: 306.227441ms, equiv_class_timed_out: false, smt_duration: 215.658671ms, smt_timed_out: false, nontrivial_perms: false, translate_duration: 208.379µs, normal_duration: 2.531877ms, stable_duration: 310.609063ms, unify_duration: 216.876613ms, total_duration: 0ns })
./bird2/part8/toxicology_235.json	NotProvable(Stats { provable: false, panicked: false, complete_fragment: false, equiv_class_duration: 1.023175996s, equiv_class_timed_out: false, smt_duration: 60.450885ms, smt_timed_out: false, nontrivial_perms: false, translate_duration: 455.746µs, normal_duration: 4.079871ms, stable_duration: 1.030484953s, unify_duration: 60.898978ms, total_duration: 0ns })
./bird2/part8/toxicology_237.json	Provable(Stats { provable: false, panicked: false, complete_fragment: true, equiv_class_duration: 530.249949ms, equiv_class_timed_out: false, smt_duration: 0ns, smt_timed_out: false, nontrivial_perms: false, translate_duration: 173.637µs, normal_duration: 1.711489ms, stable_duration: 533.767749ms, unify_duration: 0ns, total_duration: 0ns })
./bird2/part8/toxicology_238.json	NotProvable(Stats { provable: false, panicked: false, complete_fragment: true, equiv_class_duration: 910.335327ms, equiv_class_timed_out: false, smt_duration: 0ns, smt_timed_out: false, nontrivial_perms: false, translate_duration: 206.613µs, normal_duration: 1.612492ms, stable_duration: 914.074939ms, unify_duration: 8.101µs, total_duration: 0ns })
./bird2/part8/toxicology_239.json	NotProvable(Stats { provable: false, panicked: false, complete_fragment: false, equiv_class_duration: 278.914556ms, equiv_class_timed_out: false, smt_duration: 107.978051ms, smt_timed_out: false, nontrivial_perms: false, translate_duration: 307.724µs, normal_duration: 3.895942ms, stable_duration: 285.114127ms, unify_duration: 109.607574ms, total_duration: 0ns })
./bird2/part8/toxicology_242.json	Provable(Stats { provable: false, panicked: false, complete_fragment: false, equiv_class_duration: 0ns, equiv_class_timed_out: false, smt_duration: 0ns, smt_timed_out: false, nontrivial_perms: false, translate_duration: 0ns, normal_duration: 0ns, stable_duration: 0ns, unify_duration: 0ns, total_duration: 0ns })
./bird2/part8/toxicology_245.json	NotProvable(Stats { provable: false, panicked: false, complete_fragment: false, equiv_class_duration: 3.164823317s, equiv_class_timed_out: false, smt_duration: 0ns, smt_timed_out: false, nontrivial_perms: false, translate_duration: 742.8µs, normal_duration: 4.507152055s, stable_duration: 3.180349985s, unify_duration: 7.84µs, total_duration: 0ns })
./bird2/part8/toxicology_249.json	NotProvable(Stats { provable: false, panicked: false, complete_fragment: true, equiv_class_duration: 2.223819617s, equiv_class_timed_out: false, smt_duration: 0ns, smt_timed_out: false, nontrivial_perms: false, translate_duration: 479.155µs, normal_duration: 3.4058ms, stable_duration: 2.228061039s, unify_duration: 657ns, total_duration: 0ns })
./bird2/part8/toxicology_251.json	NotProvable(Stats { provable: false, panicked: false, complete_fragment: false, equiv_class_duration: 1.403110712s, equiv_class_timed_out: false, smt_duration: 134.309071ms, smt_timed_out: false, nontrivial_perms: false, translate_duration: 671.839µs, normal_duration: 4.705436785s, stable_duration: 1.411385299s, unify_duration: 134.984043ms, total_duration: 0ns })
./bird2/part8/toxicology_256.json	NotProvable(Stats { provable: false, panicked: false, complete_fragment: false, equiv_class_duration: 13.463377722s, equiv_class_timed_out: false, smt_duration: 266.13894ms, smt_timed_out: false, nontrivial_perms: false, translate_duration: 792.2µs, normal_duration: 7.135303ms, stable_duration: 13.48008179s, unify_duration: 269.703797ms, total_duration: 0ns })
./bird2/part8/toxicology_262.json	Provable(Stats { provable: false, panicked: false, complete_fragment: true, equiv_class_duration: 318.780735ms, equiv_class_timed_out: false, smt_duration: 45.91764ms, smt_timed_out: false, nontrivial_perms: false, translate_duration: 245.588µs, normal_duration: 2.255307ms, stable_duration: 321.771716ms, unify_duration: 46.126387ms, total_duration: 0ns })
./bird2/part8/toxicology_263.json	Provable(Stats { provable: false, panicked: false, complete_fragment: false, equiv_class_duration: 335.461211ms, equiv_class_timed_out: false, smt_duration: 0ns, smt_timed_out: false, nontrivial_perms: false, translate_duration: 427.354µs, normal_duration: 3.088399ms, stable_duration: 339.887934ms, unify_duration: 0ns, total_duration: 0ns })
./bird2/part8/toxicology_265.json	NotProvable(Stats { provable: false, panicked: false, complete_fragment: true, equiv_class_duration: 423.546898ms, equiv_class_timed_out: false, smt_duration: 0ns, smt_timed_out: false, nontrivial_perms: false, translate_duration: 150.009µs, normal_duration: 1.253533ms, stable_duration: 426.796583ms, unify_duration: 269ns, total_duration: 0ns })
./bird2/part8/toxicology_266.json	Provable(Stats { provable: false, panicked: false, complete_fragment: true, equiv_class_duration: 0ns, equiv_class_timed_out: false, smt_duration: 0ns, smt_timed_out: false, nontrivial_perms: false, translate_duration: 0ns, normal_duration: 0ns, stable_duration: 0ns, unify_duration: 0ns, total_duration: 0ns })
./bird2/part8/toxicology_268.json	NotProvable(Stats { provable: false, panicked: false, complete_fragment: true, equiv_class_duration: 10.002781772s, equiv_class_timed_out: true, smt_duration: 0ns, smt_timed_out: false, nontrivial_perms: false, translate_duration: 240.216µs, normal_duration: 2.38241ms, stable_duration: 10.035475771s, unify_duration: 766ns, total_duration: 0ns })
./bird2/part8/toxicology_276.json	NotProvable(Stats { provable: false, panicked: false, complete_fragment: false, equiv_class_duration: 91.180284ms, equiv_class_timed_out: false, smt_duration: 53.652133ms, smt_timed_out: false, nontrivial_perms: false, translate_duration: 536.226µs, normal_duration: 3.88891ms, stable_duration: 95.705556ms, unify_duration: 53.846041ms, total_duration: 0ns })
./bird2/part8/toxicology_279.json	Provable(Stats { provable: false, panicked: false, complete_fragment: false, equiv_class_duration: 638.681933ms, equiv_class_timed_out: false, smt_duration: 0ns, smt_timed_out: false, nontrivial_perms: false, translate_duration: 520.971µs, normal_duration: 4.68789ms, stable_duration: 645.781144ms, unify_duration: 0ns, total_duration: 0ns })
./bird2/part8/toxicology_280.json	Provable(Stats { provable: false, panicked: false, complete_fragment: true, equiv_class_duration: 321.735049ms, equiv_class_timed_out: false, smt_duration: 46.547201ms, smt_timed_out: false, nontrivial_perms: false, translate_duration: 220.434µs, normal_duration: 1.987091ms, stable_duration: 324.95839ms, unify_duration: 46.77178ms, total_duration: 0ns })
./bird2/part8/toxicology_281.json	Provable(Stats { provable: false, panicked: false, complete_fragment: true, equiv_class_duration: 0ns, equiv_class_timed_out: false, smt_duration: 0ns, smt_timed_out: false, nontrivial_perms: false, translate_duration: 0ns, normal_duration: 0ns, stable_duration: 0ns, unify_duration: 0ns, total_duration: 0ns })
./bird2/part8/toxicology_287.json	NotProvable(Stats { provable: false, panicked: false, complete_fragment: false, equiv_class_duration: 8.160292834s, equiv_class_timed_out: false, smt_duration: 544.090218ms, smt_timed_out: false, nontrivial_perms: false, translate_duration: 871.733µs, normal_duration: 9.265383ms, stable_duration: 8.184614513s, unify_duration: 549.640327ms, total_duration: 0ns })
./bird2/part8/toxicology_288.json	NotProvable(Stats { provable: false, panicked: false, complete_fragment: false, equiv_class_duration: 6.244705737s, equiv_class_timed_out: false, smt_duration: 249.94286ms, smt_timed_out: false, nontrivial_perms: false, translate_duration: 1.015915ms, normal_duration: 7.822292ms, stable_duration: 6.262376693s, unify_duration: 254.487284ms, total_duration: 0ns })
./bird2/part8/toxicology_289.json	NotProvable(Stats { provable: false, panicked: false, complete_fragment: true, equiv_class_duration: 551.349754ms, equiv_class_timed_out: false, smt_duration: 0ns, smt_timed_out: false, nontrivial_perms: false, translate_duration: 363.432µs, normal_duration: 1.784729ms, stable_duration: 554.990084ms, unify_duration: 6.825µs, total_duration: 0ns })
./bird2/part8/toxicology_290.json	NotProvable(Stats { provable: false, panicked: false, complete_fragment: true, equiv_class_duration: 232.05804ms, equiv_class_timed_out: false, smt_duration: 0ns, smt_timed_out: false, nontrivial_perms: false, translate_duration: 97.642µs, normal_duration: 907.186µs, stable_duration: 235.236421ms, unify_duration: 6.054µs, total_duration: 0ns })
./bird2/part8/toxicology_292.json	Provable(Stats { provable: false, panicked: false, complete_fragment: false, equiv_class_duration: 0ns, equiv_class_timed_out: false, smt_duration: 0ns, smt_timed_out: false, nontrivial_perms: false, translate_duration: 0ns, normal_duration: 0ns, stable_duration: 0ns, unify_duration: 0ns, total_duration: 0ns })
./bird2/part8/toxicology_294.json	NotProvable(Stats { provable: false, panicked: false, complete_fragment: false, equiv_class_duration: 302.155711ms, equiv_class_timed_out: false, smt_duration: 10.010606171s, smt_timed_out: true, nontrivial_perms: false, translate_duration: 512.671µs, normal_duration: 5.96301ms, stable_duration: 308.760872ms, unify_duration: 10.010995805s, total_duration: 0ns })
./bird2/part8/toxicology_295.json	Provable(Stats { provable: false, panicked: false, complete_fragment: true, equiv_class_duration: 0ns, equiv_class_timed_out: false, smt_duration: 0ns, smt_timed_out: false, nontrivial_perms: false, translate_duration: 0ns, normal_duration: 0ns, stable_duration: 0ns, unify_duration: 0ns, total_duration: 0ns })
./bird2/part8/toxicology_297.json	NotProvable(Stats { provable: false, panicked: false, complete_fragment: true, equiv_class_duration: 543.495875ms, equiv_class_timed_out: false, smt_duration: 0ns, smt_timed_out: false, nontrivial_perms: false, translate_duration: 227.26µs, normal_duration: 1.961524ms, stable_duration: 546.932609ms, unify_duration: 618ns, total_duration: 0ns })
./bird2/part8/toxicology_300.json	NotProvable(Stats { provable: false, panicked: false, complete_fragment: true, equiv_class_duration: 237.80066ms, equiv_class_timed_out: false, smt_duration: 0ns, smt_timed_out: false, nontrivial_perms: false, translate_duration: 108.704µs, normal_duration: 904.272µs, stable_duration: 240.853017ms, unify_duration: 5.436µs, total_duration: 0ns })
./bird2/part8/toxicology_302.json	NotProvable(Stats { provable: false, panicked: false, complete_fragment: true, equiv_class_duration: 271.316582ms, equiv_class_timed_out: false, smt_duration: 0ns, smt_timed_out: false, nontrivial_perms: false, translate_duration: 142.673µs, normal_duration: 1.33295ms, stable_duration: 274.402872ms, unify_duration: 6.903µs, total_duration: 0ns })
./bird2/part8/toxicology_306.json	Provable(Stats { provable: false, panicked: false, complete_fragment: true, equiv_class_duration: 0ns, equiv_class_timed_out: false, smt_duration: 0ns, smt_timed_out: false, nontrivial_perms: false, translate_duration: 0ns, normal_duration: 0ns, stable_duration: 0ns, unify_duration: 0ns, total_duration: 0ns })
./bird2/part8/toxicology_310.json	NotProvable(Stats { provable: false, panicked: false, complete_fragment: false, equiv_class_duration: 6.051395006s, equiv_class_timed_out: false, smt_duration: 0ns, smt_timed_out: false, nontrivial_perms: false, translate_duration: 913.306µs, normal_duration: 8.10237ms, stable_duration: 6.061557345s, unify_duration: 12.236µs, total_duration: 0ns })
./bird2/part8/toxicology_311.json	NotProvable(Stats { provable: false, panicked: false, complete_fragment: false, equiv_class_duration: 2.871772876s, equiv_class_timed_out: false, smt_duration: 232.284718ms, smt_timed_out: false, nontrivial_perms: false, translate_duration: 899.324µs, normal_duration: 9.97752ms, stable_duration: 2.886419997s, unify_duration: 236.30738ms, total_duration: 0ns })
./bird2/part8/toxicology_313.json	NotProvable(Stats { provable: false, panicked: false, complete_fragment: false, equiv_class_duration: 1.349734359s, equiv_class_timed_out: false, smt_duration: 0ns, smt_timed_out: false, nontrivial_perms: false, translate_duration: 396.657µs, normal_duration: 3.355639ms, stable_duration: 1.353875748s, unify_duration: 8.852µs, total_duration: 0ns })
./bird2/part8/toxicology_314.json	Provable(Stats { provable: false, panicked: false, complete_fragment: false, equiv_class_duration: 0ns, equiv_class_timed_out: false, smt_duration: 0ns, smt_timed_out: false, nontrivial_perms: false, translate_duration: 0ns, normal_duration: 0ns, stable_duration: 0ns, unify_duration: 0ns, total_duration: 0ns })
./bird2/part8/toxicology_315.json	Provable(Stats { provable: false, panicked: false, complete_fragment: false, equiv_class_duration: 0ns, equiv_class_timed_out: false, smt_duration: 0ns, smt_timed_out: false, nontrivial_perms: false, translate_duration: 0ns, normal_duration: 0ns, stable_duration: 0ns, unify_duration: 0ns, total_duration: 0ns })
./bird2/part8/toxicology_319.json	NotProvable(Stats { provable: false, panicked: false, complete_fragment: false, equiv_class_duration: 257.387881ms, equiv_class_timed_out: false, smt_duration: 56.460402ms, smt_timed_out: false, nontrivial_perms: false, translate_duration: 149.493µs, normal_duration: 1.514019ms, stable_duration: 260.839432ms, unify_duration: 56.701599ms, total_duration: 0ns })
./bird2/part8/toxicology_321.json	Provable(Stats { provable: false, panicked: false, complete_fragment: true, equiv_class_duration: 564.69618ms, equiv_class_timed_out: false, smt_duration: 36.064104ms, smt_timed_out: false, nontrivial_perms: false, translate_duration: 221.83µs, normal_duration: 1.851279ms, stable_duration: 568.394653ms, unify_duration: 36.315643ms, total_duration: 0ns })
./bird2/part8/toxicology_322.json	NotProvable(Stats { provable: false, panicked: false, complete_fragment: true, equiv_class_duration: 983.090656ms, equiv_class_timed_out: false, smt_duration: 56.039145ms, smt_timed_out: false, nontrivial_perms: false, translate_duration: 398.295µs, normal_duration: 2.587005ms, stable_duration: 987.000077ms, unify_duration: 56.34644ms, total_duration: 0ns })
./bird2/part8/toxicology_324.json	NotProvable(Stats { provable: false, panicked: false, complete_fragment: true, equiv_class_duration: 311.032475ms, equiv_class_timed_out: false, smt_duration: 0ns, smt_timed_out: false, nontrivial_perms: false, translate_duration: 129.84µs, normal_duration: 1.227435ms, stable_duration: 314.186691ms, unify_duration: 4.375µs, total_duration: 0ns })
./bird2/part8/toxicology_325.json	NotProvable(Stats { provable: false, panicked: false, complete_fragment: false, equiv_class_duration: 2.093701677s, equiv_class_timed_out: false, smt_duration: 236.032591ms, smt_timed_out: false, nontrivial_perms: false, translate_duration: 515.209µs, normal_duration: 5.369169ms, stable_duration: 2.106897661s, unify_duration: 237.786747ms, total_duration: 0ns })
./bird2/part8/toxicology_328.json	NotProvable(Stats { provable: false, panicked: false, complete_fragment: false, equiv_class_duration: 1.346454348s, equiv_class_timed_out: false, smt_duration: 0ns, smt_timed_out: false, nontrivial_perms: false, translate_duration: 563.995µs, normal_duration: 4.982367ms, stable_duration: 1.356095193s, unify_duration: 629ns, total_duration: 0ns })
./bird2/part8/toxicology_332.json	Provable(Stats { provable: false, panicked: false, complete_fragment: false, equiv_class_duration: 0ns, equiv_class_timed_out: false, smt_duration: 0ns, smt_timed_out: false, nontrivial_perms: false, translate_duration: 0ns, normal_duration: 0ns, stable_duration: 0ns, unify_duration: 0ns, total_duration: 0ns })
./bird2/part8/toxicology_333.json	NotProvable(Stats { provable: false, panicked: false, complete_fragment: false, equiv_class_duration: 10.003829432s, equiv_class_timed_out: true, smt_duration: 20.040274845s, smt_timed_out: true, nontrivial_perms: false, translate_duration: 353.712µs, normal_duration: 3.922299ms, stable_duration: 10.050078644s, unify_duration: 20.040820236s, total_duration: 0ns })
./bird2/part8/toxicology_337.json	Provable(Stats { provable: false, panicked: false, complete_fragment: false, equiv_class_duration: 0ns, equiv_class_timed_out: false, smt_duration: 0ns, smt_timed_out: false, nontrivial_perms: false, translate_duration: 0ns, normal_duration: 0ns, stable_duration: 0ns, unify_duration: 0ns, total_duration: 0ns })
Provable: 24 / 62
