#0: ./bird2/part6/formula_1_1006.json
Equivalence is not provable for formula_1_1006.json
#1: ./bird2/part6/formula_1_965.json
Equivalence is not provable for formula_1_965.json
#2: ./bird2/part6/formula_1_917.json
Trivially true!
Equivalence is provable for formula_1_917.json
#3: ./bird2/part6/student_club_1342.json
Trivially true!
Equivalence is provable for student_club_1342.json
#4: ./bird2/part6/financial_128.json
Trivially true!
Equivalence is provable for financial_128.json
#5: ./bird2/part6/formula_1_913.json
Trivially true!
Equivalence is provable for formula_1_913.json
#6: ./bird2/part6/formula_1_947.json
Trivially true!
Equivalence is provable for formula_1_947.json
#7: ./bird2/part6/student_club_1364.json
Trivially true!
Equivalence is provable for student_club_1364.json
#8: ./bird2/part6/student_club_1424.json
Trivially true!
Equivalence is provable for student_club_1424.json
#9: ./bird2/part6/formula_1_911.json
Trivially true!
Equivalence is provable for formula_1_911.json
#10: ./bird2/part6/formula_1_914.json
Trivially true!
Equivalence is provable for formula_1_914.json
#11: ./bird2/part6/formula_1_999.json
Equivalence is not provable for formula_1_999.json
#12: ./bird2/part6/formula_1_998.json
Trivially true!
Equivalence is provable for formula_1_998.json
#13: ./bird2/part6/student_club_1381.json
Trivially true!
Equivalence is provable for student_club_1381.json
#14: ./bird2/part6/student_club_1362.json
Trivially true!
Equivalence is provable for student_club_1362.json
#15: ./bird2/part6/student_club_1409.json
Trivially true!
Equivalence is provable for student_club_1409.json
#16: ./bird2/part6/student_club_1410.json
Trivially true!
Equivalence is provable for student_club_1410.json
#17: ./bird2/part6/formula_1_994.json
Equivalence is not provable for formula_1_994.json
#18: ./bird2/part6/student_club_1346.json
Equivalence is provable for student_club_1346.json
#19: ./bird2/part6/formula_1_918.json
Trivially true!
Equivalence is provable for formula_1_918.json
#20: ./bird2/part6/formula_1_969.json
Trivially true!
Equivalence is provable for formula_1_969.json
#21: ./bird2/part6/formula_1_919.json
Trivially true!
Equivalence is provable for formula_1_919.json
#22: ./bird2/part6/student_club_1379.json
Equivalence is not provable for student_club_1379.json
#23: ./bird2/part6/student_club_1345.json
Trivially true!
Equivalence is provable for student_club_1345.json
#24: ./bird2/part6/formula_1_967.json
Equivalence is not provable for formula_1_967.json
#25: ./bird2/part6/student_club_1326.json
Equivalence is not provable for student_club_1326.json
#26: ./bird2/part6/formula_1_915.json
Equivalence is not provable for formula_1_915.json
#27: ./bird2/part6/formula_1_946.json
Trivially true!
Equivalence is provable for formula_1_946.json
#28: ./bird2/part6/student_club_1464.json
Trivially true!
Equivalence is provable for student_club_1464.json
#29: ./bird2/part6/financial_163.json
Equivalence is not provable for financial_163.json
#30: ./bird2/part6/student_club_1420.json
Equivalence is provable for student_club_1420.json
#31: ./bird2/part6/student_club_1426.json
Equivalence is not provable for student_club_1426.json
#32: ./bird2/part6/student_club_1463.json
Equivalence is provable for student_club_1463.json
#33: ./bird2/part6/student_club_1408.json
Equivalence is not provable for student_club_1408.json
#34: ./bird2/part6/student_club_1418.json
Equivalence is not provable for student_club_1418.json
#35: ./bird2/part6/formula_1_854.json
Equivalence is not provable for formula_1_854.json
#36: ./bird2/part6/financial_92.json
Equivalence is not provable for financial_92.json
#37: ./bird2/part6/formula_1_851.json
Equivalence is not provable for formula_1_851.json
#38: ./bird2/part6/student_club_1435.json
Trivially true!
Equivalence is provable for student_club_1435.json
#39: ./bird2/part6/student_club_1466.json
Equivalence is not provable for student_club_1466.json
#40: ./bird2/part6/student_club_1419.json
Equivalence is not provable for student_club_1419.json
#41: ./bird2/part6/student_club_1423.json
Equivalence is not provable for student_club_1423.json
#42: ./bird2/part6/student_club_1445.json
Trivially true!
Equivalence is provable for student_club_1445.json
#43: ./bird2/part6/formula_1_979.json
Equivalence is not provable for formula_1_979.json
#44: ./bird2/part6/student_club_1448.json
Equivalence is not provable for student_club_1448.json
#45: ./bird2/part6/student_club_1370.json
Equivalence is provable for student_club_1370.json
#46: ./bird2/part6/formula_1_869.json
Equivalence is not provable for formula_1_869.json
#47: ./bird2/part6/student_club_1366.json
Trivially true!
Equivalence is provable for student_club_1366.json
#48: ./bird2/part6/formula_1_855.json
Equivalence is not provable for formula_1_855.json
#49: ./bird2/part6/formula_1_924.json
Equivalence is provable for formula_1_924.json
#50: ./bird2/part6/student_club_1363.json
Equivalence is provable for student_club_1363.json
#51: ./bird2/part6/financial_179.json
Equivalence is not provable for financial_179.json
#52: ./bird2/part6/financial_162.json
Equivalence is not provable for financial_162.json
#53: ./bird2/part6/financial_158.json
Equivalence is not provable for financial_158.json
#54: ./bird2/part6/formula_1_950.json
Equivalence is not provable for formula_1_950.json
#55: ./bird2/part6/financial_159.json
Equivalence is not provable for financial_159.json
#56: ./bird2/part6/student_club_1407.json
Equivalence is not provable for student_club_1407.json
#57: ./bird2/part6/formula_1_873.json
Equivalence is not provable for formula_1_873.json
#58: ./bird2/part6/financial_165.json
Equivalence is not provable for financial_165.json
#59: ./bird2/part6/student_club_1338.json
Trivially true!
Equivalence is provable for student_club_1338.json
#60: ./bird2/part6/formula_1_959.json
Equivalence is not provable for formula_1_959.json
#61: ./bird2/part6/financial_141.json
Equivalence is not provable for financial_141.json
#62: ./bird2/part6/financial_124.json
Equivalence is not provable for financial_124.json
#63: ./bird2/part6/formula_1_951.json
Equivalence is not provable for formula_1_951.json
#64: ./bird2/part6/financial_140.json
Equivalence is not provable for financial_140.json
#65: ./bird2/part6/student_club_1349.json
Trivially true!
Equivalence is provable for student_club_1349.json
#66: ./bird2/part6/financial_155.json
Equivalence is provable for financial_155.json
#67: ./bird2/part6/formula_1_1000.json
Equivalence is not provable for formula_1_1000.json
#68: ./bird2/part6/financial_176.json
Trivially true!
Equivalence is provable for financial_176.json
#69: ./bird2/part6/financial_168.json
Equivalence is provable for financial_168.json
#70: ./bird2/part6/financial_174.json
Equivalence is not provable for financial_174.json
#71: ./bird2/part6/formula_1_981.json
Equivalence is not provable for formula_1_981.json
#72: ./bird2/part6/formula_1_858.json
Equivalence is not provable for formula_1_858.json
#73: ./bird2/part6/financial_167.json
Equivalence is not provable for financial_167.json
#74: ./bird2/part6/formula_1_872.json
Equivalence is not provable for formula_1_872.json
#75: ./bird2/part6/formula_1_861.json
Equivalence is not provable for formula_1_861.json
#76: ./bird2/part6/student_club_1398.json
Equivalence is not provable for student_club_1398.json
#77: ./bird2/part6/financial_152.json
Equivalence is not provable for financial_152.json
#78: ./bird2/part6/financial_161.json
Equivalence is provable for financial_161.json
#79: ./bird2/part6/financial_194.json
Equivalence is not provable for financial_194.json
#80: ./bird2/part6/financial_123.json
Equivalence is provable for financial_123.json
#81: ./bird2/part6/student_club_1447.json
Equivalence is not provable for student_club_1447.json
#82: ./bird2/part6/financial_104.json
Equivalence is provable for financial_104.json
#83: ./bird2/part6/financial_134.json
Equivalence is not provable for financial_134.json
#84: ./bird2/part6/formula_1_912.json
Equivalence is not provable for formula_1_912.json
#85: ./bird2/part6/formula_1_850.json
Equivalence is not provable for formula_1_850.json
#86: ./bird2/part6/formula_1_847.json
Equivalence is provable for formula_1_847.json
#87: ./bird2/part6/student_club_1468.json
Equivalence is not provable for student_club_1468.json
#88: ./bird2/part6/financial_94.json
Trivially true!
Equivalence is provable for financial_94.json
#89: ./bird2/part6/student_club_1350.json
Equivalence is not provable for student_club_1350.json
#90: ./bird2/part6/formula_1_870.json
Equivalence is provable for formula_1_870.json
#91: ./bird2/part6/student_club_1399.json
Equivalence is provable for student_club_1399.json
#92: ./bird2/part6/financial_143.json
Equivalence is not provable for financial_143.json
#93: ./bird2/part6/student_club_1456.json
Equivalence is provable for student_club_1456.json
#94: ./bird2/part6/financial_118.json
Trivially true!
Equivalence is provable for financial_118.json
#95: ./bird2/part6/financial_135.json
Equivalence is not provable for financial_135.json
#96: ./bird2/part6/formula_1_949.json
Equivalence is not provable for formula_1_949.json
#97: ./bird2/part6/formula_1_928.json
Equivalence is not provable for formula_1_928.json
#98: ./bird2/part6/financial_98.json
Equivalence is not provable for financial_98.json
#99: ./bird2/part6/student_club_1443.json
Equivalence is provable for student_club_1443.json
#100: ./bird2/part6/formula_1_859.json
Equivalence is not provable for formula_1_859.json
#101: ./bird2/part6/formula_1_954.json
Equivalence is provable for formula_1_954.json
#102: ./bird2/part6/formula_1_862.json
Equivalence is not provable for formula_1_862.json
#103: ./bird2/part6/financial_90.json
Equivalence is not provable for financial_90.json
#104: ./bird2/part6/formula_1_983.json
Equivalence is not provable for formula_1_983.json
#105: ./bird2/part6/financial_125.json
#106: ./bird2/part6/student_club_1428.json
Equivalence is not provable for student_club_1428.json
#107: ./bird2/part6/financial_91.json
Equivalence is not provable for financial_91.json
#108: ./bird2/part6/formula_1_880.json
Equivalence is not provable for formula_1_880.json
#109: ./bird2/part6/student_club_1377.json
Equivalence is provable for student_club_1377.json
#110: ./bird2/part6/financial_154.json
Equivalence is not provable for financial_154.json
#111: ./bird2/part6/formula_1_848.json
Equivalence is not provable for formula_1_848.json
#112: ./bird2/part6/financial_97.json
Equivalence is not provable for financial_97.json
#113: ./bird2/part6/formula_1_927.json
Equivalence is not provable for formula_1_927.json
#114: ./bird2/part6/financial_149.json
Equivalence is provable for financial_149.json
#115: ./bird2/part6/formula_1_930.json
Equivalence is provable for formula_1_930.json
#116: ./bird2/part6/financial_188.json
Equivalence is not provable for financial_188.json
#117: ./bird2/part6/student_club_1344.json
Equivalence is not provable for student_club_1344.json
#118: ./bird2/part6/financial_185.json
Trivially true!
Equivalence is provable for financial_185.json
#119: ./bird2/part6/financial_166.json
Equivalence is not provable for financial_166.json
#120: ./bird2/part6/financial_129.json
Equivalence is not provable for financial_129.json
#121: ./bird2/part6/student_club_1351.json
Equivalence is not provable for student_club_1351.json
#122: ./bird2/part6/financial_144.json
Equivalence is not provable for financial_144.json
#123: ./bird2/part6/formula_1_984.json
Equivalence is not provable for formula_1_984.json
#124: ./bird2/part6/financial_136.json
Equivalence is not provable for financial_136.json
#125: ./bird2/part6/financial_148.json
Equivalence is not provable for financial_148.json
#126: ./bird2/part6/formula_1_860.json
Equivalence is not provable for formula_1_860.json
#127: ./bird2/part6/formula_1_871.json
Equivalence is not provable for formula_1_871.json
#128: ./bird2/part6/financial_157.json
Equivalence is not provable for financial_157.json
#129: ./bird2/part6/formula_1_868.json
Equivalence is not provable for formula_1_868.json
#130: ./bird2/part6/financial_178.json
Equivalence is not provable for financial_178.json
#131: ./bird2/part6/financial_147.json
Equivalence is provable for financial_147.json
#132: ./bird2/part6/financial_151.json
Equivalence is not provable for financial_151.json
#133: ./bird2/part6/formula_1_1008.json
Equivalence is not provable for formula_1_1008.json
#134: ./bird2/part6/formula_1_942.json
Equivalence is not provable for formula_1_942.json
#135: ./bird2/part6/formula_1_1019.json
Equivalence is not provable for formula_1_1019.json
#136: ./bird2/part6/financial_110.json
Equivalence is not provable for financial_110.json
#137: ./bird2/part6/financial_133.json
Equivalence is not provable for financial_133.json
#138: ./bird2/part6/student_club_1404.json
Equivalence is not provable for student_club_1404.json
#139: ./bird2/part6/financial_150.json
Equivalence is not provable for financial_150.json
#140: ./bird2/part6/financial_164.json
Equivalence is not provable for financial_164.json
#141: ./bird2/part6/formula_1_1020.json
Equivalence is not provable for formula_1_1020.json
#142: ./bird2/part6/financial_182.json
Equivalence is not provable for financial_182.json
#143: ./bird2/part6/financial_138.json
Equivalence is not provable for financial_138.json
#144: ./bird2/part6/financial_113.json
Equivalence is not provable for financial_113.json
#145: ./bird2/part6/formula_1_996.json
Equivalence is not provable for formula_1_996.json
#146: ./bird2/part6/student_club_1361.json
Trivially true!
Equivalence is provable for student_club_1361.json
#147: ./bird2/part6/financial_108.json
Equivalence is not provable for financial_108.json
#148: ./bird2/part6/formula_1_952.json
Equivalence is not provable for formula_1_952.json
#149: ./bird2/part6/formula_1_1004.json
Equivalence is not provable for formula_1_1004.json
#150: ./bird2/part6/financial_193.json
Equivalence is not provable for financial_193.json
#151: ./bird2/part6/financial_131.json
Equivalence is not provable for financial_131.json
#152: ./bird2/part6/financial_96.json
Equivalence is not provable for financial_96.json
#153: ./bird2/part6/student_club_1360.json
Equivalence is not provable for student_club_1360.json
#154: ./bird2/part6/formula_1_881.json
Equivalence is not provable for formula_1_881.json
#155: ./bird2/part6/student_club_1454.json
Equivalence is not provable for student_club_1454.json
#156: ./bird2/part6/formula_1_904.json
Equivalence is not provable for formula_1_904.json
#157: ./bird2/part6/financial_95.json
Equivalence is not provable for financial_95.json
#158: ./bird2/part6/financial_132.json
Equivalence is not provable for financial_132.json


STATISTICS
./bird2/part6/financial_104.json	Provable(Stats { provable: false, panicked: false, complete_fragment: true, equiv_class_duration: 38.246472ms, equiv_class_timed_out: false, smt_duration: 0ns, smt_timed_out: false, nontrivial_perms: false, translate_duration: 340.127µs, normal_duration: 3.660031ms, stable_duration: 42.074485ms, unify_duration: 0ns, total_duration: 0ns })
./bird2/part6/financial_108.json	NotProvable(Stats { provable: false, panicked: false, complete_fragment: false, equiv_class_duration: 190.899623ms, equiv_class_timed_out: false, smt_duration: 0ns, smt_timed_out: false, nontrivial_perms: false, translate_duration: 719.358µs, normal_duration: 409.421055ms, stable_duration: 198.657438ms, unify_duration: 7.127µs, total_duration: 0ns })
./bird2/part6/financial_110.json	NotProvable(Stats { provable: false, panicked: false, complete_fragment: false, equiv_class_duration: 294.997224ms, equiv_class_timed_out: false, smt_duration: 116.026798ms, smt_timed_out: false, nontrivial_perms: false, translate_duration: 653.903µs, normal_duration: 6.035347ms, stable_duration: 302.511739ms, unify_duration: 118.816588ms, total_duration: 0ns })
./bird2/part6/financial_113.json	NotProvable(Stats { provable: false, panicked: false, complete_fragment: false, equiv_class_duration: 169.521261ms, equiv_class_timed_out: false, smt_duration: 57.77542ms, smt_timed_out: false, nontrivial_perms: false, translate_duration: 528.031µs, normal_duration: 9.938584ms, stable_duration: 174.34867ms, unify_duration: 58.282424ms, total_duration: 0ns })
./bird2/part6/financial_118.json	Provable(Stats { provable: false, panicked: false, complete_fragment: false, equiv_class_duration: 0ns, equiv_class_timed_out: false, smt_duration: 0ns, smt_timed_out: false, nontrivial_perms: false, translate_duration: 0ns, normal_duration: 0ns, stable_duration: 0ns, unify_duration: 0ns, total_duration: 0ns })
./bird2/part6/financial_123.json	Provable(Stats { provable: false, panicked: false, complete_fragment: true, equiv_class_duration: 51.490409ms, equiv_class_timed_out: false, smt_duration: 46.99509ms, smt_timed_out: false, nontrivial_perms: false, translate_duration: 242.372µs, normal_duration: 2.416438ms, stable_duration: 54.534482ms, unify_duration: 47.213981ms, total_duration: 0ns })
./bird2/part6/financial_124.json	NotProvable(Stats { provable: false, panicked: false, complete_fragment: true, equiv_class_duration: 53.190084ms, equiv_class_timed_out: false, smt_duration: 52.433077ms, smt_timed_out: false, nontrivial_perms: false, translate_duration: 271.678µs, normal_duration: 2.168211ms, stable_duration: 56.647452ms, unify_duration: 52.61647ms, total_duration: 0ns })
./bird2/part6/financial_125.json	Panic(Any { .. })
./bird2/part6/financial_128.json	Provable(Stats { provable: false, panicked: false, complete_fragment: true, equiv_class_duration: 0ns, equiv_class_timed_out: false, smt_duration: 0ns, smt_timed_out: false, nontrivial_perms: false, translate_duration: 0ns, normal_duration: 0ns, stable_duration: 0ns, unify_duration: 0ns, total_duration: 0ns })
./bird2/part6/financial_129.json	NotProvable(Stats { provable: false, panicked: false, complete_fragment: false, equiv_class_duration: 237.571464ms, equiv_class_timed_out: false, smt_duration: 163.295938ms, smt_timed_out: false, nontrivial_perms: false, translate_duration: 419.195µs, normal_duration: 5.343311ms, stable_duration: 244.018695ms, unify_duration: 163.790261ms, total_duration: 0ns })
./bird2/part6/financial_131.json	NotProvable(Stats { provable: false, panicked: false, complete_fragment: false, equiv_class_duration: 391.327939ms, equiv_class_timed_out: false, smt_duration: 67.422683ms, smt_timed_out: false, nontrivial_perms: false, translate_duration: 950.977µs, normal_duration: 17.595962ms, stable_duration: 406.152056ms, unify_duration: 68.172384ms, total_duration: 0ns })
./bird2/part6/financial_132.json	NotProvable(Stats { provable: false, panicked: false, complete_fragment: false, equiv_class_duration: 51.234487749s, equiv_class_timed_out: false, smt_duration: 0ns, smt_timed_out: false, nontrivial_perms: false, translate_duration: 1.03097ms, normal_duration: 4.843964532s, stable_duration: 51.399028945s, unify_duration: 8.287µs, total_duration: 0ns })
./bird2/part6/financial_133.json	NotProvable(Stats { provable: false, panicked: false, complete_fragment: false, equiv_class_duration: 124.285237ms, equiv_class_timed_out: false, smt_duration: 110.961517ms, smt_timed_out: false, nontrivial_perms: false, translate_duration: 1.141025ms, normal_duration: 8.753934ms, stable_duration: 130.805258ms, unify_duration: 113.28072ms, total_duration: 0ns })
./bird2/part6/financial_134.json	NotProvable(Stats { provable: false, panicked: false, complete_fragment: false, equiv_class_duration: 7.810122502s, equiv_class_timed_out: false, smt_duration: 0ns, smt_timed_out: false, nontrivial_perms: false, translate_duration: 442.135µs, normal_duration: 953.209558ms, stable_duration: 7.827070505s, unify_duration: 880ns, total_duration: 0ns })
./bird2/part6/financial_135.json	NotProvable(Stats { provable: false, panicked: false, complete_fragment: false, equiv_class_duration: 239.01682ms, equiv_class_timed_out: false, smt_duration: 0ns, smt_timed_out: false, nontrivial_perms: false, translate_duration: 635.677µs, normal_duration: 302.444914ms, stable_duration: 248.479826ms, unify_duration: 7.095µs, total_duration: 0ns })
./bird2/part6/financial_136.json	NotProvable(Stats { provable: false, panicked: false, complete_fragment: false, equiv_class_duration: 325.602053ms, equiv_class_timed_out: false, smt_duration: 59.884405ms, smt_timed_out: false, nontrivial_perms: false, translate_duration: 447.113µs, normal_duration: 4.46191ms, stable_duration: 333.329625ms, unify_duration: 60.318874ms, total_duration: 0ns })
./bird2/part6/financial_138.json	NotProvable(Stats { provable: false, panicked: false, complete_fragment: false, equiv_class_duration: 500.12511ms, equiv_class_timed_out: false, smt_duration: 60.533055ms, smt_timed_out: false, nontrivial_perms: false, translate_duration: 1.141336ms, normal_duration: 6.041539ms, stable_duration: 508.139744ms, unify_duration: 60.97697ms, total_duration: 0ns })
./bird2/part6/financial_140.json	NotProvable(Stats { provable: false, panicked: false, complete_fragment: false, equiv_class_duration: 229.482432ms, equiv_class_timed_out: false, smt_duration: 114.861129ms, smt_timed_out: false, nontrivial_perms: false, translate_duration: 548.128µs, normal_duration: 5.963233ms, stable_duration: 236.245643ms, unify_duration: 118.405294ms, total_duration: 0ns })
./bird2/part6/financial_141.json	NotProvable(Stats { provable: false, panicked: false, complete_fragment: false, equiv_class_duration: 3.460968277s, equiv_class_timed_out: false, smt_duration: 460.464405ms, smt_timed_out: false, nontrivial_perms: false, translate_duration: 495.532µs, normal_duration: 5.792782ms, stable_duration: 3.471740399s, unify_duration: 461.277412ms, total_duration: 0ns })
./bird2/part6/financial_143.json	NotProvable(Stats { provable: false, panicked: false, complete_fragment: false, equiv_class_duration: 111.556644ms, equiv_class_timed_out: false, smt_duration: 48.766093ms, smt_timed_out: false, nontrivial_perms: false, translate_duration: 397.262µs, normal_duration: 3.278578ms, stable_duration: 115.687028ms, unify_duration: 49.008937ms, total_duration: 0ns })
./bird2/part6/financial_144.json	NotProvable(Stats { provable: false, panicked: false, complete_fragment: false, equiv_class_duration: 213.207843ms, equiv_class_timed_out: false, smt_duration: 0ns, smt_timed_out: false, nontrivial_perms: false, translate_duration: 354.901µs, normal_duration: 3.635677ms, stable_duration: 219.060725ms, unify_duration: 7.266µs, total_duration: 0ns })
./bird2/part6/financial_147.json	Provable(Stats { provable: false, panicked: false, complete_fragment: true, equiv_class_duration: 32.590365ms, equiv_class_timed_out: false, smt_duration: 47.057235ms, smt_timed_out: false, nontrivial_perms: false, translate_duration: 322.803µs, normal_duration: 3.00044ms, stable_duration: 36.112441ms, unify_duration: 47.313087ms, total_duration: 0ns })
./bird2/part6/financial_148.json	NotProvable(Stats { provable: false, panicked: false, complete_fragment: false, equiv_class_duration: 305.103751ms, equiv_class_timed_out: false, smt_duration: 60.50747ms, smt_timed_out: false, nontrivial_perms: false, translate_duration: 757.07µs, normal_duration: 7.049484ms, stable_duration: 313.221229ms, unify_duration: 60.958574ms, total_duration: 0ns })
./bird2/part6/financial_149.json	Provable(Stats { provable: false, panicked: false, complete_fragment: true, equiv_class_duration: 104.465116ms, equiv_class_timed_out: false, smt_duration: 47.24363ms, smt_timed_out: false, nontrivial_perms: false, translate_duration: 325.969µs, normal_duration: 2.99926ms, stable_duration: 108.198954ms, unify_duration: 47.514132ms, total_duration: 0ns })
./bird2/part6/financial_150.json	NotProvable(Stats { provable: false, panicked: false, complete_fragment: false, equiv_class_duration: 75.854243ms, equiv_class_timed_out: false, smt_duration: 0ns, smt_timed_out: false, nontrivial_perms: false, translate_duration: 450.819µs, normal_duration: 4.350825ms, stable_duration: 80.414781ms, unify_duration: 4.592µs, total_duration: 0ns })
./bird2/part6/financial_151.json	NotProvable(Stats { provable: false, panicked: false, complete_fragment: false, equiv_class_duration: 260.412696ms, equiv_class_timed_out: false, smt_duration: 115.155617ms, smt_timed_out: false, nontrivial_perms: false, translate_duration: 788.921µs, normal_duration: 7.676361ms, stable_duration: 268.714964ms, unify_duration: 119.196432ms, total_duration: 0ns })
./bird2/part6/financial_152.json	NotProvable(Stats { provable: false, panicked: false, complete_fragment: false, equiv_class_duration: 117.942655ms, equiv_class_timed_out: false, smt_duration: 57.615632ms, smt_timed_out: false, nontrivial_perms: false, translate_duration: 345.759µs, normal_duration: 3.76195ms, stable_duration: 122.758948ms, unify_duration: 57.921661ms, total_duration: 0ns })
./bird2/part6/financial_154.json	NotProvable(Stats { provable: false, panicked: false, complete_fragment: false, equiv_class_duration: 302.685356ms, equiv_class_timed_out: false, smt_duration: 116.961448ms, smt_timed_out: false, nontrivial_perms: false, translate_duration: 840.08µs, normal_duration: 5.484923ms, stable_duration: 309.76323ms, unify_duration: 120.348199ms, total_duration: 0ns })
./bird2/part6/financial_155.json	Provable(Stats { provable: false, panicked: false, complete_fragment: false, equiv_class_duration: 225.2452ms, equiv_class_timed_out: false, smt_duration: 125.444556ms, smt_timed_out: false, nontrivial_perms: false, translate_duration: 590.756µs, normal_duration: 6.586297ms, stable_duration: 231.99368ms, unify_duration: 128.702567ms, total_duration: 0ns })
./bird2/part6/financial_157.json	NotProvable(Stats { provable: false, panicked: false, complete_fragment: false, equiv_class_duration: 129.433705ms, equiv_class_timed_out: false, smt_duration: 0ns, smt_timed_out: false, nontrivial_perms: false, translate_duration: 298.122µs, normal_duration: 280.040926ms, stable_duration: 133.267925ms, unify_duration: 573ns, total_duration: 0ns })
./bird2/part6/financial_158.json	NotProvable(Stats { provable: false, panicked: false, complete_fragment: false, equiv_class_duration: 164.593514ms, equiv_class_timed_out: false, smt_duration: 51.429144ms, smt_timed_out: false, nontrivial_perms: false, translate_duration: 306.607µs, normal_duration: 2.927656ms, stable_duration: 169.619845ms, unify_duration: 51.655602ms, total_duration: 0ns })
./bird2/part6/financial_159.json	NotProvable(Stats { provable: false, panicked: false, complete_fragment: true, equiv_class_duration: 20.272328ms, equiv_class_timed_out: false, smt_duration: 50.928234ms, smt_timed_out: false, nontrivial_perms: false, translate_duration: 387.66µs, normal_duration: 3.355931ms, stable_duration: 23.233488ms, unify_duration: 51.106527ms, total_duration: 0ns })
./bird2/part6/financial_161.json	Provable(Stats { provable: false, panicked: false, complete_fragment: false, equiv_class_duration: 81.057894ms, equiv_class_timed_out: false, smt_duration: 133.183464ms, smt_timed_out: false, nontrivial_perms: false, translate_duration: 645.672µs, normal_duration: 5.256255ms, stable_duration: 87.304078ms, unify_duration: 136.176566ms, total_duration: 0ns })
./bird2/part6/financial_162.json	NotProvable(Stats { provable: false, panicked: false, complete_fragment: true, equiv_class_duration: 32.607858ms, equiv_class_timed_out: false, smt_duration: 53.187216ms, smt_timed_out: false, nontrivial_perms: false, translate_duration: 214.794µs, normal_duration: 2.219241ms, stable_duration: 35.765529ms, unify_duration: 53.367264ms, total_duration: 0ns })
./bird2/part6/financial_163.json	NotProvable(Stats { provable: false, panicked: false, complete_fragment: true, equiv_class_duration: 26.969472ms, equiv_class_timed_out: false, smt_duration: 0ns, smt_timed_out: false, nontrivial_perms: false, translate_duration: 457.366µs, normal_duration: 3.664212ms, stable_duration: 30.329468ms, unify_duration: 595ns, total_duration: 0ns })
./bird2/part6/financial_164.json	NotProvable(Stats { provable: false, panicked: false, complete_fragment: false, equiv_class_duration: 123.004691ms, equiv_class_timed_out: false, smt_duration: 264.209585ms, smt_timed_out: false, nontrivial_perms: false, translate_duration: 552.745µs, normal_duration: 287.99545ms, stable_duration: 128.921578ms, unify_duration: 268.158151ms, total_duration: 0ns })
./bird2/part6/financial_165.json	NotProvable(Stats { provable: false, panicked: false, complete_fragment: true, equiv_class_duration: 18.377221ms, equiv_class_timed_out: false, smt_duration: 51.069025ms, smt_timed_out: false, nontrivial_perms: false, translate_duration: 203.932µs, normal_duration: 1.900306ms, stable_duration: 21.070617ms, unify_duration: 51.250638ms, total_duration: 0ns })
./bird2/part6/financial_166.json	NotProvable(Stats { provable: false, panicked: false, complete_fragment: false, equiv_class_duration: 898.094583ms, equiv_class_timed_out: false, smt_duration: 0ns, smt_timed_out: false, nontrivial_perms: false, translate_duration: 362.077µs, normal_duration: 3.136909ms, stable_duration: 902.38641ms, unify_duration: 579ns, total_duration: 0ns })
./bird2/part6/financial_167.json	NotProvable(Stats { provable: false, panicked: false, complete_fragment: false, equiv_class_duration: 11.485004385s, equiv_class_timed_out: false, smt_duration: 58.301636ms, smt_timed_out: false, nontrivial_perms: false, translate_duration: 470.966µs, normal_duration: 5.580434ms, stable_duration: 11.501802971s, unify_duration: 59.000726ms, total_duration: 0ns })
./bird2/part6/financial_168.json	Provable(Stats { provable: false, panicked: false, complete_fragment: true, equiv_class_duration: 47.39417ms, equiv_class_timed_out: false, smt_duration: 98.56971ms, smt_timed_out: false, nontrivial_perms: true, translate_duration: 339.296µs, normal_duration: 3.383245ms, stable_duration: 51.231798ms, unify_duration: 99.299242ms, total_duration: 0ns })
./bird2/part6/financial_174.json	NotProvable(Stats { provable: false, panicked: false, complete_fragment: true, equiv_class_duration: 69.500795ms, equiv_class_timed_out: false, smt_duration: 49.792404ms, smt_timed_out: false, nontrivial_perms: false, translate_duration: 340.62µs, normal_duration: 2.734692ms, stable_duration: 72.534675ms, unify_duration: 49.989439ms, total_duration: 0ns })
./bird2/part6/financial_176.json	Provable(Stats { provable: false, panicked: false, complete_fragment: false, equiv_class_duration: 0ns, equiv_class_timed_out: false, smt_duration: 0ns, smt_timed_out: false, nontrivial_perms: false, translate_duration: 0ns, normal_duration: 0ns, stable_duration: 0ns, unify_duration: 0ns, total_duration: 0ns })
./bird2/part6/financial_178.json	NotProvable(Stats { provable: false, panicked: false, complete_fragment: true, equiv_class_duration: 42.742525ms, equiv_class_timed_out: false, smt_duration: 0ns, smt_timed_out: false, nontrivial_perms: false, translate_duration: 350.768µs, normal_duration: 3.32402ms, stable_duration: 46.233437ms, unify_duration: 8.748µs, total_duration: 0ns })
./bird2/part6/financial_179.json	NotProvable(Stats { provable: false, panicked: false, complete_fragment: true, equiv_class_duration: 32.709634ms, equiv_class_timed_out: false, smt_duration: 0ns, smt_timed_out: false, nontrivial_perms: false, translate_duration: 294.305µs, normal_duration: 3.677097ms, stable_duration: 35.927625ms, unify_duration: 8.142µs, total_duration: 0ns })
./bird2/part6/financial_182.json	NotProvable(Stats { provable: false, panicked: false, complete_fragment: false, equiv_class_duration: 70.912059ms, equiv_class_timed_out: false, smt_duration: 155.770689ms, smt_timed_out: false, nontrivial_perms: false, translate_duration: 388.615µs, normal_duration: 3.232205ms, stable_duration: 75.013181ms, unify_duration: 156.251283ms, total_duration: 0ns })
./bird2/part6/financial_185.json	Provable(Stats { provable: false, panicked: false, complete_fragment: false, equiv_class_duration: 0ns, equiv_class_timed_out: false, smt_duration: 0ns, smt_timed_out: false, nontrivial_perms: false, translate_duration: 0ns, normal_duration: 0ns, stable_duration: 0ns, unify_duration: 0ns, total_duration: 0ns })
./bird2/part6/financial_188.json	NotProvable(Stats { provable: false, panicked: false, complete_fragment: false, equiv_class_duration: 446.248551ms, equiv_class_timed_out: false, smt_duration: 128.715939ms, smt_timed_out: false, nontrivial_perms: false, translate_duration: 503.069µs, normal_duration: 4.47141ms, stable_duration: 453.427211ms, unify_duration: 131.931738ms, total_duration: 0ns })
./bird2/part6/financial_193.json	NotProvable(Stats { provable: false, panicked: false, complete_fragment: false, equiv_class_duration: 1.038266907s, equiv_class_timed_out: false, smt_duration: 0ns, smt_timed_out: false, nontrivial_perms: false, translate_duration: 1.235754ms, normal_duration: 6.465975ms, stable_duration: 1.046364497s, unify_duration: 465ns, total_duration: 0ns })
./bird2/part6/financial_194.json	NotProvable(Stats { provable: false, panicked: false, complete_fragment: true, equiv_class_duration: 83.992381ms, equiv_class_timed_out: false, smt_duration: 0ns, smt_timed_out: false, nontrivial_perms: false, translate_duration: 384.032µs, normal_duration: 2.526534ms, stable_duration: 87.627254ms, unify_duration: 407ns, total_duration: 0ns })
./bird2/part6/financial_90.json	NotProvable(Stats { provable: false, panicked: false, complete_fragment: false, equiv_class_duration: 364.165576ms, equiv_class_timed_out: false, smt_duration: 126.826964ms, smt_timed_out: false, nontrivial_perms: false, translate_duration: 453.299µs, normal_duration: 4.567791ms, stable_duration: 372.577425ms, unify_duration: 130.388362ms, total_duration: 0ns })
./bird2/part6/financial_91.json	NotProvable(Stats { provable: false, panicked: false, complete_fragment: false, equiv_class_duration: 92.393565ms, equiv_class_timed_out: false, smt_duration: 114.185087ms, smt_timed_out: false, nontrivial_perms: false, translate_duration: 509.158µs, normal_duration: 5.020669ms, stable_duration: 98.893666ms, unify_duration: 116.696096ms, total_duration: 0ns })
./bird2/part6/financial_92.json	NotProvable(Stats { provable: false, panicked: false, complete_fragment: false, equiv_class_duration: 181.566974ms, equiv_class_timed_out: false, smt_duration: 577.625787ms, smt_timed_out: false, nontrivial_perms: false, translate_duration: 243.616µs, normal_duration: 3.644763ms, stable_duration: 190.12035ms, unify_duration: 581.573054ms, total_duration: 0ns })
./bird2/part6/financial_94.json	Provable(Stats { provable: false, panicked: false, complete_fragment: false, equiv_class_duration: 0ns, equiv_class_timed_out: false, smt_duration: 0ns, smt_timed_out: false, nontrivial_perms: false, translate_duration: 0ns, normal_duration: 0ns, stable_duration: 0ns, unify_duration: 0ns, total_duration: 0ns })
./bird2/part6/financial_95.json	NotProvable(Stats { provable: false, panicked: false, complete_fragment: false, equiv_class_duration: 779.167849ms, equiv_class_timed_out: false, smt_duration: 0ns, smt_timed_out: false, nontrivial_perms: false, translate_duration: 1.006674ms, normal_duration: 2.136836472s, stable_duration: 797.131185ms, unify_duration: 13.383µs, total_duration: 0ns })
./bird2/part6/financial_96.json	NotProvable(Stats { provable: false, panicked: false, complete_fragment: false, equiv_class_duration: 939.152566ms, equiv_class_timed_out: false, smt_duration: 0ns, smt_timed_out: false, nontrivial_perms: false, translate_duration: 854.423µs, normal_duration: 732.317928ms, stable_duration: 960.98343ms, unify_duration: 4.78µs, total_duration: 0ns })
./bird2/part6/financial_97.json	NotProvable(Stats { provable: false, panicked: false, complete_fragment: false, equiv_class_duration: 425.785383ms, equiv_class_timed_out: false, smt_duration: 116.861428ms, smt_timed_out: false, nontrivial_perms: false, translate_duration: 1.013511ms, normal_duration: 7.96226ms, stable_duration: 433.036279ms, unify_duration: 120.424407ms, total_duration: 0ns })
./bird2/part6/financial_98.json	NotProvable(Stats { provable: false, panicked: false, complete_fragment: true, equiv_class_duration: 301.946273ms, equiv_class_timed_out: false, smt_duration: 0ns, smt_timed_out: false, nontrivial_perms: false, translate_duration: 488.063µs, normal_duration: 2.200421ms, stable_duration: 305.897959ms, unify_duration: 566ns, total_duration: 0ns })
./bird2/part6/formula_1_1000.json	NotProvable(Stats { provable: false, panicked: false, complete_fragment: false, equiv_class_duration: 94.963554ms, equiv_class_timed_out: false, smt_duration: 220.363676ms, smt_timed_out: false, nontrivial_perms: false, translate_duration: 337.131µs, normal_duration: 191.230659ms, stable_duration: 98.361078ms, unify_duration: 221.166025ms, total_duration: 0ns })
./bird2/part6/formula_1_1004.json	NotProvable(Stats { provable: false, panicked: false, complete_fragment: false, equiv_class_duration: 195.420891ms, equiv_class_timed_out: false, smt_duration: 270.236403ms, smt_timed_out: false, nontrivial_perms: false, translate_duration: 1.000432ms, normal_duration: 704.481854ms, stable_duration: 203.146628ms, unify_duration: 275.708807ms, total_duration: 0ns })
./bird2/part6/formula_1_1006.json	NotProvable(Stats { provable: false, panicked: false, complete_fragment: false, equiv_class_duration: 33.944796ms, equiv_class_timed_out: false, smt_duration: 56.542405ms, smt_timed_out: false, nontrivial_perms: false, translate_duration: 549.057µs, normal_duration: 61.04778ms, stable_duration: 37.720525ms, unify_duration: 56.704719ms, total_duration: 0ns })
./bird2/part6/formula_1_1008.json	NotProvable(Stats { provable: false, panicked: false, complete_fragment: false, equiv_class_duration: 7.548559638s, equiv_class_timed_out: false, smt_duration: 53.587233ms, smt_timed_out: false, nontrivial_perms: false, translate_duration: 581.659µs, normal_duration: 1.940385921s, stable_duration: 7.561419342s, unify_duration: 53.903976ms, total_duration: 0ns })
./bird2/part6/formula_1_1019.json	NotProvable(Stats { provable: false, panicked: false, complete_fragment: false, equiv_class_duration: 8.740187846s, equiv_class_timed_out: false, smt_duration: 54.063402ms, smt_timed_out: false, nontrivial_perms: false, translate_duration: 654.938µs, normal_duration: 5.871807ms, stable_duration: 8.755153793s, unify_duration: 54.622447ms, total_duration: 0ns })
./bird2/part6/formula_1_1020.json	NotProvable(Stats { provable: false, panicked: false, complete_fragment: false, equiv_class_duration: 10.005035327s, equiv_class_timed_out: true, smt_duration: 0ns, smt_timed_out: false, nontrivial_perms: false, translate_duration: 1.232224ms, normal_duration: 11.263021ms, stable_duration: 10.010900233s, unify_duration: 554ns, total_duration: 0ns })
./bird2/part6/formula_1_847.json	Provable(Stats { provable: false, panicked: false, complete_fragment: false, equiv_class_duration: 83.152735ms, equiv_class_timed_out: false, smt_duration: 190.01861ms, smt_timed_out: false, nontrivial_perms: false, translate_duration: 240.299µs, normal_duration: 2.670961ms, stable_duration: 86.97464ms, unify_duration: 190.965524ms, total_duration: 0ns })
./bird2/part6/formula_1_848.json	NotProvable(Stats { provable: false, panicked: false, complete_fragment: false, equiv_class_duration: 98.806602ms, equiv_class_timed_out: false, smt_duration: 216.118146ms, smt_timed_out: false, nontrivial_perms: false, translate_duration: 362.126µs, normal_duration: 194.738331ms, stable_duration: 102.374851ms, unify_duration: 216.954421ms, total_duration: 0ns })
./bird2/part6/formula_1_850.json	NotProvable(Stats { provable: false, panicked: false, complete_fragment: false, equiv_class_duration: 2.621730277s, equiv_class_timed_out: false, smt_duration: 59.183395ms, smt_timed_out: false, nontrivial_perms: false, translate_duration: 274.664µs, normal_duration: 2.625845ms, stable_duration: 2.629264818s, unify_duration: 59.543868ms, total_duration: 0ns })
./bird2/part6/formula_1_851.json	NotProvable(Stats { provable: false, panicked: false, complete_fragment: false, equiv_class_duration: 118.597137ms, equiv_class_timed_out: false, smt_duration: 0ns, smt_timed_out: false, nontrivial_perms: false, translate_duration: 372.625µs, normal_duration: 3.466396ms, stable_duration: 122.888257ms, unify_duration: 6.763µs, total_duration: 0ns })
./bird2/part6/formula_1_854.json	NotProvable(Stats { provable: false, panicked: false, complete_fragment: false, equiv_class_duration: 107.498709ms, equiv_class_timed_out: false, smt_duration: 0ns, smt_timed_out: false, nontrivial_perms: false, translate_duration: 183.538µs, normal_duration: 1.916668ms, stable_duration: 111.056068ms, unify_duration: 6.592µs, total_duration: 0ns })
./bird2/part6/formula_1_855.json	NotProvable(Stats { provable: false, panicked: false, complete_fragment: false, equiv_class_duration: 73.095593ms, equiv_class_timed_out: false, smt_duration: 0ns, smt_timed_out: false, nontrivial_perms: false, translate_duration: 197.501µs, normal_duration: 2.020767ms, stable_duration: 77.271663ms, unify_duration: 8.357µs, total_duration: 0ns })
./bird2/part6/formula_1_858.json	NotProvable(Stats { provable: false, panicked: false, complete_fragment: false, equiv_class_duration: 226.641205ms, equiv_class_timed_out: false, smt_duration: 0ns, smt_timed_out: false, nontrivial_perms: false, translate_duration: 210.243µs, normal_duration: 2.144826ms, stable_duration: 230.965452ms, unify_duration: 260ns, total_duration: 0ns })
./bird2/part6/formula_1_859.json	NotProvable(Stats { provable: false, panicked: false, complete_fragment: true, equiv_class_duration: 32.048157ms, equiv_class_timed_out: false, smt_duration: 53.581021ms, smt_timed_out: false, nontrivial_perms: false, translate_duration: 451.638µs, normal_duration: 3.442996ms, stable_duration: 35.124831ms, unify_duration: 53.76654ms, total_duration: 0ns })
./bird2/part6/formula_1_860.json	NotProvable(Stats { provable: false, panicked: false, complete_fragment: false, equiv_class_duration: 3.527656475s, equiv_class_timed_out: false, smt_duration: 0ns, smt_timed_out: false, nontrivial_perms: false, translate_duration: 454.315µs, normal_duration: 3.445249ms, stable_duration: 3.534922806s, unify_duration: 6.029µs, total_duration: 0ns })
./bird2/part6/formula_1_861.json	NotProvable(Stats { provable: false, panicked: false, complete_fragment: false, equiv_class_duration: 71.213159ms, equiv_class_timed_out: false, smt_duration: 0ns, smt_timed_out: false, nontrivial_perms: false, translate_duration: 345.168µs, normal_duration: 3.170999ms, stable_duration: 76.663819ms, unify_duration: 7.05µs, total_duration: 0ns })
./bird2/part6/formula_1_862.json	NotProvable(Stats { provable: false, panicked: false, complete_fragment: false, equiv_class_duration: 1.249804881s, equiv_class_timed_out: false, smt_duration: 0ns, smt_timed_out: false, nontrivial_perms: false, translate_duration: 445.376µs, normal_duration: 4.234894ms, stable_duration: 1.25706282s, unify_duration: 5.385µs, total_duration: 0ns })
./bird2/part6/formula_1_868.json	NotProvable(Stats { provable: false, panicked: false, complete_fragment: false, equiv_class_duration: 142.08157ms, equiv_class_timed_out: false, smt_duration: 203.390987ms, smt_timed_out: false, nontrivial_perms: false, translate_duration: 231.729µs, normal_duration: 292.354329ms, stable_duration: 145.824892ms, unify_duration: 204.284162ms, total_duration: 0ns })
./bird2/part6/formula_1_869.json	NotProvable(Stats { provable: false, panicked: false, complete_fragment: false, equiv_class_duration: 78.492447ms, equiv_class_timed_out: false, smt_duration: 0ns, smt_timed_out: false, nontrivial_perms: false, translate_duration: 348.673µs, normal_duration: 3.531214ms, stable_duration: 82.983925ms, unify_duration: 9.521µs, total_duration: 0ns })
./bird2/part6/formula_1_870.json	Provable(Stats { provable: false, panicked: false, complete_fragment: false, equiv_class_duration: 26.045371ms, equiv_class_timed_out: false, smt_duration: 0ns, smt_timed_out: false, nontrivial_perms: false, translate_duration: 290.247µs, normal_duration: 75.208537ms, stable_duration: 29.202593ms, unify_duration: 0ns, total_duration: 0ns })
./bird2/part6/formula_1_871.json	NotProvable(Stats { provable: false, panicked: false, complete_fragment: false, equiv_class_duration: 3.742270638s, equiv_class_timed_out: false, smt_duration: 0ns, smt_timed_out: false, nontrivial_perms: false, translate_duration: 291.788µs, normal_duration: 2.530754ms, stable_duration: 3.749703533s, unify_duration: 6.051µs, total_duration: 0ns })
./bird2/part6/formula_1_872.json	NotProvable(Stats { provable: false, panicked: false, complete_fragment: false, equiv_class_duration: 100.464448ms, equiv_class_timed_out: false, smt_duration: 0ns, smt_timed_out: false, nontrivial_perms: false, translate_duration: 279.643µs, normal_duration: 2.405149ms, stable_duration: 105.083161ms, unify_duration: 11.701µs, total_duration: 0ns })
./bird2/part6/formula_1_873.json	NotProvable(Stats { provable: false, panicked: false, complete_fragment: true, equiv_class_duration: 51.318518ms, equiv_class_timed_out: false, smt_duration: 0ns, smt_timed_out: false, nontrivial_perms: false, translate_duration: 188.291µs, normal_duration: 1.703316ms, stable_duration: 54.490801ms, unify_duration: 6.828µs, total_duration: 0ns })
./bird2/part6/formula_1_880.json	NotProvable(Stats { provable: false, panicked: false, complete_fragment: false, equiv_class_duration: 345.388642ms, equiv_class_timed_out: false, smt_duration: 0ns, smt_timed_out: false, nontrivial_perms: false, translate_duration: 535.643µs, normal_duration: 156.968183ms, stable_duration: 354.437829ms, unify_duration: 7.082µs, total_duration: 0ns })
./bird2/part6/formula_1_881.json	NotProvable(Stats { provable: false, panicked: false, complete_fragment: false, equiv_class_duration: 980.73484ms, equiv_class_timed_out: false, smt_duration: 0ns, smt_timed_out: false, nontrivial_perms: false, translate_duration: 597.694µs, normal_duration: 5.519375ms, stable_duration: 994.849802ms, unify_duration: 8.404µs, total_duration: 0ns })
./bird2/part6/formula_1_904.json	NotProvable(Stats { provable: false, panicked: false, complete_fragment: false, equiv_class_duration: 934.936952ms, equiv_class_timed_out: false, smt_duration: 66.444408ms, smt_timed_out: false, nontrivial_perms: false, translate_duration: 1.179026ms, normal_duration: 10.626743ms, stable_duration: 955.298234ms, unify_duration: 67.399011ms, total_duration: 0ns })
./bird2/part6/formula_1_911.json	Provable(Stats { provable: false, panicked: false, complete_fragment: true, equiv_class_duration: 0ns, equiv_class_timed_out: false, smt_duration: 0ns, smt_timed_out: false, nontrivial_perms: false, translate_duration: 0ns, normal_duration: 0ns, stable_duration: 0ns, unify_duration: 0ns, total_duration: 0ns })
./bird2/part6/formula_1_912.json	NotProvable(Stats { provable: false, panicked: false, complete_fragment: false, equiv_class_duration: 208.161292ms, equiv_class_timed_out: false, smt_duration: 0ns, smt_timed_out: false, nontrivial_perms: false, translate_duration: 165.657µs, normal_duration: 498.862577ms, stable_duration: 212.246853ms, unify_duration: 553ns, total_duration: 0ns })
./bird2/part6/formula_1_913.json	Provable(Stats { provable: false, panicked: false, complete_fragment: true, equiv_class_duration: 0ns, equiv_class_timed_out: false, smt_duration: 0ns, smt_timed_out: false, nontrivial_perms: false, translate_duration: 0ns, normal_duration: 0ns, stable_duration: 0ns, unify_duration: 0ns, total_duration: 0ns })
./bird2/part6/formula_1_914.json	Provable(Stats { provable: false, panicked: false, complete_fragment: false, equiv_class_duration: 0ns, equiv_class_timed_out: false, smt_duration: 0ns, smt_timed_out: false, nontrivial_perms: false, translate_duration: 0ns, normal_duration: 0ns, stable_duration: 0ns, unify_duration: 0ns, total_duration: 0ns })
./bird2/part6/formula_1_915.json	NotProvable(Stats { provable: false, panicked: false, complete_fragment: false, equiv_class_duration: 142.178506ms, equiv_class_timed_out: false, smt_duration: 131.592441ms, smt_timed_out: false, nontrivial_perms: false, translate_duration: 248.472µs, normal_duration: 2.604324ms, stable_duration: 147.293793ms, unify_duration: 132.100866ms, total_duration: 0ns })
./bird2/part6/formula_1_917.json	Provable(Stats { provable: false, panicked: false, complete_fragment: true, equiv_class_duration: 0ns, equiv_class_timed_out: false, smt_duration: 0ns, smt_timed_out: false, nontrivial_perms: false, translate_duration: 0ns, normal_duration: 0ns, stable_duration: 0ns, unify_duration: 0ns, total_duration: 0ns })
./bird2/part6/formula_1_918.json	Provable(Stats { provable: false, panicked: false, complete_fragment: true, equiv_class_duration: 0ns, equiv_class_timed_out: false, smt_duration: 0ns, smt_timed_out: false, nontrivial_perms: false, translate_duration: 0ns, normal_duration: 0ns, stable_duration: 0ns, unify_duration: 0ns, total_duration: 0ns })
./bird2/part6/formula_1_919.json	Provable(Stats { provable: false, panicked: false, complete_fragment: true, equiv_class_duration: 0ns, equiv_class_timed_out: false, smt_duration: 0ns, smt_timed_out: false, nontrivial_perms: false, translate_duration: 0ns, normal_duration: 0ns, stable_duration: 0ns, unify_duration: 0ns, total_duration: 0ns })
./bird2/part6/formula_1_924.json	Provable(Stats { provable: false, panicked: false, complete_fragment: false, equiv_class_duration: 80.641308ms, equiv_class_timed_out: false, smt_duration: 120.942151ms, smt_timed_out: false, nontrivial_perms: false, translate_duration: 346.072µs, normal_duration: 3.815709ms, stable_duration: 86.176771ms, unify_duration: 123.197851ms, total_duration: 0ns })
./bird2/part6/formula_1_927.json	NotProvable(Stats { provable: false, panicked: false, complete_fragment: false, equiv_class_duration: 420.974412ms, equiv_class_timed_out: false, smt_duration: 57.320618ms, smt_timed_out: false, nontrivial_perms: false, translate_duration: 528.548µs, normal_duration: 349.472824ms, stable_duration: 426.5388ms, unify_duration: 57.586526ms, total_duration: 0ns })
./bird2/part6/formula_1_928.json	NotProvable(Stats { provable: false, panicked: false, complete_fragment: false, equiv_class_duration: 279.198805ms, equiv_class_timed_out: false, smt_duration: 210.863468ms, smt_timed_out: false, nontrivial_perms: false, translate_duration: 403.18µs, normal_duration: 479.974511ms, stable_duration: 282.849795ms, unify_duration: 211.604704ms, total_duration: 0ns })
./bird2/part6/formula_1_930.json	Provable(Stats { provable: false, panicked: false, complete_fragment: true, equiv_class_duration: 206.026612ms, equiv_class_timed_out: false, smt_duration: 0ns, smt_timed_out: false, nontrivial_perms: false, translate_duration: 322.119µs, normal_duration: 3.791979ms, stable_duration: 210.413433ms, unify_duration: 0ns, total_duration: 0ns })
./bird2/part6/formula_1_942.json	NotProvable(Stats { provable: false, panicked: false, complete_fragment: false, equiv_class_duration: 8.577516112s, equiv_class_timed_out: false, smt_duration: 54.177816ms, smt_timed_out: false, nontrivial_perms: false, translate_duration: 654.502µs, normal_duration: 5.804667ms, stable_duration: 8.592777311s, unify_duration: 54.746454ms, total_duration: 0ns })
./bird2/part6/formula_1_946.json	Provable(Stats { provable: false, panicked: false, complete_fragment: false, equiv_class_duration: 0ns, equiv_class_timed_out: false, smt_duration: 0ns, smt_timed_out: false, nontrivial_perms: false, translate_duration: 0ns, normal_duration: 0ns, stable_duration: 0ns, unify_duration: 0ns, total_duration: 0ns })
./bird2/part6/formula_1_947.json	Provable(Stats { provable: false, panicked: false, complete_fragment: true, equiv_class_duration: 0ns, equiv_class_timed_out: false, smt_duration: 0ns, smt_timed_out: false, nontrivial_perms: false, translate_duration: 0ns, normal_duration: 0ns, stable_duration: 0ns, unify_duration: 0ns, total_duration: 0ns })
./bird2/part6/formula_1_949.json	NotProvable(Stats { provable: false, panicked: false, complete_fragment: false, equiv_class_duration: 879.334692ms, equiv_class_timed_out: false, smt_duration: 169.08078ms, smt_timed_out: false, nontrivial_perms: false, translate_duration: 578.098µs, normal_duration: 4.99211ms, stable_duration: 886.920844ms, unify_duration: 172.649731ms, total_duration: 0ns })
./bird2/part6/formula_1_950.json	NotProvable(Stats { provable: false, panicked: false, complete_fragment: false, equiv_class_duration: 29.060543ms, equiv_class_timed_out: false, smt_duration: 214.18543ms, smt_timed_out: false, nontrivial_perms: false, translate_duration: 324.146µs, normal_duration: 76.292161ms, stable_duration: 32.197246ms, unify_duration: 214.913338ms, total_duration: 0ns })
./bird2/part6/formula_1_951.json	NotProvable(Stats { provable: false, panicked: false, complete_fragment: true, equiv_class_duration: 14.303622ms, equiv_class_timed_out: false, smt_duration: 53.114878ms, smt_timed_out: false, nontrivial_perms: false, translate_duration: 304.778µs, normal_duration: 2.159715ms, stable_duration: 17.138629ms, unify_duration: 53.266804ms, total_duration: 0ns })
./bird2/part6/formula_1_952.json	NotProvable(Stats { provable: false, panicked: false, complete_fragment: false, equiv_class_duration: 97.136505ms, equiv_class_timed_out: false, smt_duration: 233.696617ms, smt_timed_out: false, nontrivial_perms: false, translate_duration: 659.853µs, normal_duration: 5.792146ms, stable_duration: 104.158868ms, unify_duration: 237.473174ms, total_duration: 0ns })
./bird2/part6/formula_1_954.json	Provable(Stats { provable: false, panicked: false, complete_fragment: false, equiv_class_duration: 89.181544ms, equiv_class_timed_out: false, smt_duration: 132.453133ms, smt_timed_out: false, nontrivial_perms: false, translate_duration: 671.048µs, normal_duration: 5.410988ms, stable_duration: 96.313044ms, unify_duration: 135.231739ms, total_duration: 0ns })
./bird2/part6/formula_1_959.json	NotProvable(Stats { provable: false, panicked: false, complete_fragment: false, equiv_class_duration: 180.645581ms, equiv_class_timed_out: false, smt_duration: 0ns, smt_timed_out: false, nontrivial_perms: false, translate_duration: 267.59µs, normal_duration: 333.799034ms, stable_duration: 184.344099ms, unify_duration: 742ns, total_duration: 0ns })
./bird2/part6/formula_1_965.json	NotProvable(Stats { provable: false, panicked: false, complete_fragment: true, equiv_class_duration: 82.866878ms, equiv_class_timed_out: false, smt_duration: 54.838948ms, smt_timed_out: false, nontrivial_perms: false, translate_duration: 191.407µs, normal_duration: 1.182685ms, stable_duration: 86.190626ms, unify_duration: 55.031555ms, total_duration: 0ns })
./bird2/part6/formula_1_967.json	NotProvable(Stats { provable: false, panicked: false, complete_fragment: false, equiv_class_duration: 36.080317ms, equiv_class_timed_out: false, smt_duration: 101.653199ms, smt_timed_out: false, nontrivial_perms: false, translate_duration: 236.12µs, normal_duration: 2.859362ms, stable_duration: 39.982068ms, unify_duration: 102.231777ms, total_duration: 0ns })
./bird2/part6/formula_1_969.json	Provable(Stats { provable: false, panicked: false, complete_fragment: true, equiv_class_duration: 0ns, equiv_class_timed_out: false, smt_duration: 0ns, smt_timed_out: false, nontrivial_perms: false, translate_duration: 0ns, normal_duration: 0ns, stable_duration: 0ns, unify_duration: 0ns, total_duration: 0ns })
./bird2/part6/formula_1_979.json	NotProvable(Stats { provable: false, panicked: false, complete_fragment: false, equiv_class_duration: 232.987856ms, equiv_class_timed_out: false, smt_duration: 0ns, smt_timed_out: false, nontrivial_perms: false, translate_duration: 220.587µs, normal_duration: 2.649916ms, stable_duration: 238.243948ms, unify_duration: 249ns, total_duration: 0ns })
./bird2/part6/formula_1_981.json	NotProvable(Stats { provable: false, panicked: false, complete_fragment: true, equiv_class_duration: 149.419224ms, equiv_class_timed_out: false, smt_duration: 0ns, smt_timed_out: false, nontrivial_perms: false, translate_duration: 322.758µs, normal_duration: 2.728588ms, stable_duration: 152.732834ms, unify_duration: 515ns, total_duration: 0ns })
./bird2/part6/formula_1_983.json	NotProvable(Stats { provable: false, panicked: false, complete_fragment: false, equiv_class_duration: 129.816891ms, equiv_class_timed_out: false, smt_duration: 57.912821ms, smt_timed_out: false, nontrivial_perms: false, translate_duration: 616.019µs, normal_duration: 6.809194ms, stable_duration: 136.713905ms, unify_duration: 58.278987ms, total_duration: 0ns })
./bird2/part6/formula_1_984.json	NotProvable(Stats { provable: false, panicked: false, complete_fragment: false, equiv_class_duration: 376.171375ms, equiv_class_timed_out: false, smt_duration: 0ns, smt_timed_out: false, nontrivial_perms: false, translate_duration: 248.595µs, normal_duration: 756.901625ms, stable_duration: 380.035536ms, unify_duration: 714ns, total_duration: 0ns })
./bird2/part6/formula_1_994.json	NotProvable(Stats { provable: false, panicked: false, complete_fragment: true, equiv_class_duration: 210.893236ms, equiv_class_timed_out: false, smt_duration: 0ns, smt_timed_out: false, nontrivial_perms: false, translate_duration: 200.222µs, normal_duration: 1.942272ms, stable_duration: 214.858377ms, unify_duration: 736ns, total_duration: 0ns })
./bird2/part6/formula_1_996.json	NotProvable(Stats { provable: false, panicked: false, complete_fragment: false, equiv_class_duration: 587.370089ms, equiv_class_timed_out: false, smt_duration: 60.250252ms, smt_timed_out: false, nontrivial_perms: false, translate_duration: 835.846µs, normal_duration: 7.345231ms, stable_duration: 596.800837ms, unify_duration: 60.811252ms, total_duration: 0ns })
./bird2/part6/formula_1_998.json	Provable(Stats { provable: false, panicked: false, complete_fragment: false, equiv_class_duration: 0ns, equiv_class_timed_out: false, smt_duration: 0ns, smt_timed_out: false, nontrivial_perms: false, translate_duration: 0ns, normal_duration: 0ns, stable_duration: 0ns, unify_duration: 0ns, total_duration: 0ns })
./bird2/part6/formula_1_999.json	NotProvable(Stats { provable: false, panicked: false, complete_fragment: false, equiv_class_duration: 33.163985ms, equiv_class_timed_out: false, smt_duration: 53.503901ms, smt_timed_out: false, nontrivial_perms: false, translate_duration: 224.576µs, normal_duration: 2.398614ms, stable_duration: 37.181776ms, unify_duration: 53.703197ms, total_duration: 0ns })
./bird2/part6/student_club_1326.json	NotProvable(Stats { provable: false, panicked: false, complete_fragment: false, equiv_class_duration: 94.823511ms, equiv_class_timed_out: false, smt_duration: 0ns, smt_timed_out: false, nontrivial_perms: false, translate_duration: 316.89µs, normal_duration: 42.302295ms, stable_duration: 101.205483ms, unify_duration: 6.939µs, total_duration: 0ns })
./bird2/part6/student_club_1338.json	Provable(Stats { provable: false, panicked: false, complete_fragment: false, equiv_class_duration: 0ns, equiv_class_timed_out: false, smt_duration: 0ns, smt_timed_out: false, nontrivial_perms: false, translate_duration: 0ns, normal_duration: 0ns, stable_duration: 0ns, unify_duration: 0ns, total_duration: 0ns })
./bird2/part6/student_club_1342.json	Provable(Stats { provable: false, panicked: false, complete_fragment: true, equiv_class_duration: 0ns, equiv_class_timed_out: false, smt_duration: 0ns, smt_timed_out: false, nontrivial_perms: false, translate_duration: 0ns, normal_duration: 0ns, stable_duration: 0ns, unify_duration: 0ns, total_duration: 0ns })
./bird2/part6/student_club_1344.json	NotProvable(Stats { provable: false, panicked: false, complete_fragment: false, equiv_class_duration: 16.332475829s, equiv_class_timed_out: false, smt_duration: 0ns, smt_timed_out: false, nontrivial_perms: false, translate_duration: 631.069µs, normal_duration: 570.591653ms, stable_duration: 16.371694296s, unify_duration: 5.947µs, total_duration: 0ns })
./bird2/part6/student_club_1345.json	Provable(Stats { provable: false, panicked: false, complete_fragment: true, equiv_class_duration: 0ns, equiv_class_timed_out: false, smt_duration: 0ns, smt_timed_out: false, nontrivial_perms: false, translate_duration: 0ns, normal_duration: 0ns, stable_duration: 0ns, unify_duration: 0ns, total_duration: 0ns })
./bird2/part6/student_club_1346.json	Provable(Stats { provable: false, panicked: false, complete_fragment: false, equiv_class_duration: 240.615632ms, equiv_class_timed_out: false, smt_duration: 122.293542ms, smt_timed_out: false, nontrivial_perms: false, translate_duration: 282.011µs, normal_duration: 2.866991ms, stable_duration: 247.619867ms, unify_duration: 125.134309ms, total_duration: 0ns })
./bird2/part6/student_club_1349.json	Provable(Stats { provable: false, panicked: false, complete_fragment: false, equiv_class_duration: 0ns, equiv_class_timed_out: false, smt_duration: 0ns, smt_timed_out: false, nontrivial_perms: false, translate_duration: 0ns, normal_duration: 0ns, stable_duration: 0ns, unify_duration: 0ns, total_duration: 0ns })
./bird2/part6/student_club_1350.json	NotProvable(Stats { provable: false, panicked: false, complete_fragment: false, equiv_class_duration: 4.389564886s, equiv_class_timed_out: false, smt_duration: 75.928966ms, smt_timed_out: false, nontrivial_perms: false, translate_duration: 568.304µs, normal_duration: 5.148148ms, stable_duration: 4.398409657s, unify_duration: 76.57353ms, total_duration: 0ns })
./bird2/part6/student_club_1351.json	NotProvable(Stats { provable: false, panicked: false, complete_fragment: true, equiv_class_duration: 1.237662652s, equiv_class_timed_out: false, smt_duration: 0ns, smt_timed_out: false, nontrivial_perms: false, translate_duration: 435.542µs, normal_duration: 4.631756ms, stable_duration: 1.242095736s, unify_duration: 8.233µs, total_duration: 0ns })
./bird2/part6/student_club_1360.json	NotProvable(Stats { provable: false, panicked: false, complete_fragment: false, equiv_class_duration: 15.121124887s, equiv_class_timed_out: false, smt_duration: 262.997731ms, smt_timed_out: false, nontrivial_perms: false, translate_duration: 865.256µs, normal_duration: 7.663325ms, stable_duration: 15.147420846s, unify_duration: 268.92236ms, total_duration: 0ns })
./bird2/part6/student_club_1361.json	Provable(Stats { provable: false, panicked: false, complete_fragment: false, equiv_class_duration: 0ns, equiv_class_timed_out: false, smt_duration: 0ns, smt_timed_out: false, nontrivial_perms: false, translate_duration: 0ns, normal_duration: 0ns, stable_duration: 0ns, unify_duration: 0ns, total_duration: 0ns })
./bird2/part6/student_club_1362.json	Provable(Stats { provable: false, panicked: false, complete_fragment: false, equiv_class_duration: 0ns, equiv_class_timed_out: false, smt_duration: 0ns, smt_timed_out: false, nontrivial_perms: false, translate_duration: 0ns, normal_duration: 0ns, stable_duration: 0ns, unify_duration: 0ns, total_duration: 0ns })
./bird2/part6/student_club_1363.json	Provable(Stats { provable: false, panicked: false, complete_fragment: false, equiv_class_duration: 790.987768ms, equiv_class_timed_out: false, smt_duration: 125.478821ms, smt_timed_out: false, nontrivial_perms: false, translate_duration: 608.089µs, normal_duration: 5.772755ms, stable_duration: 798.033087ms, unify_duration: 128.604623ms, total_duration: 0ns })
./bird2/part6/student_club_1364.json	Provable(Stats { provable: false, panicked: false, complete_fragment: true, equiv_class_duration: 0ns, equiv_class_timed_out: false, smt_duration: 0ns, smt_timed_out: false, nontrivial_perms: false, translate_duration: 0ns, normal_duration: 0ns, stable_duration: 0ns, unify_duration: 0ns, total_duration: 0ns })
./bird2/part6/student_club_1366.json	Provable(Stats { provable: false, panicked: false, complete_fragment: false, equiv_class_duration: 0ns, equiv_class_timed_out: false, smt_duration: 0ns, smt_timed_out: false, nontrivial_perms: false, translate_duration: 0ns, normal_duration: 0ns, stable_duration: 0ns, unify_duration: 0ns, total_duration: 0ns })
./bird2/part6/student_club_1370.json	Provable(Stats { provable: false, panicked: false, complete_fragment: false, equiv_class_duration: 124.545538ms, equiv_class_timed_out: false, smt_duration: 192.602148ms, smt_timed_out: false, nontrivial_perms: false, translate_duration: 432.235µs, normal_duration: 285.545131ms, stable_duration: 127.928192ms, unify_duration: 193.494415ms, total_duration: 0ns })
./bird2/part6/student_club_1377.json	Provable(Stats { provable: false, panicked: false, complete_fragment: false, equiv_class_duration: 348.751228ms, equiv_class_timed_out: false, smt_duration: 194.37263ms, smt_timed_out: false, nontrivial_perms: false, translate_duration: 230.096µs, normal_duration: 723.505901ms, stable_duration: 353.037361ms, unify_duration: 195.435012ms, total_duration: 0ns })
./bird2/part6/student_club_1379.json	NotProvable(Stats { provable: false, panicked: false, complete_fragment: false, equiv_class_duration: 64.447672ms, equiv_class_timed_out: false, smt_duration: 0ns, smt_timed_out: false, nontrivial_perms: false, translate_duration: 183.782µs, normal_duration: 113.048218ms, stable_duration: 67.953826ms, unify_duration: 301ns, total_duration: 0ns })
./bird2/part6/student_club_1381.json	Provable(Stats { provable: false, panicked: false, complete_fragment: false, equiv_class_duration: 0ns, equiv_class_timed_out: false, smt_duration: 0ns, smt_timed_out: false, nontrivial_perms: false, translate_duration: 0ns, normal_duration: 0ns, stable_duration: 0ns, unify_duration: 0ns, total_duration: 0ns })
./bird2/part6/student_club_1398.json	NotProvable(Stats { provable: false, panicked: false, complete_fragment: false, equiv_class_duration: 355.347037ms, equiv_class_timed_out: false, smt_duration: 58.879361ms, smt_timed_out: false, nontrivial_perms: false, translate_duration: 385.337µs, normal_duration: 4.160894ms, stable_duration: 365.461824ms, unify_duration: 59.256014ms, total_duration: 0ns })
./bird2/part6/student_club_1399.json	Provable(Stats { provable: false, panicked: false, complete_fragment: false, equiv_class_duration: 270.617292ms, equiv_class_timed_out: false, smt_duration: 198.96854ms, smt_timed_out: false, nontrivial_perms: false, translate_duration: 186.415µs, normal_duration: 574.446163ms, stable_duration: 274.64307ms, unify_duration: 199.813244ms, total_duration: 0ns })
./bird2/part6/student_club_1404.json	NotProvable(Stats { provable: false, panicked: false, complete_fragment: false, equiv_class_duration: 506.013117ms, equiv_class_timed_out: false, smt_duration: 269.637574ms, smt_timed_out: false, nontrivial_perms: true, translate_duration: 495.568µs, normal_duration: 1.038233177s, stable_duration: 510.211293ms, unify_duration: 270.840627ms, total_duration: 0ns })
./bird2/part6/student_club_1407.json	NotProvable(Stats { provable: false, panicked: false, complete_fragment: false, equiv_class_duration: 525.572842ms, equiv_class_timed_out: false, smt_duration: 0ns, smt_timed_out: false, nontrivial_perms: false, translate_duration: 424.497µs, normal_duration: 204.672515ms, stable_duration: 533.077011ms, unify_duration: 4.457µs, total_duration: 0ns })
./bird2/part6/student_club_1408.json	NotProvable(Stats { provable: false, panicked: false, complete_fragment: false, equiv_class_duration: 214.41615ms, equiv_class_timed_out: false, smt_duration: 224.415424ms, smt_timed_out: false, nontrivial_perms: false, translate_duration: 192.485µs, normal_duration: 2.002807ms, stable_duration: 218.087743ms, unify_duration: 225.062955ms, total_duration: 0ns })
./bird2/part6/student_club_1409.json	Provable(Stats { provable: false, panicked: false, complete_fragment: false, equiv_class_duration: 0ns, equiv_class_timed_out: false, smt_duration: 0ns, smt_timed_out: false, nontrivial_perms: false, translate_duration: 0ns, normal_duration: 0ns, stable_duration: 0ns, unify_duration: 0ns, total_duration: 0ns })
./bird2/part6/student_club_1410.json	Provable(Stats { provable: false, panicked: false, complete_fragment: false, equiv_class_duration: 0ns, equiv_class_timed_out: false, smt_duration: 0ns, smt_timed_out: false, nontrivial_perms: false, translate_duration: 0ns, normal_duration: 0ns, stable_duration: 0ns, unify_duration: 0ns, total_duration: 0ns })
./bird2/part6/student_club_1418.json	NotProvable(Stats { provable: false, panicked: false, complete_fragment: false, equiv_class_duration: 116.44895ms, equiv_class_timed_out: false, smt_duration: 0ns, smt_timed_out: false, nontrivial_perms: false, translate_duration: 271.277µs, normal_duration: 2.764754ms, stable_duration: 119.813098ms, unify_duration: 7.615µs, total_duration: 0ns })
./bird2/part6/student_club_1419.json	NotProvable(Stats { provable: false, panicked: false, complete_fragment: false, equiv_class_duration: 409.385825ms, equiv_class_timed_out: false, smt_duration: 0ns, smt_timed_out: false, nontrivial_perms: false, translate_duration: 169.037µs, normal_duration: 2.079845ms, stable_duration: 413.145196ms, unify_duration: 7.022µs, total_duration: 0ns })
./bird2/part6/student_club_1420.json	Provable(Stats { provable: false, panicked: false, complete_fragment: true, equiv_class_duration: 321.62968ms, equiv_class_timed_out: false, smt_duration: 49.316596ms, smt_timed_out: false, nontrivial_perms: false, translate_duration: 208.297µs, normal_duration: 1.766809ms, stable_duration: 325.542055ms, unify_duration: 49.585973ms, total_duration: 0ns })
./bird2/part6/student_club_1423.json	NotProvable(Stats { provable: false, panicked: false, complete_fragment: false, equiv_class_duration: 407.827803ms, equiv_class_timed_out: false, smt_duration: 0ns, smt_timed_out: false, nontrivial_perms: false, translate_duration: 174.805µs, normal_duration: 2.051279ms, stable_duration: 411.564187ms, unify_duration: 6.827µs, total_duration: 0ns })
./bird2/part6/student_club_1424.json	Provable(Stats { provable: false, panicked: false, complete_fragment: false, equiv_class_duration: 0ns, equiv_class_timed_out: false, smt_duration: 0ns, smt_timed_out: false, nontrivial_perms: false, translate_duration: 0ns, normal_duration: 0ns, stable_duration: 0ns, unify_duration: 0ns, total_duration: 0ns })
./bird2/part6/student_club_1426.json	NotProvable(Stats { provable: false, panicked: false, complete_fragment: false, equiv_class_duration: 345.60791ms, equiv_class_timed_out: false, smt_duration: 116.52599ms, smt_timed_out: false, nontrivial_perms: false, translate_duration: 331.974µs, normal_duration: 2.38562ms, stable_duration: 353.739938ms, unify_duration: 121.220757ms, total_duration: 0ns })
./bird2/part6/student_club_1428.json	NotProvable(Stats { provable: false, panicked: false, complete_fragment: false, equiv_class_duration: 772.373291ms, equiv_class_timed_out: false, smt_duration: 0ns, smt_timed_out: false, nontrivial_perms: false, translate_duration: 213.13µs, normal_duration: 2.305169ms, stable_duration: 776.897623ms, unify_duration: 425ns, total_duration: 0ns })
./bird2/part6/student_club_1435.json	Provable(Stats { provable: false, panicked: false, complete_fragment: true, equiv_class_duration: 0ns, equiv_class_timed_out: false, smt_duration: 0ns, smt_timed_out: false, nontrivial_perms: false, translate_duration: 0ns, normal_duration: 0ns, stable_duration: 0ns, unify_duration: 0ns, total_duration: 0ns })
./bird2/part6/student_club_1443.json	Provable(Stats { provable: false, panicked: false, complete_fragment: false, equiv_class_duration: 131.860095ms, equiv_class_timed_out: false, smt_duration: 186.171476ms, smt_timed_out: false, nontrivial_perms: false, translate_duration: 374.366µs, normal_duration: 4.848657ms, stable_duration: 141.367652ms, unify_duration: 187.313096ms, total_duration: 0ns })
./bird2/part6/student_club_1445.json	Provable(Stats { provable: false, panicked: false, complete_fragment: false, equiv_class_duration: 0ns, equiv_class_timed_out: false, smt_duration: 0ns, smt_timed_out: false, nontrivial_perms: false, translate_duration: 0ns, normal_duration: 0ns, stable_duration: 0ns, unify_duration: 0ns, total_duration: 0ns })
./bird2/part6/student_club_1447.json	NotProvable(Stats { provable: false, panicked: false, complete_fragment: false, equiv_class_duration: 263.543649ms, equiv_class_timed_out: false, smt_duration: 229.025874ms, smt_timed_out: false, nontrivial_perms: false, translate_duration: 397.544µs, normal_duration: 5.227365ms, stable_duration: 276.369828ms, unify_duration: 230.36824ms, total_duration: 0ns })
./bird2/part6/student_club_1448.json	NotProvable(Stats { provable: false, panicked: false, complete_fragment: false, equiv_class_duration: 263.275736ms, equiv_class_timed_out: false, smt_duration: 0ns, smt_timed_out: false, nontrivial_perms: false, translate_duration: 171.989µs, normal_duration: 2.097783ms, stable_duration: 266.508489ms, unify_duration: 9.008µs, total_duration: 0ns })
./bird2/part6/student_club_1454.json	NotProvable(Stats { provable: false, panicked: false, complete_fragment: false, equiv_class_duration: 20.529571354s, equiv_class_timed_out: false, smt_duration: 159.563154ms, smt_timed_out: false, nontrivial_perms: false, translate_duration: 919.499µs, normal_duration: 8.220831ms, stable_duration: 20.540535678s, unify_duration: 164.85552ms, total_duration: 0ns })
./bird2/part6/student_club_1456.json	Provable(Stats { provable: false, panicked: false, complete_fragment: false, equiv_class_duration: 199.707402ms, equiv_class_timed_out: false, smt_duration: 207.812443ms, smt_timed_out: false, nontrivial_perms: false, translate_duration: 261.032µs, normal_duration: 431.181836ms, stable_duration: 203.891631ms, unify_duration: 208.777856ms, total_duration: 0ns })
./bird2/part6/student_club_1463.json	Provable(Stats { provable: false, panicked: false, complete_fragment: true, equiv_class_duration: 395.390346ms, equiv_class_timed_out: false, smt_duration: 42.566074ms, smt_timed_out: false, nontrivial_perms: false, translate_duration: 303.712µs, normal_duration: 2.965108ms, stable_duration: 399.107261ms, unify_duration: 42.787322ms, total_duration: 0ns })
./bird2/part6/student_club_1464.json	Provable(Stats { provable: false, panicked: false, complete_fragment: true, equiv_class_duration: 0ns, equiv_class_timed_out: false, smt_duration: 0ns, smt_timed_out: false, nontrivial_perms: false, translate_duration: 0ns, normal_duration: 0ns, stable_duration: 0ns, unify_duration: 0ns, total_duration: 0ns })
./bird2/part6/student_club_1466.json	NotProvable(Stats { provable: false, panicked: false, complete_fragment: false, equiv_class_duration: 287.421363ms, equiv_class_timed_out: false, smt_duration: 0ns, smt_timed_out: false, nontrivial_perms: false, translate_duration: 178.918µs, normal_duration: 2.130742ms, stable_duration: 291.251604ms, unify_duration: 7.465µs, total_duration: 0ns })
./bird2/part6/student_club_1468.json	NotProvable(Stats { provable: false, panicked: false, complete_fragment: false, equiv_class_duration: 741.109217ms, equiv_class_timed_out: false, smt_duration: 0ns, smt_timed_out: false, nontrivial_perms: false, translate_duration: 736.8µs, normal_duration: 7.368777ms, stable_duration: 748.465546ms, unify_duration: 546ns, total_duration: 0ns })
Provable: 51 / 159
