#0: ./bird/part2/card_games_376.json
Trivially true!
Equivalence is provable for card_games_376.json
#1: ./bird/part2/card_games_380.json
Trivially true!
Equivalence is provable for card_games_380.json
#2: ./bird/part2/card_games_440.json
Trivially true!
Equivalence is provable for card_games_440.json
#3: ./bird/part2/card_games_491.json
Trivially true!
Equivalence is provable for card_games_491.json
#4: ./bird/part2/card_games_490.json
Trivially true!
Equivalence is provable for card_games_490.json
#5: ./bird/part2/card_games_374.json
Trivially true!
Equivalence is provable for card_games_374.json
#6: ./bird/part2/card_games_419.json
Trivially true!
Equivalence is provable for card_games_419.json
#7: ./bird/part2/card_games_493.json
Equivalence is not provable for card_games_493.json
#8: ./bird/part2/card_games_461.json
Trivially true!
Equivalence is provable for card_games_461.json
#9: ./bird/part2/card_games_494.json
Trivially true!
Equivalence is provable for card_games_494.json
#10: ./bird/part2/card_games_381.json
Equivalence is not provable for card_games_381.json
#11: ./bird/part2/card_games_453.json
Equivalence is not provable for card_games_453.json
#12: ./bird/part2/card_games_436.json
Equivalence is not provable for card_games_436.json
#13: ./bird/part2/card_games_492.json
Trivially true!
Equivalence is provable for card_games_492.json
#14: ./bird/part2/card_games_377.json
Equivalence is not provable for card_games_377.json
#15: ./bird/part2/card_games_437.json
Equivalence is not provable for card_games_437.json
#16: ./bird/part2/card_games_458.json
Equivalence is not provable for card_games_458.json
#17: ./bird/part2/card_games_356.json
Equivalence is not provable for card_games_356.json
#18: ./bird/part2/card_games_373.json
Equivalence is not provable for card_games_373.json
#19: ./bird/part2/card_games_510.json
Trivially true!
Equivalence is provable for card_games_510.json
#20: ./bird/part2/card_games_358.json
Equivalence is not provable for card_games_358.json
#21: ./bird/part2/card_games_457.json
Equivalence is not provable for card_games_457.json
#22: ./bird/part2/card_games_355.json
Equivalence is not provable for card_games_355.json
#23: ./bird/part2/card_games_379.json
Equivalence is provable for card_games_379.json
#24: ./bird/part2/card_games_427.json
Equivalence is not provable for card_games_427.json
#25: ./bird/part2/card_games_525.json
Equivalence is provable for card_games_525.json
#26: ./bird/part2/card_games_509.json
Trivially true!
Equivalence is provable for card_games_509.json
#27: ./bird/part2/card_games_489.json
Equivalence is not provable for card_games_489.json
#28: ./bird/part2/card_games_454.json
Equivalence is not provable for card_games_454.json
#29: ./bird/part2/card_games_343.json
Equivalence is not provable for card_games_343.json
#30: ./bird/part2/card_games_424.json
Trivially true!
Equivalence is provable for card_games_424.json
#31: ./bird/part2/card_games_420.json
Equivalence is provable for card_games_420.json
#32: ./bird/part2/card_games_375.json
Equivalence is provable for card_games_375.json
#33: ./bird/part2/card_games_378.json
Trivially true!
Equivalence is provable for card_games_378.json
#34: ./bird/part2/card_games_456.json
Equivalence is not provable for card_games_456.json
#35: ./bird/part2/card_games_527.json
Trivially true!
Equivalence is provable for card_games_527.json
#36: ./bird/part2/card_games_511.json
Trivially true!
Equivalence is provable for card_games_511.json
#37: ./bird/part2/card_games_363.json
Trivially true!
Equivalence is provable for card_games_363.json
#38: ./bird/part2/card_games_496.json
Equivalence is provable for card_games_496.json
#39: ./bird/part2/card_games_367.json
Trivially true!
Equivalence is provable for card_games_367.json
#40: ./bird/part2/card_games_386.json
Trivially true!
Equivalence is provable for card_games_386.json
#41: ./bird/part2/card_games_366.json
Equivalence is not provable for card_games_366.json
#42: ./bird/part2/card_games_514.json
Trivially true!
Equivalence is provable for card_games_514.json
#43: ./bird/part2/card_games_462.json
Equivalence is not provable for card_games_462.json
#44: ./bird/part2/card_games_421.json
Trivially true!
Equivalence is provable for card_games_421.json
#45: ./bird/part2/card_games_471.json
Equivalence is not provable for card_games_471.json
#46: ./bird/part2/card_games_438.json
Equivalence is not provable for card_games_438.json
#47: ./bird/part2/card_games_365.json
Equivalence is not provable for card_games_365.json
#48: ./bird/part2/card_games_341.json
Equivalence is not provable for card_games_341.json
#49: ./bird/part2/card_games_400.json
Equivalence is not provable for card_games_400.json
#50: ./bird/part2/card_games_399.json
Equivalence is not provable for card_games_399.json
#51: ./bird/part2/card_games_459.json
Equivalence is not provable for card_games_459.json
#52: ./bird/part2/card_games_395.json
Equivalence is not provable for card_games_395.json
#53: ./bird/part2/card_games_344.json
Equivalence is not provable for card_games_344.json
#54: ./bird/part2/card_games_426.json
Equivalence is not provable for card_games_426.json
#55: ./bird/part2/card_games_397.json
Equivalence is not provable for card_games_397.json
#56: ./bird/part2/card_games_452.json
Equivalence is not provable for card_games_452.json
#57: ./bird/part2/card_games_526.json
Equivalence is not provable for card_games_526.json
#58: ./bird/part2/card_games_474.json
Equivalence is not provable for card_games_474.json
#59: ./bird/part2/card_games_412.json
Equivalence is not provable for card_games_412.json
#60: ./bird/part2/card_games_451.json
Equivalence is not provable for card_games_451.json
#61: ./bird/part2/card_games_349.json
Trivially true!
Equivalence is provable for card_games_349.json
#62: ./bird/part2/card_games_443.json
Equivalence is not provable for card_games_443.json
#63: ./bird/part2/card_games_391.json
Trivially true!
Equivalence is provable for card_games_391.json
#64: ./bird/part2/card_games_342.json
Equivalence is not provable for card_games_342.json
#65: ./bird/part2/card_games_479.json
Equivalence is not provable for card_games_479.json
#66: ./bird/part2/card_games_470.json
Equivalence is not provable for card_games_470.json
#67: ./bird/part2/card_games_384.json
Trivially true!
Equivalence is provable for card_games_384.json
#68: ./bird/part2/card_games_396.json
Equivalence is not provable for card_games_396.json
#69: ./bird/part2/card_games_445.json
Equivalence is not provable for card_games_445.json
#70: ./bird/part2/card_games_460.json
Trivially true!
Equivalence is provable for card_games_460.json
#71: ./bird/part2/card_games_449.json
Equivalence is not provable for card_games_449.json
#72: ./bird/part2/card_games_388.json
Equivalence is not provable for card_games_388.json
#73: ./bird/part2/card_games_495.json
Equivalence is not provable for card_games_495.json
#74: ./bird/part2/card_games_348.json
Equivalence is not provable for card_games_348.json
#75: ./bird/part2/card_games_523.json
Equivalence is not provable for card_games_523.json
#76: ./bird/part2/card_games_369.json
Trivially true!
Equivalence is provable for card_games_369.json
#77: ./bird/part2/card_games_407.json
Equivalence is not provable for card_games_407.json
#78: ./bird/part2/card_games_531.json
Equivalence is not provable for card_games_531.json
#79: ./bird/part2/card_games_502.json
Equivalence is provable for card_games_502.json
#80: ./bird/part2/card_games_362.json
Equivalence is not provable for card_games_362.json
#81: ./bird/part2/card_games_398.json
Equivalence is not provable for card_games_398.json
#82: ./bird/part2/card_games_505.json
Equivalence is not provable for card_games_505.json
#83: ./bird/part2/card_games_512.json
Equivalence is provable for card_games_512.json
#84: ./bird/part2/card_games_518.json
Equivalence is provable for card_games_518.json
#85: ./bird/part2/card_games_364.json
Equivalence is not provable for card_games_364.json
#86: ./bird/part2/card_games_504.json
Equivalence is not provable for card_games_504.json
#87: ./bird/part2/card_games_411.json
Equivalence is not provable for card_games_411.json
#88: ./bird/part2/card_games_425.json
Equivalence is not provable for card_games_425.json
#89: ./bird/part2/card_games_346.json
Equivalence is not provable for card_games_346.json
#90: ./bird/part2/card_games_476.json
Equivalence is not provable for card_games_476.json
#91: ./bird/part2/card_games_477.json
Equivalence is not provable for card_games_477.json
#92: ./bird/part2/card_games_345.json
Equivalence is not provable for card_games_345.json
#93: ./bird/part2/card_games_410.json
Equivalence is not provable for card_games_410.json
#94: ./bird/part2/card_games_403.json
Equivalence is not provable for card_games_403.json
#95: ./bird/part2/card_games_478.json
Equivalence is not provable for card_games_478.json
#96: ./bird/part2/card_games_529.json
Equivalence is not provable for card_games_529.json
#97: ./bird/part2/card_games_487.json
Equivalence is provable for card_games_487.json
#98: ./bird/part2/card_games_416.json
Equivalence is not provable for card_games_416.json
#99: ./bird/part2/card_games_447.json
Equivalence is not provable for card_games_447.json
#100: ./bird/part2/card_games_488.json
Equivalence is not provable for card_games_488.json
#101: ./bird/part2/card_games_402.json
Equivalence is not provable for card_games_402.json


STATISTICS
./bird/part2/card_games_341.json	NotProvable(Stats { provable: false, panicked: false, complete_fragment: true, equiv_class_duration: 150.205126ms, equiv_class_timed_out: false, smt_duration: 0ns, smt_timed_out: false, nontrivial_perms: false, translate_duration: 148.427µs, normal_duration: 1.536061ms, stable_duration: 153.046026ms, unify_duration: 303ns, total_duration: 0ns })
./bird/part2/card_games_342.json	NotProvable(Stats { provable: false, panicked: false, complete_fragment: true, equiv_class_duration: 456.483965ms, equiv_class_timed_out: false, smt_duration: 0ns, smt_timed_out: false, nontrivial_perms: false, translate_duration: 318.257µs, normal_duration: 2.847364ms, stable_duration: 460.494067ms, unify_duration: 985ns, total_duration: 0ns })
./bird/part2/card_games_343.json	NotProvable(Stats { provable: false, panicked: false, complete_fragment: false, equiv_class_duration: 103.489293ms, equiv_class_timed_out: false, smt_duration: 0ns, smt_timed_out: false, nontrivial_perms: false, translate_duration: 207.592µs, normal_duration: 57.517778ms, stable_duration: 110.47144ms, unify_duration: 14.531µs, total_duration: 0ns })
./bird/part2/card_games_344.json	NotProvable(Stats { provable: false, panicked: false, complete_fragment: true, equiv_class_duration: 79.876344ms, equiv_class_timed_out: false, smt_duration: 0ns, smt_timed_out: false, nontrivial_perms: false, translate_duration: 225.094µs, normal_duration: 2.17204ms, stable_duration: 83.2381ms, unify_duration: 389ns, total_duration: 0ns })
./bird/part2/card_games_345.json	NotProvable(Stats { provable: false, panicked: false, complete_fragment: false, equiv_class_duration: 1.591200433s, equiv_class_timed_out: false, smt_duration: 0ns, smt_timed_out: false, nontrivial_perms: false, translate_duration: 406.766µs, normal_duration: 2.675656ms, stable_duration: 1.596571262s, unify_duration: 586ns, total_duration: 0ns })
./bird/part2/card_games_346.json	NotProvable(Stats { provable: false, panicked: false, complete_fragment: false, equiv_class_duration: 2.207426918s, equiv_class_timed_out: false, smt_duration: 0ns, smt_timed_out: false, nontrivial_perms: false, translate_duration: 430.653µs, normal_duration: 2.884714ms, stable_duration: 2.213240921s, unify_duration: 839ns, total_duration: 0ns })
./bird/part2/card_games_348.json	NotProvable(Stats { provable: false, panicked: false, complete_fragment: true, equiv_class_duration: 767.991102ms, equiv_class_timed_out: false, smt_duration: 0ns, smt_timed_out: false, nontrivial_perms: false, translate_duration: 230.691µs, normal_duration: 2.244216ms, stable_duration: 772.233668ms, unify_duration: 742ns, total_duration: 0ns })
./bird/part2/card_games_349.json	Provable(Stats { provable: false, panicked: false, complete_fragment: true, equiv_class_duration: 0ns, equiv_class_timed_out: false, smt_duration: 0ns, smt_timed_out: false, nontrivial_perms: false, translate_duration: 0ns, normal_duration: 0ns, stable_duration: 0ns, unify_duration: 0ns, total_duration: 0ns })
./bird/part2/card_games_355.json	NotProvable(Stats { provable: false, panicked: false, complete_fragment: false, equiv_class_duration: 213.456389ms, equiv_class_timed_out: false, smt_duration: 52.803964ms, smt_timed_out: false, nontrivial_perms: false, translate_duration: 373.161µs, normal_duration: 3.815593ms, stable_duration: 219.78848ms, unify_duration: 52.984212ms, total_duration: 0ns })
./bird/part2/card_games_356.json	NotProvable(Stats { provable: false, panicked: false, complete_fragment: false, equiv_class_duration: 96.733421ms, equiv_class_timed_out: false, smt_duration: 47.293599ms, smt_timed_out: false, nontrivial_perms: false, translate_duration: 137.409µs, normal_duration: 1.731445ms, stable_duration: 100.702891ms, unify_duration: 47.457204ms, total_duration: 0ns })
./bird/part2/card_games_358.json	NotProvable(Stats { provable: false, panicked: false, complete_fragment: true, equiv_class_duration: 82.77308ms, equiv_class_timed_out: false, smt_duration: 52.609159ms, smt_timed_out: false, nontrivial_perms: false, translate_duration: 133.522µs, normal_duration: 1.430203ms, stable_duration: 86.072431ms, unify_duration: 52.77294ms, total_duration: 0ns })
./bird/part2/card_games_362.json	NotProvable(Stats { provable: false, panicked: false, complete_fragment: false, equiv_class_duration: 265.491247ms, equiv_class_timed_out: false, smt_duration: 58.606463ms, smt_timed_out: false, nontrivial_perms: false, translate_duration: 424.661µs, normal_duration: 4.800542ms, stable_duration: 273.096266ms, unify_duration: 58.977125ms, total_duration: 0ns })
./bird/part2/card_games_363.json	Provable(Stats { provable: false, panicked: false, complete_fragment: true, equiv_class_duration: 0ns, equiv_class_timed_out: false, smt_duration: 0ns, smt_timed_out: false, nontrivial_perms: false, translate_duration: 0ns, normal_duration: 0ns, stable_duration: 0ns, unify_duration: 0ns, total_duration: 0ns })
./bird/part2/card_games_364.json	NotProvable(Stats { provable: false, panicked: false, complete_fragment: false, equiv_class_duration: 649.506081ms, equiv_class_timed_out: false, smt_duration: 340.389666ms, smt_timed_out: false, nontrivial_perms: false, translate_duration: 573.039µs, normal_duration: 5.493002ms, stable_duration: 658.696067ms, unify_duration: 340.985109ms, total_duration: 0ns })
./bird/part2/card_games_365.json	NotProvable(Stats { provable: false, panicked: false, complete_fragment: false, equiv_class_duration: 227.122012ms, equiv_class_timed_out: false, smt_duration: 0ns, smt_timed_out: false, nontrivial_perms: false, translate_duration: 262.962µs, normal_duration: 3.435661ms, stable_duration: 231.356937ms, unify_duration: 7.736µs, total_duration: 0ns })
./bird/part2/card_games_366.json	NotProvable(Stats { provable: false, panicked: false, complete_fragment: false, equiv_class_duration: 252.008527ms, equiv_class_timed_out: false, smt_duration: 0ns, smt_timed_out: false, nontrivial_perms: false, translate_duration: 148.389µs, normal_duration: 1.918345ms, stable_duration: 255.997147ms, unify_duration: 7.734µs, total_duration: 0ns })
./bird/part2/card_games_367.json	Provable(Stats { provable: false, panicked: false, complete_fragment: true, equiv_class_duration: 0ns, equiv_class_timed_out: false, smt_duration: 0ns, smt_timed_out: false, nontrivial_perms: false, translate_duration: 0ns, normal_duration: 0ns, stable_duration: 0ns, unify_duration: 0ns, total_duration: 0ns })
./bird/part2/card_games_369.json	Provable(Stats { provable: false, panicked: false, complete_fragment: false, equiv_class_duration: 0ns, equiv_class_timed_out: false, smt_duration: 0ns, smt_timed_out: false, nontrivial_perms: false, translate_duration: 0ns, normal_duration: 0ns, stable_duration: 0ns, unify_duration: 0ns, total_duration: 0ns })
./bird/part2/card_games_373.json	NotProvable(Stats { provable: false, panicked: false, complete_fragment: false, equiv_class_duration: 46.373382ms, equiv_class_timed_out: false, smt_duration: 47.07114ms, smt_timed_out: false, nontrivial_perms: false, translate_duration: 226.295µs, normal_duration: 3.155579ms, stable_duration: 51.132571ms, unify_duration: 47.259352ms, total_duration: 0ns })
./bird/part2/card_games_374.json	Provable(Stats { provable: false, panicked: false, complete_fragment: true, equiv_class_duration: 0ns, equiv_class_timed_out: false, smt_duration: 0ns, smt_timed_out: false, nontrivial_perms: false, translate_duration: 0ns, normal_duration: 0ns, stable_duration: 0ns, unify_duration: 0ns, total_duration: 0ns })
./bird/part2/card_games_375.json	Provable(Stats { provable: false, panicked: false, complete_fragment: false, equiv_class_duration: 184.289047ms, equiv_class_timed_out: false, smt_duration: 115.641262ms, smt_timed_out: false, nontrivial_perms: false, translate_duration: 338.106µs, normal_duration: 4.090777ms, stable_duration: 190.66746ms, unify_duration: 118.229742ms, total_duration: 0ns })
./bird/part2/card_games_376.json	Provable(Stats { provable: false, panicked: false, complete_fragment: true, equiv_class_duration: 0ns, equiv_class_timed_out: false, smt_duration: 0ns, smt_timed_out: false, nontrivial_perms: false, translate_duration: 0ns, normal_duration: 0ns, stable_duration: 0ns, unify_duration: 0ns, total_duration: 0ns })
./bird/part2/card_games_377.json	NotProvable(Stats { provable: false, panicked: false, complete_fragment: false, equiv_class_duration: 57.588386ms, equiv_class_timed_out: false, smt_duration: 48.462251ms, smt_timed_out: false, nontrivial_perms: false, translate_duration: 131.181µs, normal_duration: 2.091481ms, stable_duration: 61.48832ms, unify_duration: 48.655844ms, total_duration: 0ns })
./bird/part2/card_games_378.json	Provable(Stats { provable: false, panicked: false, complete_fragment: false, equiv_class_duration: 0ns, equiv_class_timed_out: false, smt_duration: 0ns, smt_timed_out: false, nontrivial_perms: false, translate_duration: 0ns, normal_duration: 0ns, stable_duration: 0ns, unify_duration: 0ns, total_duration: 0ns })
./bird/part2/card_games_379.json	Provable(Stats { provable: false, panicked: false, complete_fragment: true, equiv_class_duration: 39.728575ms, equiv_class_timed_out: false, smt_duration: 43.922474ms, smt_timed_out: false, nontrivial_perms: false, translate_duration: 154.226µs, normal_duration: 1.588815ms, stable_duration: 42.543142ms, unify_duration: 44.090955ms, total_duration: 0ns })
./bird/part2/card_games_380.json	Provable(Stats { provable: false, panicked: false, complete_fragment: true, equiv_class_duration: 0ns, equiv_class_timed_out: false, smt_duration: 0ns, smt_timed_out: false, nontrivial_perms: false, translate_duration: 0ns, normal_duration: 0ns, stable_duration: 0ns, unify_duration: 0ns, total_duration: 0ns })
./bird/part2/card_games_381.json	NotProvable(Stats { provable: false, panicked: false, complete_fragment: true, equiv_class_duration: 21.158192ms, equiv_class_timed_out: false, smt_duration: 0ns, smt_timed_out: false, nontrivial_perms: false, translate_duration: 167.365µs, normal_duration: 1.441769ms, stable_duration: 24.196977ms, unify_duration: 8.846µs, total_duration: 0ns })
./bird/part2/card_games_384.json	Provable(Stats { provable: false, panicked: false, complete_fragment: false, equiv_class_duration: 0ns, equiv_class_timed_out: false, smt_duration: 0ns, smt_timed_out: false, nontrivial_perms: false, translate_duration: 0ns, normal_duration: 0ns, stable_duration: 0ns, unify_duration: 0ns, total_duration: 0ns })
./bird/part2/card_games_386.json	Provable(Stats { provable: false, panicked: false, complete_fragment: true, equiv_class_duration: 0ns, equiv_class_timed_out: false, smt_duration: 0ns, smt_timed_out: false, nontrivial_perms: false, translate_duration: 0ns, normal_duration: 0ns, stable_duration: 0ns, unify_duration: 0ns, total_duration: 0ns })
./bird/part2/card_games_388.json	NotProvable(Stats { provable: false, panicked: false, complete_fragment: false, equiv_class_duration: 341.589912ms, equiv_class_timed_out: false, smt_duration: 0ns, smt_timed_out: false, nontrivial_perms: false, translate_duration: 232.074µs, normal_duration: 2.492258ms, stable_duration: 345.744721ms, unify_duration: 543ns, total_duration: 0ns })
./bird/part2/card_games_391.json	Provable(Stats { provable: false, panicked: false, complete_fragment: true, equiv_class_duration: 0ns, equiv_class_timed_out: false, smt_duration: 0ns, smt_timed_out: false, nontrivial_perms: false, translate_duration: 0ns, normal_duration: 0ns, stable_duration: 0ns, unify_duration: 0ns, total_duration: 0ns })
./bird/part2/card_games_395.json	NotProvable(Stats { provable: false, panicked: false, complete_fragment: false, equiv_class_duration: 272.988807ms, equiv_class_timed_out: false, smt_duration: 57.759141ms, smt_timed_out: false, nontrivial_perms: false, translate_duration: 379.628µs, normal_duration: 2.896406ms, stable_duration: 278.839401ms, unify_duration: 58.363432ms, total_duration: 0ns })
./bird/part2/card_games_396.json	NotProvable(Stats { provable: false, panicked: false, complete_fragment: false, equiv_class_duration: 1.596457736s, equiv_class_timed_out: false, smt_duration: 113.851043ms, smt_timed_out: false, nontrivial_perms: false, translate_duration: 280.302µs, normal_duration: 2.544237ms, stable_duration: 1.604211134s, unify_duration: 117.782037ms, total_duration: 0ns })
./bird/part2/card_games_397.json	NotProvable(Stats { provable: false, panicked: false, complete_fragment: false, equiv_class_duration: 138.224923ms, equiv_class_timed_out: false, smt_duration: 56.40203ms, smt_timed_out: false, nontrivial_perms: false, translate_duration: 221.603µs, normal_duration: 2.460173ms, stable_duration: 143.875684ms, unify_duration: 56.686779ms, total_duration: 0ns })
./bird/part2/card_games_398.json	NotProvable(Stats { provable: false, panicked: false, complete_fragment: true, equiv_class_duration: 1.590383535s, equiv_class_timed_out: false, smt_duration: 0ns, smt_timed_out: false, nontrivial_perms: false, translate_duration: 241.922µs, normal_duration: 1.903426ms, stable_duration: 1.595124347s, unify_duration: 1.301µs, total_duration: 0ns })
./bird/part2/card_games_399.json	NotProvable(Stats { provable: false, panicked: false, complete_fragment: false, equiv_class_duration: 246.57579ms, equiv_class_timed_out: false, smt_duration: 132.997794ms, smt_timed_out: false, nontrivial_perms: false, translate_duration: 541.008µs, normal_duration: 4.640914ms, stable_duration: 252.832494ms, unify_duration: 135.528534ms, total_duration: 0ns })
./bird/part2/card_games_400.json	NotProvable(Stats { provable: false, panicked: false, complete_fragment: false, equiv_class_duration: 354.475652ms, equiv_class_timed_out: false, smt_duration: 53.417684ms, smt_timed_out: false, nontrivial_perms: false, translate_duration: 146.887µs, normal_duration: 1.641319ms, stable_duration: 358.503788ms, unify_duration: 53.628358ms, total_duration: 0ns })
./bird/part2/card_games_402.json	NotProvable(Stats { provable: false, panicked: false, complete_fragment: false, equiv_class_duration: 10.037652508s, equiv_class_timed_out: true, smt_duration: 0ns, smt_timed_out: false, nontrivial_perms: false, translate_duration: 1.885349ms, normal_duration: 22.650073ms, stable_duration: 10.058266098s, unify_duration: 7.448µs, total_duration: 0ns })
./bird/part2/card_games_403.json	NotProvable(Stats { provable: false, panicked: false, complete_fragment: false, equiv_class_duration: 10.004641346s, equiv_class_timed_out: true, smt_duration: 0ns, smt_timed_out: false, nontrivial_perms: false, translate_duration: 534.646µs, normal_duration: 5.894837ms, stable_duration: 10.010256901s, unify_duration: 445ns, total_duration: 0ns })
./bird/part2/card_games_407.json	NotProvable(Stats { provable: false, panicked: false, complete_fragment: true, equiv_class_duration: 194.634991ms, equiv_class_timed_out: false, smt_duration: 0ns, smt_timed_out: false, nontrivial_perms: false, translate_duration: 276.272µs, normal_duration: 3.017071ms, stable_duration: 198.462783ms, unify_duration: 7.577µs, total_duration: 0ns })
./bird/part2/card_games_410.json	NotProvable(Stats { provable: false, panicked: false, complete_fragment: false, equiv_class_duration: 1.493475416s, equiv_class_timed_out: false, smt_duration: 120.523989ms, smt_timed_out: false, nontrivial_perms: false, translate_duration: 561.06µs, normal_duration: 5.008442ms, stable_duration: 1.50210399s, unify_duration: 124.892503ms, total_duration: 0ns })
./bird/part2/card_games_411.json	NotProvable(Stats { provable: false, panicked: false, complete_fragment: false, equiv_class_duration: 1.432664128s, equiv_class_timed_out: false, smt_duration: 64.196014ms, smt_timed_out: false, nontrivial_perms: false, translate_duration: 330.018µs, normal_duration: 2.410398ms, stable_duration: 1.43743262s, unify_duration: 64.759417ms, total_duration: 0ns })
./bird/part2/card_games_412.json	NotProvable(Stats { provable: false, panicked: false, complete_fragment: false, equiv_class_duration: 543.843113ms, equiv_class_timed_out: false, smt_duration: 61.598096ms, smt_timed_out: false, nontrivial_perms: false, translate_duration: 212.544µs, normal_duration: 1.894992ms, stable_duration: 548.62199ms, unify_duration: 61.978827ms, total_duration: 0ns })
./bird/part2/card_games_416.json	NotProvable(Stats { provable: false, panicked: false, complete_fragment: false, equiv_class_duration: 3.255981782s, equiv_class_timed_out: false, smt_duration: 183.369813ms, smt_timed_out: false, nontrivial_perms: false, translate_duration: 760.527µs, normal_duration: 6.840329ms, stable_duration: 3.275795362s, unify_duration: 187.396943ms, total_duration: 0ns })
./bird/part2/card_games_419.json	Provable(Stats { provable: false, panicked: false, complete_fragment: true, equiv_class_duration: 0ns, equiv_class_timed_out: false, smt_duration: 0ns, smt_timed_out: false, nontrivial_perms: false, translate_duration: 0ns, normal_duration: 0ns, stable_duration: 0ns, unify_duration: 0ns, total_duration: 0ns })
./bird/part2/card_games_420.json	Provable(Stats { provable: false, panicked: false, complete_fragment: false, equiv_class_duration: 65.04695ms, equiv_class_timed_out: false, smt_duration: 122.718866ms, smt_timed_out: false, nontrivial_perms: false, translate_duration: 198.358µs, normal_duration: 2.328583ms, stable_duration: 70.49684ms, unify_duration: 125.347411ms, total_duration: 0ns })
./bird/part2/card_games_421.json	Provable(Stats { provable: false, panicked: false, complete_fragment: false, equiv_class_duration: 0ns, equiv_class_timed_out: false, smt_duration: 0ns, smt_timed_out: false, nontrivial_perms: false, translate_duration: 0ns, normal_duration: 0ns, stable_duration: 0ns, unify_duration: 0ns, total_duration: 0ns })
./bird/part2/card_games_424.json	Provable(Stats { provable: false, panicked: false, complete_fragment: false, equiv_class_duration: 0ns, equiv_class_timed_out: false, smt_duration: 0ns, smt_timed_out: false, nontrivial_perms: false, translate_duration: 0ns, normal_duration: 0ns, stable_duration: 0ns, unify_duration: 0ns, total_duration: 0ns })
./bird/part2/card_games_425.json	NotProvable(Stats { provable: false, panicked: false, complete_fragment: false, equiv_class_duration: 288.733261ms, equiv_class_timed_out: false, smt_duration: 213.357122ms, smt_timed_out: false, nontrivial_perms: false, translate_duration: 526.105µs, normal_duration: 5.463569ms, stable_duration: 304.210747ms, unify_duration: 214.933768ms, total_duration: 0ns })
./bird/part2/card_games_426.json	NotProvable(Stats { provable: false, panicked: false, complete_fragment: true, equiv_class_duration: 299.787051ms, equiv_class_timed_out: false, smt_duration: 0ns, smt_timed_out: false, nontrivial_perms: false, translate_duration: 156.979µs, normal_duration: 1.651409ms, stable_duration: 303.365842ms, unify_duration: 310ns, total_duration: 0ns })
./bird/part2/card_games_427.json	NotProvable(Stats { provable: false, panicked: false, complete_fragment: false, equiv_class_duration: 93.850062ms, equiv_class_timed_out: false, smt_duration: 156.27335ms, smt_timed_out: false, nontrivial_perms: false, translate_duration: 164.648µs, normal_duration: 1.969276ms, stable_duration: 97.161086ms, unify_duration: 156.620545ms, total_duration: 0ns })
./bird/part2/card_games_436.json	NotProvable(Stats { provable: false, panicked: false, complete_fragment: false, equiv_class_duration: 29.253528ms, equiv_class_timed_out: false, smt_duration: 55.747243ms, smt_timed_out: false, nontrivial_perms: false, translate_duration: 170.589µs, normal_duration: 2.221884ms, stable_duration: 33.351941ms, unify_duration: 55.942758ms, total_duration: 0ns })
./bird/part2/card_games_437.json	NotProvable(Stats { provable: false, panicked: false, complete_fragment: false, equiv_class_duration: 30.566908ms, equiv_class_timed_out: false, smt_duration: 52.355368ms, smt_timed_out: false, nontrivial_perms: false, translate_duration: 138.006µs, normal_duration: 2.036058ms, stable_duration: 34.346906ms, unify_duration: 52.510318ms, total_duration: 0ns })
./bird/part2/card_games_438.json	NotProvable(Stats { provable: false, panicked: false, complete_fragment: true, equiv_class_duration: 127.937962ms, equiv_class_timed_out: false, smt_duration: 0ns, smt_timed_out: false, nontrivial_perms: false, translate_duration: 152.703µs, normal_duration: 1.590604ms, stable_duration: 131.586922ms, unify_duration: 384ns, total_duration: 0ns })
./bird/part2/card_games_440.json	Provable(Stats { provable: false, panicked: false, complete_fragment: true, equiv_class_duration: 0ns, equiv_class_timed_out: false, smt_duration: 0ns, smt_timed_out: false, nontrivial_perms: false, translate_duration: 0ns, normal_duration: 0ns, stable_duration: 0ns, unify_duration: 0ns, total_duration: 0ns })
./bird/part2/card_games_443.json	NotProvable(Stats { provable: false, panicked: false, complete_fragment: false, equiv_class_duration: 343.435944ms, equiv_class_timed_out: false, smt_duration: 48.742578ms, smt_timed_out: false, nontrivial_perms: false, translate_duration: 260.312µs, normal_duration: 2.113356ms, stable_duration: 348.047238ms, unify_duration: 49.002679ms, total_duration: 0ns })
./bird/part2/card_games_445.json	NotProvable(Stats { provable: false, panicked: false, complete_fragment: false, equiv_class_duration: 832.167883ms, equiv_class_timed_out: false, smt_duration: 0ns, smt_timed_out: false, nontrivial_perms: false, translate_duration: 277.804µs, normal_duration: 2.753113ms, stable_duration: 836.769561ms, unify_duration: 11.562µs, total_duration: 0ns })
./bird/part2/card_games_447.json	NotProvable(Stats { provable: false, panicked: false, complete_fragment: false, equiv_class_duration: 1.925908692s, equiv_class_timed_out: false, smt_duration: 0ns, smt_timed_out: false, nontrivial_perms: false, translate_duration: 771.268µs, normal_duration: 8.433068ms, stable_duration: 1.945879548s, unify_duration: 774ns, total_duration: 0ns })
./bird/part2/card_games_449.json	NotProvable(Stats { provable: false, panicked: false, complete_fragment: false, equiv_class_duration: 698.44085ms, equiv_class_timed_out: false, smt_duration: 0ns, smt_timed_out: false, nontrivial_perms: false, translate_duration: 229.087µs, normal_duration: 2.568692ms, stable_duration: 702.774005ms, unify_duration: 10.508µs, total_duration: 0ns })
./bird/part2/card_games_451.json	NotProvable(Stats { provable: false, panicked: false, complete_fragment: false, equiv_class_duration: 501.965442ms, equiv_class_timed_out: false, smt_duration: 50.000798ms, smt_timed_out: false, nontrivial_perms: false, translate_duration: 339.793µs, normal_duration: 3.029016ms, stable_duration: 508.758971ms, unify_duration: 50.425016ms, total_duration: 0ns })
./bird/part2/card_games_452.json	NotProvable(Stats { provable: false, panicked: false, complete_fragment: false, equiv_class_duration: 106.205894ms, equiv_class_timed_out: false, smt_duration: 55.390289ms, smt_timed_out: false, nontrivial_perms: false, translate_duration: 267.921µs, normal_duration: 3.293542ms, stable_duration: 112.450113ms, unify_duration: 55.766994ms, total_duration: 0ns })
./bird/part2/card_games_453.json	NotProvable(Stats { provable: false, panicked: false, complete_fragment: false, equiv_class_duration: 20.662143ms, equiv_class_timed_out: false, smt_duration: 50.227522ms, smt_timed_out: false, nontrivial_perms: false, translate_duration: 99.615µs, normal_duration: 1.307022ms, stable_duration: 23.47002ms, unify_duration: 50.340723ms, total_duration: 0ns })
./bird/part2/card_games_454.json	NotProvable(Stats { provable: false, panicked: false, complete_fragment: false, equiv_class_duration: 131.245951ms, equiv_class_timed_out: false, smt_duration: 0ns, smt_timed_out: false, nontrivial_perms: false, translate_duration: 133.926µs, normal_duration: 1.74093ms, stable_duration: 135.320669ms, unify_duration: 335ns, total_duration: 0ns })
./bird/part2/card_games_456.json	NotProvable(Stats { provable: false, panicked: false, complete_fragment: false, equiv_class_duration: 80.34019ms, equiv_class_timed_out: false, smt_duration: 0ns, smt_timed_out: false, nontrivial_perms: false, translate_duration: 261.497µs, normal_duration: 2.490677ms, stable_duration: 83.643026ms, unify_duration: 7.888µs, total_duration: 0ns })
./bird/part2/card_games_457.json	NotProvable(Stats { provable: false, panicked: false, complete_fragment: false, equiv_class_duration: 245.017165ms, equiv_class_timed_out: false, smt_duration: 53.916446ms, smt_timed_out: false, nontrivial_perms: false, translate_duration: 173.72µs, normal_duration: 2.024655ms, stable_duration: 249.152671ms, unify_duration: 54.094842ms, total_duration: 0ns })
./bird/part2/card_games_458.json	NotProvable(Stats { provable: false, panicked: false, complete_fragment: false, equiv_class_duration: 88.212684ms, equiv_class_timed_out: false, smt_duration: 50.543803ms, smt_timed_out: false, nontrivial_perms: false, translate_duration: 169.343µs, normal_duration: 5.506528ms, stable_duration: 92.070801ms, unify_duration: 50.6927ms, total_duration: 0ns })
./bird/part2/card_games_459.json	NotProvable(Stats { provable: false, panicked: false, complete_fragment: false, equiv_class_duration: 370.868386ms, equiv_class_timed_out: false, smt_duration: 109.151656ms, smt_timed_out: false, nontrivial_perms: false, translate_duration: 561.029µs, normal_duration: 5.073281ms, stable_duration: 377.841706ms, unify_duration: 111.825749ms, total_duration: 0ns })
./bird/part2/card_games_460.json	Provable(Stats { provable: false, panicked: false, complete_fragment: false, equiv_class_duration: 0ns, equiv_class_timed_out: false, smt_duration: 0ns, smt_timed_out: false, nontrivial_perms: false, translate_duration: 0ns, normal_duration: 0ns, stable_duration: 0ns, unify_duration: 0ns, total_duration: 0ns })
./bird/part2/card_games_461.json	Provable(Stats { provable: false, panicked: false, complete_fragment: true, equiv_class_duration: 0ns, equiv_class_timed_out: false, smt_duration: 0ns, smt_timed_out: false, nontrivial_perms: false, translate_duration: 0ns, normal_duration: 0ns, stable_duration: 0ns, unify_duration: 0ns, total_duration: 0ns })
./bird/part2/card_games_462.json	NotProvable(Stats { provable: false, panicked: false, complete_fragment: false, equiv_class_duration: 70.833828ms, equiv_class_timed_out: false, smt_duration: 164.644911ms, smt_timed_out: false, nontrivial_perms: false, translate_duration: 127.765µs, normal_duration: 1.614737ms, stable_duration: 74.286761ms, unify_duration: 165.088478ms, total_duration: 0ns })
./bird/part2/card_games_470.json	NotProvable(Stats { provable: false, panicked: false, complete_fragment: true, equiv_class_duration: 339.962746ms, equiv_class_timed_out: false, smt_duration: 0ns, smt_timed_out: false, nontrivial_perms: false, translate_duration: 181.528µs, normal_duration: 1.943466ms, stable_duration: 343.584096ms, unify_duration: 8.066µs, total_duration: 0ns })
./bird/part2/card_games_471.json	NotProvable(Stats { provable: false, panicked: false, complete_fragment: false, equiv_class_duration: 96.944622ms, equiv_class_timed_out: false, smt_duration: 0ns, smt_timed_out: false, nontrivial_perms: false, translate_duration: 319.165µs, normal_duration: 3.653052ms, stable_duration: 101.42972ms, unify_duration: 7.607µs, total_duration: 0ns })
./bird/part2/card_games_474.json	NotProvable(Stats { provable: false, panicked: false, complete_fragment: true, equiv_class_duration: 142.893192ms, equiv_class_timed_out: false, smt_duration: 0ns, smt_timed_out: false, nontrivial_perms: false, translate_duration: 255.765µs, normal_duration: 2.443134ms, stable_duration: 146.891846ms, unify_duration: 389ns, total_duration: 0ns })
./bird/part2/card_games_476.json	NotProvable(Stats { provable: false, panicked: false, complete_fragment: false, equiv_class_duration: 58.675994325s, equiv_class_timed_out: false, smt_duration: 58.61815ms, smt_timed_out: false, nontrivial_perms: false, translate_duration: 659.015µs, normal_duration: 7.606796ms, stable_duration: 58.700082009s, unify_duration: 59.693803ms, total_duration: 0ns })
./bird/part2/card_games_477.json	NotProvable(Stats { provable: false, panicked: false, complete_fragment: false, equiv_class_duration: 6.488305262s, equiv_class_timed_out: false, smt_duration: 173.509059ms, smt_timed_out: false, nontrivial_perms: false, translate_duration: 684.218µs, normal_duration: 13.389605413s, stable_duration: 6.495937029s, unify_duration: 174.153886ms, total_duration: 0ns })
./bird/part2/card_games_478.json	NotProvable(Stats { provable: false, panicked: false, complete_fragment: false, equiv_class_duration: 1.092750558s, equiv_class_timed_out: false, smt_duration: 57.271378ms, smt_timed_out: false, nontrivial_perms: false, translate_duration: 324.188µs, normal_duration: 2.213608ms, stable_duration: 1.098416572s, unify_duration: 57.587904ms, total_duration: 0ns })
./bird/part2/card_games_479.json	NotProvable(Stats { provable: false, panicked: false, complete_fragment: true, equiv_class_duration: 320.309365ms, equiv_class_timed_out: false, smt_duration: 0ns, smt_timed_out: false, nontrivial_perms: false, translate_duration: 197.214µs, normal_duration: 2.009048ms, stable_duration: 324.502137ms, unify_duration: 9.339µs, total_duration: 0ns })
./bird/part2/card_games_487.json	Provable(Stats { provable: false, panicked: false, complete_fragment: false, equiv_class_duration: 701.206374ms, equiv_class_timed_out: false, smt_duration: 0ns, smt_timed_out: false, nontrivial_perms: false, translate_duration: 648.823µs, normal_duration: 7.122935ms, stable_duration: 719.301538ms, unify_duration: 0ns, total_duration: 0ns })
./bird/part2/card_games_488.json	NotProvable(Stats { provable: false, panicked: false, complete_fragment: false, equiv_class_duration: 7.381689273s, equiv_class_timed_out: false, smt_duration: 242.40005ms, smt_timed_out: false, nontrivial_perms: false, translate_duration: 728.249µs, normal_duration: 8.027697ms, stable_duration: 7.40771158s, unify_duration: 247.342284ms, total_duration: 0ns })
./bird/part2/card_games_489.json	NotProvable(Stats { provable: false, panicked: false, complete_fragment: false, equiv_class_duration: 27.826648ms, equiv_class_timed_out: false, smt_duration: 47.414022ms, smt_timed_out: false, nontrivial_perms: false, translate_duration: 165.165µs, normal_duration: 1.913255ms, stable_duration: 31.605146ms, unify_duration: 47.593499ms, total_duration: 0ns })
./bird/part2/card_games_490.json	Provable(Stats { provable: false, panicked: false, complete_fragment: true, equiv_class_duration: 0ns, equiv_class_timed_out: false, smt_duration: 0ns, smt_timed_out: false, nontrivial_perms: false, translate_duration: 0ns, normal_duration: 0ns, stable_duration: 0ns, unify_duration: 0ns, total_duration: 0ns })
./bird/part2/card_games_491.json	Provable(Stats { provable: false, panicked: false, complete_fragment: true, equiv_class_duration: 0ns, equiv_class_timed_out: false, smt_duration: 0ns, smt_timed_out: false, nontrivial_perms: false, translate_duration: 0ns, normal_duration: 0ns, stable_duration: 0ns, unify_duration: 0ns, total_duration: 0ns })
./bird/part2/card_games_492.json	Provable(Stats { provable: false, panicked: false, complete_fragment: true, equiv_class_duration: 0ns, equiv_class_timed_out: false, smt_duration: 0ns, smt_timed_out: false, nontrivial_perms: false, translate_duration: 0ns, normal_duration: 0ns, stable_duration: 0ns, unify_duration: 0ns, total_duration: 0ns })
./bird/part2/card_games_493.json	NotProvable(Stats { provable: false, panicked: false, complete_fragment: true, equiv_class_duration: 42.107504ms, equiv_class_timed_out: false, smt_duration: 53.540848ms, smt_timed_out: false, nontrivial_perms: false, translate_duration: 400.68µs, normal_duration: 2.819653ms, stable_duration: 46.123962ms, unify_duration: 53.753073ms, total_duration: 0ns })
./bird/part2/card_games_494.json	Provable(Stats { provable: false, panicked: false, complete_fragment: true, equiv_class_duration: 0ns, equiv_class_timed_out: false, smt_duration: 0ns, smt_timed_out: false, nontrivial_perms: false, translate_duration: 0ns, normal_duration: 0ns, stable_duration: 0ns, unify_duration: 0ns, total_duration: 0ns })
./bird/part2/card_games_495.json	NotProvable(Stats { provable: false, panicked: false, complete_fragment: true, equiv_class_duration: 705.596525ms, equiv_class_timed_out: false, smt_duration: 0ns, smt_timed_out: false, nontrivial_perms: false, translate_duration: 204.55µs, normal_duration: 1.866506ms, stable_duration: 709.538543ms, unify_duration: 1.049µs, total_duration: 0ns })
./bird/part2/card_games_496.json	Provable(Stats { provable: false, panicked: false, complete_fragment: true, equiv_class_duration: 82.451613ms, equiv_class_timed_out: false, smt_duration: 0ns, smt_timed_out: false, nontrivial_perms: false, translate_duration: 146.397µs, normal_duration: 1.812625ms, stable_duration: 85.851177ms, unify_duration: 0ns, total_duration: 0ns })
./bird/part2/card_games_502.json	Provable(Stats { provable: false, panicked: false, complete_fragment: false, equiv_class_duration: 233.194062ms, equiv_class_timed_out: false, smt_duration: 0ns, smt_timed_out: false, nontrivial_perms: false, translate_duration: 293.027µs, normal_duration: 497.516767ms, stable_duration: 237.662417ms, unify_duration: 0ns, total_duration: 0ns })
./bird/part2/card_games_504.json	NotProvable(Stats { provable: false, panicked: false, complete_fragment: false, equiv_class_duration: 10.044563563s, equiv_class_timed_out: true, smt_duration: 0ns, smt_timed_out: false, nontrivial_perms: false, translate_duration: 933.926µs, normal_duration: 10.018116ms, stable_duration: 10.052432509s, unify_duration: 9.197µs, total_duration: 0ns })
./bird/part2/card_games_505.json	NotProvable(Stats { provable: false, panicked: false, complete_fragment: false, equiv_class_duration: 17.365552948s, equiv_class_timed_out: false, smt_duration: 243.968021ms, smt_timed_out: false, nontrivial_perms: false, translate_duration: 590.244µs, normal_duration: 6.891313ms, stable_duration: 17.380612886s, unify_duration: 244.994719ms, total_duration: 0ns })
./bird/part2/card_games_509.json	Provable(Stats { provable: false, panicked: false, complete_fragment: true, equiv_class_duration: 0ns, equiv_class_timed_out: false, smt_duration: 0ns, smt_timed_out: false, nontrivial_perms: false, translate_duration: 0ns, normal_duration: 0ns, stable_duration: 0ns, unify_duration: 0ns, total_duration: 0ns })
./bird/part2/card_games_510.json	Provable(Stats { provable: false, panicked: false, complete_fragment: false, equiv_class_duration: 0ns, equiv_class_timed_out: false, smt_duration: 0ns, smt_timed_out: false, nontrivial_perms: false, translate_duration: 0ns, normal_duration: 0ns, stable_duration: 0ns, unify_duration: 0ns, total_duration: 0ns })
./bird/part2/card_games_511.json	Provable(Stats { provable: false, panicked: false, complete_fragment: false, equiv_class_duration: 0ns, equiv_class_timed_out: false, smt_duration: 0ns, smt_timed_out: false, nontrivial_perms: false, translate_duration: 0ns, normal_duration: 0ns, stable_duration: 0ns, unify_duration: 0ns, total_duration: 0ns })
./bird/part2/card_games_512.json	Provable(Stats { provable: false, panicked: false, complete_fragment: false, equiv_class_duration: 256.682142ms, equiv_class_timed_out: false, smt_duration: 259.881136ms, smt_timed_out: false, nontrivial_perms: false, translate_duration: 472.467µs, normal_duration: 791.400213ms, stable_duration: 261.901458ms, unify_duration: 261.550174ms, total_duration: 0ns })
./bird/part2/card_games_514.json	Provable(Stats { provable: false, panicked: false, complete_fragment: false, equiv_class_duration: 0ns, equiv_class_timed_out: false, smt_duration: 0ns, smt_timed_out: false, nontrivial_perms: false, translate_duration: 0ns, normal_duration: 0ns, stable_duration: 0ns, unify_duration: 0ns, total_duration: 0ns })
./bird/part2/card_games_518.json	Provable(Stats { provable: false, panicked: false, complete_fragment: false, equiv_class_duration: 1.718958487s, equiv_class_timed_out: false, smt_duration: 0ns, smt_timed_out: false, nontrivial_perms: false, translate_duration: 563.263µs, normal_duration: 5.807029ms, stable_duration: 1.72819578s, unify_duration: 0ns, total_duration: 0ns })
./bird/part2/card_games_523.json	NotProvable(Stats { provable: false, panicked: false, complete_fragment: false, equiv_class_duration: 600.837347ms, equiv_class_timed_out: false, smt_duration: 53.643819ms, smt_timed_out: false, nontrivial_perms: false, translate_duration: 252.753µs, normal_duration: 2.164812ms, stable_duration: 604.925822ms, unify_duration: 53.880518ms, total_duration: 0ns })
./bird/part2/card_games_525.json	Provable(Stats { provable: false, panicked: false, complete_fragment: true, equiv_class_duration: 276.515111ms, equiv_class_timed_out: false, smt_duration: 41.869701ms, smt_timed_out: false, nontrivial_perms: false, translate_duration: 226.022µs, normal_duration: 1.64252ms, stable_duration: 279.756381ms, unify_duration: 42.07654ms, total_duration: 0ns })
./bird/part2/card_games_526.json	NotProvable(Stats { provable: false, panicked: false, complete_fragment: true, equiv_class_duration: 513.14465ms, equiv_class_timed_out: false, smt_duration: 58.149906ms, smt_timed_out: false, nontrivial_perms: false, translate_duration: 200.516µs, normal_duration: 1.267436ms, stable_duration: 516.958642ms, unify_duration: 58.460247ms, total_duration: 0ns })
./bird/part2/card_games_527.json	Provable(Stats { provable: false, panicked: false, complete_fragment: false, equiv_class_duration: 0ns, equiv_class_timed_out: false, smt_duration: 0ns, smt_timed_out: false, nontrivial_perms: false, translate_duration: 0ns, normal_duration: 0ns, stable_duration: 0ns, unify_duration: 0ns, total_duration: 0ns })
./bird/part2/card_games_529.json	NotProvable(Stats { provable: false, panicked: false, complete_fragment: false, equiv_class_duration: 13.190781462s, equiv_class_timed_out: true, smt_duration: 0ns, smt_timed_out: false, nontrivial_perms: false, translate_duration: 611.501µs, normal_duration: 5.230851ms, stable_duration: 13.199148413s, unify_duration: 11.877µs, total_duration: 0ns })
./bird/part2/card_games_531.json	NotProvable(Stats { provable: false, panicked: false, complete_fragment: false, equiv_class_duration: 1.974585942s, equiv_class_timed_out: false, smt_duration: 62.276552ms, smt_timed_out: false, nontrivial_perms: false, translate_duration: 277.755µs, normal_duration: 2.857234ms, stable_duration: 1.980162345s, unify_duration: 62.740342ms, total_duration: 0ns })
Provable: 35 / 102
