#0: ./bird/part3/codebase_community_659.json
Trivially true!
Equivalence is provable for codebase_community_659.json
#1: ./bird/part3/codebase_community_574.json
Trivially true!
Equivalence is provable for codebase_community_574.json
#2: ./bird/part3/codebase_community_625.json
Trivially true!
Equivalence is provable for codebase_community_625.json
#3: ./bird/part3/codebase_community_700.json
Trivially true!
Equivalence is provable for codebase_community_700.json
#4: ./bird/part3/codebase_community_575.json
Trivially true!
Equivalence is provable for codebase_community_575.json
#5: ./bird/part3/codebase_community_610.json
Trivially true!
Equivalence is provable for codebase_community_610.json
#6: ./bird/part3/codebase_community_703.json
Trivially true!
Equivalence is provable for codebase_community_703.json
#7: ./bird/part3/codebase_community_608.json
Trivially true!
Equivalence is provable for codebase_community_608.json
#8: ./bird/part3/codebase_community_589.json
Trivially true!
Equivalence is provable for codebase_community_589.json
#9: ./bird/part3/codebase_community_701.json
Trivially true!
Equivalence is provable for codebase_community_701.json
#10: ./bird/part3/codebase_community_705.json
Trivially true!
Equivalence is provable for codebase_community_705.json
#11: ./bird/part3/codebase_community_698.json
Trivially true!
Equivalence is provable for codebase_community_698.json
#12: ./bird/part3/codebase_community_561.json
Trivially true!
Equivalence is provable for codebase_community_561.json
#13: ./bird/part3/codebase_community_626.json
Equivalence is not provable for codebase_community_626.json
#14: ./bird/part3/codebase_community_573.json
Trivially true!
Equivalence is provable for codebase_community_573.json
#15: ./bird/part3/codebase_community_645.json
Trivially true!
Equivalence is provable for codebase_community_645.json
#16: ./bird/part3/codebase_community_560.json
Trivially true!
Equivalence is provable for codebase_community_560.json
#17: ./bird/part3/codebase_community_609.json
Equivalence is not provable for codebase_community_609.json
#18: ./bird/part3/codebase_community_662.json
Equivalence is not provable for codebase_community_662.json
#19: ./bird/part3/codebase_community_606.json
Equivalence is provable for codebase_community_606.json
#20: ./bird/part3/codebase_community_535.json
Equivalence is not provable for codebase_community_535.json
#21: ./bird/part3/codebase_community_675.json
Equivalence is not provable for codebase_community_675.json
#22: ./bird/part3/codebase_community_696.json
Equivalence is not provable for codebase_community_696.json
#23: ./bird/part3/codebase_community_677.json
Trivially true!
Equivalence is provable for codebase_community_677.json
#24: ./bird/part3/codebase_community_628.json
Trivially true!
Equivalence is provable for codebase_community_628.json
#25: ./bird/part3/codebase_community_664.json
Equivalence is not provable for codebase_community_664.json
#26: ./bird/part3/codebase_community_536.json
Trivially true!
Equivalence is provable for codebase_community_536.json
#27: ./bird/part3/codebase_community_646.json
Trivially true!
Equivalence is provable for codebase_community_646.json
#28: ./bird/part3/codebase_community_689.json
Trivially true!
Equivalence is provable for codebase_community_689.json
#29: ./bird/part3/codebase_community_676.json
Trivially true!
Equivalence is provable for codebase_community_676.json
#30: ./bird/part3/codebase_community_629.json
Equivalence is not provable for codebase_community_629.json
#31: ./bird/part3/codebase_community_697.json
Equivalence is not provable for codebase_community_697.json
#32: ./bird/part3/codebase_community_569.json
Trivially true!
Equivalence is provable for codebase_community_569.json
#33: ./bird/part3/codebase_community_567.json
Equivalence is provable for codebase_community_567.json
#34: ./bird/part3/codebase_community_613.json
Equivalence is provable for codebase_community_613.json
#35: ./bird/part3/codebase_community_623.json
Equivalence is provable for codebase_community_623.json
#36: ./bird/part3/codebase_community_550.json
Equivalence is provable for codebase_community_550.json
#37: ./bird/part3/codebase_community_578.json
Trivially true!
Equivalence is provable for codebase_community_578.json
#38: ./bird/part3/codebase_community_553.json
Trivially true!
Equivalence is provable for codebase_community_553.json
#39: ./bird/part3/codebase_community_576.json
Equivalence is provable for codebase_community_576.json
#40: ./bird/part3/codebase_community_639.json
Trivially true!
Equivalence is provable for codebase_community_639.json
#41: ./bird/part3/codebase_community_619.json
Equivalence is provable for codebase_community_619.json
#42: ./bird/part3/codebase_community_715.json
Equivalence is provable for codebase_community_715.json
#43: ./bird/part3/codebase_community_577.json
Equivalence is provable for codebase_community_577.json
#44: ./bird/part3/codebase_community_571.json
Equivalence is provable for codebase_community_571.json
#45: ./bird/part3/codebase_community_714.json
Trivially true!
Equivalence is provable for codebase_community_714.json
#46: ./bird/part3/codebase_community_707.json
Equivalence is not provable for codebase_community_707.json
#47: ./bird/part3/codebase_community_549.json
Trivially true!
Equivalence is provable for codebase_community_549.json
#48: ./bird/part3/codebase_community_540.json
Trivially true!
Equivalence is provable for codebase_community_540.json
#49: ./bird/part3/codebase_community_602.json
Equivalence is provable for codebase_community_602.json
#50: ./bird/part3/codebase_community_580.json
Equivalence is provable for codebase_community_580.json
#51: ./bird/part3/codebase_community_649.json
Equivalence is provable for codebase_community_649.json
#52: ./bird/part3/codebase_community_563.json
Trivially true!
Equivalence is provable for codebase_community_563.json
#53: ./bird/part3/codebase_community_709.json
Equivalence is provable for codebase_community_709.json
#54: ./bird/part3/codebase_community_651.json
Equivalence is not provable for codebase_community_651.json
#55: ./bird/part3/codebase_community_545.json
Trivially true!
Equivalence is provable for codebase_community_545.json
#56: ./bird/part3/codebase_community_706.json
Trivially true!
Equivalence is provable for codebase_community_706.json
#57: ./bird/part3/codebase_community_568.json
Equivalence is provable for codebase_community_568.json
#58: ./bird/part3/codebase_community_570.json
Trivially true!
Equivalence is provable for codebase_community_570.json
#59: ./bird/part3/codebase_community_611.json
Equivalence is not provable for codebase_community_611.json
#60: ./bird/part3/codebase_community_579.json
Trivially true!
Equivalence is provable for codebase_community_579.json
#61: ./bird/part3/codebase_community_603.json
Equivalence is not provable for codebase_community_603.json
#62: ./bird/part3/codebase_community_547.json
Equivalence is not provable for codebase_community_547.json
#63: ./bird/part3/codebase_community_692.json
Trivially true!
Equivalence is provable for codebase_community_692.json
#64: ./bird/part3/codebase_community_601.json
Equivalence is not provable for codebase_community_601.json
#65: ./bird/part3/codebase_community_593.json
Trivially true!
Equivalence is provable for codebase_community_593.json
#66: ./bird/part3/codebase_community_562.json
Equivalence is not provable for codebase_community_562.json
#67: ./bird/part3/codebase_community_661.json
Trivially true!
Equivalence is provable for codebase_community_661.json
#68: ./bird/part3/codebase_community_654.json
Equivalence is not provable for codebase_community_654.json
#69: ./bird/part3/codebase_community_542.json
Trivially true!
Equivalence is provable for codebase_community_542.json
#70: ./bird/part3/codebase_community_644.json
Trivially true!
Equivalence is provable for codebase_community_644.json
#71: ./bird/part3/codebase_community_595.json
Equivalence is not provable for codebase_community_595.json
#72: ./bird/part3/codebase_community_583.json
Equivalence is not provable for codebase_community_583.json
#73: ./bird/part3/codebase_community_581.json
Equivalence is provable for codebase_community_581.json
#74: ./bird/part3/codebase_community_687.json
Equivalence is not provable for codebase_community_687.json
#75: ./bird/part3/codebase_community_565.json
Equivalence is provable for codebase_community_565.json
#76: ./bird/part3/codebase_community_622.json
Equivalence is not provable for codebase_community_622.json
#77: ./bird/part3/codebase_community_670.json
Equivalence is not provable for codebase_community_670.json
#78: ./bird/part3/codebase_community_582.json
Equivalence is not provable for codebase_community_582.json
#79: ./bird/part3/codebase_community_544.json
Equivalence is not provable for codebase_community_544.json
#80: ./bird/part3/codebase_community_556.json
Trivially true!
Equivalence is provable for codebase_community_556.json
#81: ./bird/part3/codebase_community_586.json
Trivially true!
Equivalence is provable for codebase_community_586.json
#82: ./bird/part3/codebase_community_655.json
Equivalence is not provable for codebase_community_655.json
#83: ./bird/part3/codebase_community_543.json
Trivially true!
Equivalence is provable for codebase_community_543.json
#84: ./bird/part3/codebase_community_548.json
Equivalence is provable for codebase_community_548.json
#85: ./bird/part3/codebase_community_539.json
Equivalence is not provable for codebase_community_539.json
#86: ./bird/part3/codebase_community_668.json
Equivalence is not provable for codebase_community_668.json
#87: ./bird/part3/codebase_community_552.json
Equivalence is not provable for codebase_community_552.json
#88: ./bird/part3/codebase_community_538.json
Equivalence is not provable for codebase_community_538.json
#89: ./bird/part3/codebase_community_716.json
Trivially true!
Equivalence is provable for codebase_community_716.json
#90: ./bird/part3/codebase_community_632.json
Equivalence is not provable for codebase_community_632.json
#91: ./bird/part3/codebase_community_712.json
Equivalence is not provable for codebase_community_712.json
#92: ./bird/part3/codebase_community_624.json
Equivalence is provable for codebase_community_624.json
#93: ./bird/part3/codebase_community_564.json
Equivalence is not provable for codebase_community_564.json
#94: ./bird/part3/codebase_community_673.json
Equivalence is not provable for codebase_community_673.json
#95: ./bird/part3/codebase_community_598.json
Equivalence is not provable for codebase_community_598.json
#96: ./bird/part3/codebase_community_667.json
Equivalence is provable for codebase_community_667.json
#97: ./bird/part3/codebase_community_647.json
Equivalence is not provable for codebase_community_647.json
#98: ./bird/part3/codebase_community_541.json
Equivalence is provable for codebase_community_541.json
#99: ./bird/part3/codebase_community_680.json
Equivalence is not provable for codebase_community_680.json
#100: ./bird/part3/codebase_community_546.json
Equivalence is not provable for codebase_community_546.json
#101: ./bird/part3/codebase_community_585.json
Equivalence is not provable for codebase_community_585.json
#102: ./bird/part3/codebase_community_688.json
Equivalence is not provable for codebase_community_688.json
#103: ./bird/part3/codebase_community_686.json
Equivalence is not provable for codebase_community_686.json
#104: ./bird/part3/codebase_community_555.json
Equivalence is not provable for codebase_community_555.json
#105: ./bird/part3/codebase_community_650.json
Equivalence is not provable for codebase_community_650.json
#106: ./bird/part3/codebase_community_711.json
Equivalence is not provable for codebase_community_711.json
#107: ./bird/part3/codebase_community_679.json
Equivalence is provable for codebase_community_679.json
#108: ./bird/part3/codebase_community_710.json
Equivalence is not provable for codebase_community_710.json
#109: ./bird/part3/codebase_community_681.json
Equivalence is not provable for codebase_community_681.json
#110: ./bird/part3/codebase_community_620.json
Equivalence is not provable for codebase_community_620.json
#111: ./bird/part3/codebase_community_572.json
Equivalence is not provable for codebase_community_572.json
#112: ./bird/part3/codebase_community_631.json
Equivalence is not provable for codebase_community_631.json
#113: ./bird/part3/codebase_community_587.json
Equivalence is not provable for codebase_community_587.json
#114: ./bird/part3/codebase_community_685.json
Equivalence is not provable for codebase_community_685.json
#115: ./bird/part3/codebase_community_566.json
Equivalence is not provable for codebase_community_566.json
#116: ./bird/part3/codebase_community_557.json
Equivalence is not provable for codebase_community_557.json
#117: ./bird/part3/codebase_community_658.json
Equivalence is not provable for codebase_community_658.json
#118: ./bird/part3/codebase_community_690.json
Equivalence is not provable for codebase_community_690.json
#119: ./bird/part3/codebase_community_634.json
Equivalence is not provable for codebase_community_634.json
#120: ./bird/part3/codebase_community_657.json
Equivalence is not provable for codebase_community_657.json
#121: ./bird/part3/codebase_community_532.json
Equivalence is not provable for codebase_community_532.json
#122: ./bird/part3/codebase_community_594.json
Equivalence is not provable for codebase_community_594.json
#123: ./bird/part3/codebase_community_652.json
Equivalence is not provable for codebase_community_652.json
#124: ./bird/part3/codebase_community_656.json
Equivalence is not provable for codebase_community_656.json
#125: ./bird/part3/codebase_community_637.json
Equivalence is not provable for codebase_community_637.json
#126: ./bird/part3/codebase_community_674.json
Equivalence is not provable for codebase_community_674.json
#127: ./bird/part3/codebase_community_708.json
Equivalence is not provable for codebase_community_708.json
#128: ./bird/part3/codebase_community_638.json
Equivalence is not provable for codebase_community_638.json
#129: ./bird/part3/codebase_community_558.json
Equivalence is not provable for codebase_community_558.json
#130: ./bird/part3/codebase_community_717.json
Equivalence is not provable for codebase_community_717.json
#131: ./bird/part3/codebase_community_695.json
Equivalence is not provable for codebase_community_695.json
#132: ./bird/part3/codebase_community_616.json
Equivalence is not provable for codebase_community_616.json
#133: ./bird/part3/codebase_community_699.json
Equivalence is not provable for codebase_community_699.json
#134: ./bird/part3/codebase_community_640.json
Equivalence is not provable for codebase_community_640.json
#135: ./bird/part3/codebase_community_636.json
Equivalence is not provable for codebase_community_636.json
#136: ./bird/part3/codebase_community_694.json
Equivalence is not provable for codebase_community_694.json
#137: ./bird/part3/codebase_community_641.json
Equivalence is not provable for codebase_community_641.json


STATISTICS
./bird/part3/codebase_community_532.json	NotProvable(Stats { provable: false, panicked: false, complete_fragment: false, equiv_class_duration: 19.898934073s, equiv_class_timed_out: false, smt_duration: 0ns, smt_timed_out: false, nontrivial_perms: false, translate_duration: 662.276µs, normal_duration: 2.090196974s, stable_duration: 19.926237993s, unify_duration: 725ns, total_duration: 0ns })
./bird/part3/codebase_community_535.json	NotProvable(Stats { provable: false, panicked: false, complete_fragment: false, equiv_class_duration: 91.136043ms, equiv_class_timed_out: false, smt_duration: 0ns, smt_timed_out: false, nontrivial_perms: false, translate_duration: 333.167µs, normal_duration: 40.746831ms, stable_duration: 97.577756ms, unify_duration: 7.251µs, total_duration: 0ns })
./bird/part3/codebase_community_536.json	Provable(Stats { provable: false, panicked: false, complete_fragment: false, equiv_class_duration: 0ns, equiv_class_timed_out: false, smt_duration: 0ns, smt_timed_out: false, nontrivial_perms: false, translate_duration: 0ns, normal_duration: 0ns, stable_duration: 0ns, unify_duration: 0ns, total_duration: 0ns })
./bird/part3/codebase_community_538.json	NotProvable(Stats { provable: false, panicked: false, complete_fragment: false, equiv_class_duration: 9.992783787s, equiv_class_timed_out: false, smt_duration: 58.473777ms, smt_timed_out: false, nontrivial_perms: false, translate_duration: 559.316µs, normal_duration: 5.765641ms, stable_duration: 10.009006145s, unify_duration: 59.137101ms, total_duration: 0ns })
./bird/part3/codebase_community_539.json	NotProvable(Stats { provable: false, panicked: false, complete_fragment: false, equiv_class_duration: 4.241782769s, equiv_class_timed_out: false, smt_duration: 0ns, smt_timed_out: false, nontrivial_perms: false, translate_duration: 371.22µs, normal_duration: 3.564356ms, stable_duration: 4.249959228s, unify_duration: 5.933µs, total_duration: 0ns })
./bird/part3/codebase_community_540.json	Provable(Stats { provable: false, panicked: false, complete_fragment: true, equiv_class_duration: 0ns, equiv_class_timed_out: false, smt_duration: 0ns, smt_timed_out: false, nontrivial_perms: false, translate_duration: 0ns, normal_duration: 0ns, stable_duration: 0ns, unify_duration: 0ns, total_duration: 0ns })
./bird/part3/codebase_community_541.json	Provable(Stats { provable: false, panicked: false, complete_fragment: false, equiv_class_duration: 104.947358ms, equiv_class_timed_out: false, smt_duration: 193.618079ms, smt_timed_out: false, nontrivial_perms: false, translate_duration: 366.612µs, normal_duration: 238.512197ms, stable_duration: 108.86608ms, unify_duration: 194.422173ms, total_duration: 0ns })
./bird/part3/codebase_community_542.json	Provable(Stats { provable: false, panicked: false, complete_fragment: false, equiv_class_duration: 0ns, equiv_class_timed_out: false, smt_duration: 0ns, smt_timed_out: false, nontrivial_perms: false, translate_duration: 0ns, normal_duration: 0ns, stable_duration: 0ns, unify_duration: 0ns, total_duration: 0ns })
./bird/part3/codebase_community_543.json	Provable(Stats { provable: false, panicked: false, complete_fragment: false, equiv_class_duration: 0ns, equiv_class_timed_out: false, smt_duration: 0ns, smt_timed_out: false, nontrivial_perms: false, translate_duration: 0ns, normal_duration: 0ns, stable_duration: 0ns, unify_duration: 0ns, total_duration: 0ns })
./bird/part3/codebase_community_544.json	NotProvable(Stats { provable: false, panicked: false, complete_fragment: false, equiv_class_duration: 97.572082ms, equiv_class_timed_out: false, smt_duration: 54.944114ms, smt_timed_out: false, nontrivial_perms: false, translate_duration: 433.793µs, normal_duration: 81.196854ms, stable_duration: 102.556693ms, unify_duration: 55.174271ms, total_duration: 0ns })
./bird/part3/codebase_community_545.json	Provable(Stats { provable: false, panicked: false, complete_fragment: true, equiv_class_duration: 0ns, equiv_class_timed_out: false, smt_duration: 0ns, smt_timed_out: false, nontrivial_perms: false, translate_duration: 0ns, normal_duration: 0ns, stable_duration: 0ns, unify_duration: 0ns, total_duration: 0ns })
./bird/part3/codebase_community_546.json	NotProvable(Stats { provable: false, panicked: false, complete_fragment: false, equiv_class_duration: 3.382674968s, equiv_class_timed_out: false, smt_duration: 737.838052ms, smt_timed_out: false, nontrivial_perms: false, translate_duration: 522.231µs, normal_duration: 5.634403ms, stable_duration: 3.392992926s, unify_duration: 738.719908ms, total_duration: 0ns })
./bird/part3/codebase_community_547.json	NotProvable(Stats { provable: false, panicked: false, complete_fragment: false, equiv_class_duration: 30.633185ms, equiv_class_timed_out: false, smt_duration: 0ns, smt_timed_out: false, nontrivial_perms: false, translate_duration: 202.198µs, normal_duration: 2.281376ms, stable_duration: 33.869783ms, unify_duration: 8.07µs, total_duration: 0ns })
./bird/part3/codebase_community_548.json	Provable(Stats { provable: false, panicked: false, complete_fragment: false, equiv_class_duration: 82.858455ms, equiv_class_timed_out: false, smt_duration: 129.812451ms, smt_timed_out: false, nontrivial_perms: false, translate_duration: 355.14µs, normal_duration: 3.933721ms, stable_duration: 87.523781ms, unify_duration: 131.091004ms, total_duration: 0ns })
./bird/part3/codebase_community_549.json	Provable(Stats { provable: false, panicked: false, complete_fragment: true, equiv_class_duration: 0ns, equiv_class_timed_out: false, smt_duration: 0ns, smt_timed_out: false, nontrivial_perms: false, translate_duration: 0ns, normal_duration: 0ns, stable_duration: 0ns, unify_duration: 0ns, total_duration: 0ns })
./bird/part3/codebase_community_550.json	Provable(Stats { provable: false, panicked: false, complete_fragment: true, equiv_class_duration: 74.75431ms, equiv_class_timed_out: false, smt_duration: 0ns, smt_timed_out: false, nontrivial_perms: false, translate_duration: 206.409µs, normal_duration: 2.684805ms, stable_duration: 78.302993ms, unify_duration: 0ns, total_duration: 0ns })
./bird/part3/codebase_community_552.json	NotProvable(Stats { provable: false, panicked: false, complete_fragment: false, equiv_class_duration: 10.096792505s, equiv_class_timed_out: false, smt_duration: 57.398285ms, smt_timed_out: false, nontrivial_perms: false, translate_duration: 808.581µs, normal_duration: 7.271204ms, stable_duration: 10.113522592s, unify_duration: 58.040968ms, total_duration: 0ns })
./bird/part3/codebase_community_553.json	Provable(Stats { provable: false, panicked: false, complete_fragment: true, equiv_class_duration: 0ns, equiv_class_timed_out: false, smt_duration: 0ns, smt_timed_out: false, nontrivial_perms: false, translate_duration: 0ns, normal_duration: 0ns, stable_duration: 0ns, unify_duration: 0ns, total_duration: 0ns })
./bird/part3/codebase_community_555.json	NotProvable(Stats { provable: false, panicked: false, complete_fragment: false, equiv_class_duration: 87.002063ms, equiv_class_timed_out: false, smt_duration: 161.40473ms, smt_timed_out: false, nontrivial_perms: false, translate_duration: 360.791µs, normal_duration: 273.639207ms, stable_duration: 92.255255ms, unify_duration: 161.816164ms, total_duration: 0ns })
./bird/part3/codebase_community_556.json	Provable(Stats { provable: false, panicked: false, complete_fragment: false, equiv_class_duration: 0ns, equiv_class_timed_out: false, smt_duration: 0ns, smt_timed_out: false, nontrivial_perms: false, translate_duration: 0ns, normal_duration: 0ns, stable_duration: 0ns, unify_duration: 0ns, total_duration: 0ns })
./bird/part3/codebase_community_557.json	NotProvable(Stats { provable: false, panicked: false, complete_fragment: false, equiv_class_duration: 17.183751032s, equiv_class_timed_out: true, smt_duration: 0ns, smt_timed_out: false, nontrivial_perms: false, translate_duration: 787.223µs, normal_duration: 9.190202ms, stable_duration: 17.194796475s, unify_duration: 10.083µs, total_duration: 0ns })
./bird/part3/codebase_community_558.json	NotProvable(Stats { provable: false, panicked: false, complete_fragment: false, equiv_class_duration: 10.00529953s, equiv_class_timed_out: true, smt_duration: 1.3283484s, smt_timed_out: false, nontrivial_perms: true, translate_duration: 572.314µs, normal_duration: 7.615152ms, stable_duration: 10.011289719s, unify_duration: 1.329924378s, total_duration: 0ns })
./bird/part3/codebase_community_560.json	Provable(Stats { provable: false, panicked: false, complete_fragment: false, equiv_class_duration: 0ns, equiv_class_timed_out: false, smt_duration: 0ns, smt_timed_out: false, nontrivial_perms: false, translate_duration: 0ns, normal_duration: 0ns, stable_duration: 0ns, unify_duration: 0ns, total_duration: 0ns })
./bird/part3/codebase_community_561.json	Provable(Stats { provable: false, panicked: false, complete_fragment: false, equiv_class_duration: 0ns, equiv_class_timed_out: false, smt_duration: 0ns, smt_timed_out: false, nontrivial_perms: false, translate_duration: 0ns, normal_duration: 0ns, stable_duration: 0ns, unify_duration: 0ns, total_duration: 0ns })
./bird/part3/codebase_community_562.json	NotProvable(Stats { provable: false, panicked: false, complete_fragment: false, equiv_class_duration: 110.748916ms, equiv_class_timed_out: false, smt_duration: 0ns, smt_timed_out: false, nontrivial_perms: false, translate_duration: 169.472µs, normal_duration: 99.991948ms, stable_duration: 116.563066ms, unify_duration: 7.513µs, total_duration: 0ns })
./bird/part3/codebase_community_563.json	Provable(Stats { provable: false, panicked: false, complete_fragment: false, equiv_class_duration: 0ns, equiv_class_timed_out: false, smt_duration: 0ns, smt_timed_out: false, nontrivial_perms: false, translate_duration: 0ns, normal_duration: 0ns, stable_duration: 0ns, unify_duration: 0ns, total_duration: 0ns })
./bird/part3/codebase_community_564.json	NotProvable(Stats { provable: false, panicked: false, complete_fragment: true, equiv_class_duration: 33.985471ms, equiv_class_timed_out: false, smt_duration: 53.699458ms, smt_timed_out: false, nontrivial_perms: false, translate_duration: 305.577µs, normal_duration: 2.532485ms, stable_duration: 37.722093ms, unify_duration: 54.062969ms, total_duration: 0ns })
./bird/part3/codebase_community_565.json	Provable(Stats { provable: false, panicked: false, complete_fragment: true, equiv_class_duration: 27.47913ms, equiv_class_timed_out: false, smt_duration: 44.78232ms, smt_timed_out: false, nontrivial_perms: false, translate_duration: 179.57µs, normal_duration: 1.902775ms, stable_duration: 30.440682ms, unify_duration: 44.95527ms, total_duration: 0ns })
./bird/part3/codebase_community_566.json	NotProvable(Stats { provable: false, panicked: false, complete_fragment: true, equiv_class_duration: 35.678721ms, equiv_class_timed_out: false, smt_duration: 55.574271ms, smt_timed_out: false, nontrivial_perms: false, translate_duration: 396.705µs, normal_duration: 3.094268ms, stable_duration: 39.695463ms, unify_duration: 55.970683ms, total_duration: 0ns })
./bird/part3/codebase_community_567.json	Provable(Stats { provable: false, panicked: false, complete_fragment: true, equiv_class_duration: 32.021351ms, equiv_class_timed_out: false, smt_duration: 37.330523ms, smt_timed_out: false, nontrivial_perms: false, translate_duration: 272.753µs, normal_duration: 3.324276ms, stable_duration: 35.185753ms, unify_duration: 37.511123ms, total_duration: 0ns })
./bird/part3/codebase_community_568.json	Provable(Stats { provable: false, panicked: false, complete_fragment: false, equiv_class_duration: 107.842617ms, equiv_class_timed_out: false, smt_duration: 125.967674ms, smt_timed_out: false, nontrivial_perms: false, translate_duration: 326.655µs, normal_duration: 4.098962ms, stable_duration: 114.857134ms, unify_duration: 129.180121ms, total_duration: 0ns })
./bird/part3/codebase_community_569.json	Provable(Stats { provable: false, panicked: false, complete_fragment: true, equiv_class_duration: 0ns, equiv_class_timed_out: false, smt_duration: 0ns, smt_timed_out: false, nontrivial_perms: false, translate_duration: 0ns, normal_duration: 0ns, stable_duration: 0ns, unify_duration: 0ns, total_duration: 0ns })
./bird/part3/codebase_community_570.json	Provable(Stats { provable: false, panicked: false, complete_fragment: false, equiv_class_duration: 0ns, equiv_class_timed_out: false, smt_duration: 0ns, smt_timed_out: false, nontrivial_perms: false, translate_duration: 0ns, normal_duration: 0ns, stable_duration: 0ns, unify_duration: 0ns, total_duration: 0ns })
./bird/part3/codebase_community_571.json	Provable(Stats { provable: false, panicked: false, complete_fragment: true, equiv_class_duration: 93.764483ms, equiv_class_timed_out: false, smt_duration: 43.571259ms, smt_timed_out: false, nontrivial_perms: false, translate_duration: 244.059µs, normal_duration: 2.65611ms, stable_duration: 97.83341ms, unify_duration: 43.818726ms, total_duration: 0ns })
./bird/part3/codebase_community_572.json	NotProvable(Stats { provable: false, panicked: false, complete_fragment: false, equiv_class_duration: 10.006386251s, equiv_class_timed_out: true, smt_duration: 0ns, smt_timed_out: false, nontrivial_perms: false, translate_duration: 729.021µs, normal_duration: 7.608476ms, stable_duration: 10.0117126s, unify_duration: 7.757µs, total_duration: 0ns })
./bird/part3/codebase_community_573.json	Provable(Stats { provable: false, panicked: false, complete_fragment: true, equiv_class_duration: 0ns, equiv_class_timed_out: false, smt_duration: 0ns, smt_timed_out: false, nontrivial_perms: false, translate_duration: 0ns, normal_duration: 0ns, stable_duration: 0ns, unify_duration: 0ns, total_duration: 0ns })
./bird/part3/codebase_community_574.json	Provable(Stats { provable: false, panicked: false, complete_fragment: true, equiv_class_duration: 0ns, equiv_class_timed_out: false, smt_duration: 0ns, smt_timed_out: false, nontrivial_perms: false, translate_duration: 0ns, normal_duration: 0ns, stable_duration: 0ns, unify_duration: 0ns, total_duration: 0ns })
./bird/part3/codebase_community_575.json	Provable(Stats { provable: false, panicked: false, complete_fragment: true, equiv_class_duration: 0ns, equiv_class_timed_out: false, smt_duration: 0ns, smt_timed_out: false, nontrivial_perms: false, translate_duration: 0ns, normal_duration: 0ns, stable_duration: 0ns, unify_duration: 0ns, total_duration: 0ns })
./bird/part3/codebase_community_576.json	Provable(Stats { provable: false, panicked: false, complete_fragment: true, equiv_class_duration: 77.391698ms, equiv_class_timed_out: false, smt_duration: 44.15011ms, smt_timed_out: false, nontrivial_perms: false, translate_duration: 142.8µs, normal_duration: 1.850209ms, stable_duration: 80.757412ms, unify_duration: 44.369617ms, total_duration: 0ns })
./bird/part3/codebase_community_577.json	Provable(Stats { provable: false, panicked: false, complete_fragment: true, equiv_class_duration: 82.024623ms, equiv_class_timed_out: false, smt_duration: 43.123396ms, smt_timed_out: false, nontrivial_perms: false, translate_duration: 190.703µs, normal_duration: 2.324017ms, stable_duration: 85.817275ms, unify_duration: 43.346584ms, total_duration: 0ns })
./bird/part3/codebase_community_578.json	Provable(Stats { provable: false, panicked: false, complete_fragment: true, equiv_class_duration: 0ns, equiv_class_timed_out: false, smt_duration: 0ns, smt_timed_out: false, nontrivial_perms: false, translate_duration: 0ns, normal_duration: 0ns, stable_duration: 0ns, unify_duration: 0ns, total_duration: 0ns })
./bird/part3/codebase_community_579.json	Provable(Stats { provable: false, panicked: false, complete_fragment: true, equiv_class_duration: 0ns, equiv_class_timed_out: false, smt_duration: 0ns, smt_timed_out: false, nontrivial_perms: false, translate_duration: 0ns, normal_duration: 0ns, stable_duration: 0ns, unify_duration: 0ns, total_duration: 0ns })
./bird/part3/codebase_community_580.json	Provable(Stats { provable: false, panicked: false, complete_fragment: true, equiv_class_duration: 100.521125ms, equiv_class_timed_out: false, smt_duration: 38.080187ms, smt_timed_out: false, nontrivial_perms: false, translate_duration: 133.991µs, normal_duration: 1.838627ms, stable_duration: 104.433117ms, unify_duration: 38.362776ms, total_duration: 0ns })
./bird/part3/codebase_community_581.json	Provable(Stats { provable: false, panicked: false, complete_fragment: false, equiv_class_duration: 83.937625ms, equiv_class_timed_out: false, smt_duration: 113.309091ms, smt_timed_out: false, nontrivial_perms: false, translate_duration: 255.719µs, normal_duration: 3.027211ms, stable_duration: 87.850216ms, unify_duration: 113.802981ms, total_duration: 0ns })
./bird/part3/codebase_community_582.json	NotProvable(Stats { provable: false, panicked: false, complete_fragment: true, equiv_class_duration: 153.056702ms, equiv_class_timed_out: false, smt_duration: 120.305569ms, smt_timed_out: false, nontrivial_perms: true, translate_duration: 281.155µs, normal_duration: 2.939017ms, stable_duration: 157.174431ms, unify_duration: 121.183795ms, total_duration: 0ns })
./bird/part3/codebase_community_583.json	NotProvable(Stats { provable: false, panicked: false, complete_fragment: true, equiv_class_duration: 117.813456ms, equiv_class_timed_out: false, smt_duration: 108.917284ms, smt_timed_out: false, nontrivial_perms: true, translate_duration: 180.806µs, normal_duration: 2.279816ms, stable_duration: 121.367075ms, unify_duration: 109.40451ms, total_duration: 0ns })
./bird/part3/codebase_community_585.json	NotProvable(Stats { provable: false, panicked: false, complete_fragment: true, equiv_class_duration: 183.977693ms, equiv_class_timed_out: false, smt_duration: 0ns, smt_timed_out: false, nontrivial_perms: false, translate_duration: 302.078µs, normal_duration: 2.568836ms, stable_duration: 188.532512ms, unify_duration: 7.84µs, total_duration: 0ns })
./bird/part3/codebase_community_586.json	Provable(Stats { provable: false, panicked: false, complete_fragment: false, equiv_class_duration: 0ns, equiv_class_timed_out: false, smt_duration: 0ns, smt_timed_out: false, nontrivial_perms: false, translate_duration: 0ns, normal_duration: 0ns, stable_duration: 0ns, unify_duration: 0ns, total_duration: 0ns })
./bird/part3/codebase_community_587.json	NotProvable(Stats { provable: false, panicked: false, complete_fragment: true, equiv_class_duration: 60.34846ms, equiv_class_timed_out: false, smt_duration: 0ns, smt_timed_out: false, nontrivial_perms: false, translate_duration: 282.388µs, normal_duration: 2.694627ms, stable_duration: 64.171825ms, unify_duration: 245ns, total_duration: 0ns })
./bird/part3/codebase_community_589.json	Provable(Stats { provable: false, panicked: false, complete_fragment: false, equiv_class_duration: 0ns, equiv_class_timed_out: false, smt_duration: 0ns, smt_timed_out: false, nontrivial_perms: false, translate_duration: 0ns, normal_duration: 0ns, stable_duration: 0ns, unify_duration: 0ns, total_duration: 0ns })
./bird/part3/codebase_community_593.json	Provable(Stats { provable: false, panicked: false, complete_fragment: false, equiv_class_duration: 0ns, equiv_class_timed_out: false, smt_duration: 0ns, smt_timed_out: false, nontrivial_perms: false, translate_duration: 0ns, normal_duration: 0ns, stable_duration: 0ns, unify_duration: 0ns, total_duration: 0ns })
./bird/part3/codebase_community_594.json	NotProvable(Stats { provable: false, panicked: false, complete_fragment: false, equiv_class_duration: 540.711735ms, equiv_class_timed_out: false, smt_duration: 749.038624ms, smt_timed_out: false, nontrivial_perms: false, translate_duration: 629.624µs, normal_duration: 5.774284ms, stable_duration: 550.457124ms, unify_duration: 754.241274ms, total_duration: 0ns })
./bird/part3/codebase_community_595.json	NotProvable(Stats { provable: false, panicked: false, complete_fragment: true, equiv_class_duration: 33.095189ms, equiv_class_timed_out: false, smt_duration: 0ns, smt_timed_out: false, nontrivial_perms: false, translate_duration: 182.115µs, normal_duration: 2.080518ms, stable_duration: 36.08343ms, unify_duration: 657ns, total_duration: 0ns })
./bird/part3/codebase_community_598.json	NotProvable(Stats { provable: false, panicked: false, complete_fragment: false, equiv_class_duration: 191.239587ms, equiv_class_timed_out: false, smt_duration: 115.352316ms, smt_timed_out: false, nontrivial_perms: false, translate_duration: 527.517µs, normal_duration: 6.531739ms, stable_duration: 198.590699ms, unify_duration: 118.236432ms, total_duration: 0ns })
./bird/part3/codebase_community_601.json	NotProvable(Stats { provable: false, panicked: false, complete_fragment: true, equiv_class_duration: 38.47609ms, equiv_class_timed_out: false, smt_duration: 0ns, smt_timed_out: false, nontrivial_perms: false, translate_duration: 174.67µs, normal_duration: 2.048331ms, stable_duration: 41.43546ms, unify_duration: 566ns, total_duration: 0ns })
./bird/part3/codebase_community_602.json	Provable(Stats { provable: false, panicked: false, complete_fragment: true, equiv_class_duration: 53.410362ms, equiv_class_timed_out: false, smt_duration: 0ns, smt_timed_out: false, nontrivial_perms: false, translate_duration: 145.807µs, normal_duration: 1.83677ms, stable_duration: 56.334646ms, unify_duration: 0ns, total_duration: 0ns })
./bird/part3/codebase_community_603.json	NotProvable(Stats { provable: false, panicked: false, complete_fragment: false, equiv_class_duration: 2.335698426s, equiv_class_timed_out: false, smt_duration: 0ns, smt_timed_out: false, nontrivial_perms: false, translate_duration: 322.3µs, normal_duration: 3.577821ms, stable_duration: 2.340996059s, unify_duration: 7.39µs, total_duration: 0ns })
./bird/part3/codebase_community_606.json	Provable(Stats { provable: false, panicked: false, complete_fragment: false, equiv_class_duration: 57.366471ms, equiv_class_timed_out: false, smt_duration: 116.091849ms, smt_timed_out: false, nontrivial_perms: false, translate_duration: 209.356µs, normal_duration: 2.944056ms, stable_duration: 62.698685ms, unify_duration: 118.278832ms, total_duration: 0ns })
./bird/part3/codebase_community_608.json	Provable(Stats { provable: false, panicked: false, complete_fragment: false, equiv_class_duration: 0ns, equiv_class_timed_out: false, smt_duration: 0ns, smt_timed_out: false, nontrivial_perms: false, translate_duration: 0ns, normal_duration: 0ns, stable_duration: 0ns, unify_duration: 0ns, total_duration: 0ns })
./bird/part3/codebase_community_609.json	NotProvable(Stats { provable: false, panicked: false, complete_fragment: true, equiv_class_duration: 15.939263ms, equiv_class_timed_out: false, smt_duration: 53.42714ms, smt_timed_out: false, nontrivial_perms: false, translate_duration: 226.373µs, normal_duration: 1.384138ms, stable_duration: 19.09177ms, unify_duration: 53.631371ms, total_duration: 0ns })
./bird/part3/codebase_community_610.json	Provable(Stats { provable: false, panicked: false, complete_fragment: false, equiv_class_duration: 0ns, equiv_class_timed_out: false, smt_duration: 0ns, smt_timed_out: false, nontrivial_perms: false, translate_duration: 0ns, normal_duration: 0ns, stable_duration: 0ns, unify_duration: 0ns, total_duration: 0ns })
./bird/part3/codebase_community_611.json	NotProvable(Stats { provable: false, panicked: false, complete_fragment: false, equiv_class_duration: 50.546217ms, equiv_class_timed_out: false, smt_duration: 54.690904ms, smt_timed_out: false, nontrivial_perms: false, translate_duration: 242.498µs, normal_duration: 104.058259ms, stable_duration: 54.156553ms, unify_duration: 54.948599ms, total_duration: 0ns })
./bird/part3/codebase_community_613.json	Provable(Stats { provable: false, panicked: false, complete_fragment: true, equiv_class_duration: 70.976299ms, equiv_class_timed_out: false, smt_duration: 42.706191ms, smt_timed_out: false, nontrivial_perms: false, translate_duration: 173.089µs, normal_duration: 2.145666ms, stable_duration: 74.525573ms, unify_duration: 42.921146ms, total_duration: 0ns })
./bird/part3/codebase_community_616.json	NotProvable(Stats { provable: false, panicked: false, complete_fragment: false, equiv_class_duration: 10.006324391s, equiv_class_timed_out: true, smt_duration: 1.18417635s, smt_timed_out: false, nontrivial_perms: true, translate_duration: 673.849µs, normal_duration: 7.829775ms, stable_duration: 10.014796307s, unify_duration: 1.185390508s, total_duration: 0ns })
./bird/part3/codebase_community_619.json	Provable(Stats { provable: false, panicked: false, complete_fragment: true, equiv_class_duration: 47.707912ms, equiv_class_timed_out: false, smt_duration: 43.237291ms, smt_timed_out: false, nontrivial_perms: false, translate_duration: 222.25µs, normal_duration: 2.673237ms, stable_duration: 51.403334ms, unify_duration: 43.462222ms, total_duration: 0ns })
./bird/part3/codebase_community_620.json	NotProvable(Stats { provable: false, panicked: false, complete_fragment: false, equiv_class_duration: 127.533615ms, equiv_class_timed_out: false, smt_duration: 52.002064ms, smt_timed_out: false, nontrivial_perms: false, translate_duration: 447.261µs, normal_duration: 5.332573ms, stable_duration: 135.050311ms, unify_duration: 52.370029ms, total_duration: 0ns })
./bird/part3/codebase_community_622.json	NotProvable(Stats { provable: false, panicked: false, complete_fragment: false, equiv_class_duration: 180.81429ms, equiv_class_timed_out: false, smt_duration: 54.484285ms, smt_timed_out: false, nontrivial_perms: false, translate_duration: 355.057µs, normal_duration: 50.394982ms, stable_duration: 189.164482ms, unify_duration: 54.780037ms, total_duration: 0ns })
./bird/part3/codebase_community_623.json	Provable(Stats { provable: false, panicked: false, complete_fragment: true, equiv_class_duration: 74.183318ms, equiv_class_timed_out: false, smt_duration: 43.994813ms, smt_timed_out: false, nontrivial_perms: false, translate_duration: 178.369µs, normal_duration: 2.104315ms, stable_duration: 77.975074ms, unify_duration: 44.209156ms, total_duration: 0ns })
./bird/part3/codebase_community_624.json	Provable(Stats { provable: false, panicked: false, complete_fragment: false, equiv_class_duration: 102.289198ms, equiv_class_timed_out: false, smt_duration: 135.913091ms, smt_timed_out: false, nontrivial_perms: false, translate_duration: 466.641µs, normal_duration: 5.787552ms, stable_duration: 108.647963ms, unify_duration: 138.30712ms, total_duration: 0ns })
./bird/part3/codebase_community_625.json	Provable(Stats { provable: false, panicked: false, complete_fragment: true, equiv_class_duration: 0ns, equiv_class_timed_out: false, smt_duration: 0ns, smt_timed_out: false, nontrivial_perms: false, translate_duration: 0ns, normal_duration: 0ns, stable_duration: 0ns, unify_duration: 0ns, total_duration: 0ns })
./bird/part3/codebase_community_626.json	NotProvable(Stats { provable: false, panicked: false, complete_fragment: false, equiv_class_duration: 58.786194ms, equiv_class_timed_out: false, smt_duration: 57.368343ms, smt_timed_out: false, nontrivial_perms: false, translate_duration: 666.974µs, normal_duration: 4.888962ms, stable_duration: 66.071108ms, unify_duration: 57.616022ms, total_duration: 0ns })
./bird/part3/codebase_community_628.json	Provable(Stats { provable: false, panicked: false, complete_fragment: false, equiv_class_duration: 0ns, equiv_class_timed_out: false, smt_duration: 0ns, smt_timed_out: false, nontrivial_perms: false, translate_duration: 0ns, normal_duration: 0ns, stable_duration: 0ns, unify_duration: 0ns, total_duration: 0ns })
./bird/part3/codebase_community_629.json	NotProvable(Stats { provable: false, panicked: false, complete_fragment: false, equiv_class_duration: 150.591851ms, equiv_class_timed_out: false, smt_duration: 0ns, smt_timed_out: false, nontrivial_perms: false, translate_duration: 240.517µs, normal_duration: 48.261891ms, stable_duration: 157.360378ms, unify_duration: 483ns, total_duration: 0ns })
./bird/part3/codebase_community_631.json	NotProvable(Stats { provable: false, panicked: false, complete_fragment: true, equiv_class_duration: 141.626038ms, equiv_class_timed_out: false, smt_duration: 0ns, smt_timed_out: false, nontrivial_perms: false, translate_duration: 325.25µs, normal_duration: 3.260043ms, stable_duration: 145.810477ms, unify_duration: 13.325µs, total_duration: 0ns })
./bird/part3/codebase_community_632.json	NotProvable(Stats { provable: false, panicked: false, complete_fragment: false, equiv_class_duration: 10.09055013s, equiv_class_timed_out: false, smt_duration: 58.379029ms, smt_timed_out: false, nontrivial_perms: false, translate_duration: 538.433µs, normal_duration: 5.783826ms, stable_duration: 10.106711652s, unify_duration: 58.982986ms, total_duration: 0ns })
./bird/part3/codebase_community_634.json	NotProvable(Stats { provable: false, panicked: false, complete_fragment: false, equiv_class_duration: 84.910513ms, equiv_class_timed_out: false, smt_duration: 155.098579ms, smt_timed_out: false, nontrivial_perms: false, translate_duration: 464.494µs, normal_duration: 184.978253ms, stable_duration: 89.231303ms, unify_duration: 155.683782ms, total_duration: 0ns })
./bird/part3/codebase_community_636.json	NotProvable(Stats { provable: false, panicked: false, complete_fragment: false, equiv_class_duration: 260.100454ms, equiv_class_timed_out: false, smt_duration: 0ns, smt_timed_out: false, nontrivial_perms: false, translate_duration: 990.423µs, normal_duration: 10.050245ms, stable_duration: 273.079542ms, unify_duration: 10.155µs, total_duration: 0ns })
./bird/part3/codebase_community_637.json	NotProvable(Stats { provable: false, panicked: false, complete_fragment: false, equiv_class_duration: 152.796492ms, equiv_class_timed_out: false, smt_duration: 118.272753ms, smt_timed_out: false, nontrivial_perms: false, translate_duration: 619.631µs, normal_duration: 6.906289ms, stable_duration: 160.727152ms, unify_duration: 121.419991ms, total_duration: 0ns })
./bird/part3/codebase_community_638.json	NotProvable(Stats { provable: false, panicked: false, complete_fragment: false, equiv_class_duration: 149.633136ms, equiv_class_timed_out: false, smt_duration: 0ns, smt_timed_out: false, nontrivial_perms: false, translate_duration: 427.232µs, normal_duration: 5.862062ms, stable_duration: 154.622839ms, unify_duration: 8.652µs, total_duration: 0ns })
./bird/part3/codebase_community_639.json	Provable(Stats { provable: false, panicked: false, complete_fragment: true, equiv_class_duration: 0ns, equiv_class_timed_out: false, smt_duration: 0ns, smt_timed_out: false, nontrivial_perms: false, translate_duration: 0ns, normal_duration: 0ns, stable_duration: 0ns, unify_duration: 0ns, total_duration: 0ns })
./bird/part3/codebase_community_640.json	NotProvable(Stats { provable: false, panicked: false, complete_fragment: false, equiv_class_duration: 10.008926238s, equiv_class_timed_out: true, smt_duration: 10.114195927s, smt_timed_out: true, nontrivial_perms: true, translate_duration: 1.018455ms, normal_duration: 10.132981ms, stable_duration: 10.01839297s, unify_duration: 10.115247166s, total_duration: 0ns })
./bird/part3/codebase_community_641.json	NotProvable(Stats { provable: false, panicked: false, complete_fragment: false, equiv_class_duration: 26.337259922s, equiv_class_timed_out: true, smt_duration: 0ns, smt_timed_out: false, nontrivial_perms: false, translate_duration: 1.729069ms, normal_duration: 17.290873ms, stable_duration: 26.357916317s, unify_duration: 7.32µs, total_duration: 0ns })
./bird/part3/codebase_community_644.json	Provable(Stats { provable: false, panicked: false, complete_fragment: false, equiv_class_duration: 0ns, equiv_class_timed_out: false, smt_duration: 0ns, smt_timed_out: false, nontrivial_perms: false, translate_duration: 0ns, normal_duration: 0ns, stable_duration: 0ns, unify_duration: 0ns, total_duration: 0ns })
./bird/part3/codebase_community_645.json	Provable(Stats { provable: false, panicked: false, complete_fragment: true, equiv_class_duration: 0ns, equiv_class_timed_out: false, smt_duration: 0ns, smt_timed_out: false, nontrivial_perms: false, translate_duration: 0ns, normal_duration: 0ns, stable_duration: 0ns, unify_duration: 0ns, total_duration: 0ns })
./bird/part3/codebase_community_646.json	Provable(Stats { provable: false, panicked: false, complete_fragment: false, equiv_class_duration: 0ns, equiv_class_timed_out: false, smt_duration: 0ns, smt_timed_out: false, nontrivial_perms: false, translate_duration: 0ns, normal_duration: 0ns, stable_duration: 0ns, unify_duration: 0ns, total_duration: 0ns })
./bird/part3/codebase_community_647.json	NotProvable(Stats { provable: false, panicked: false, complete_fragment: true, equiv_class_duration: 113.322539ms, equiv_class_timed_out: false, smt_duration: 1.229112014s, smt_timed_out: false, nontrivial_perms: true, translate_duration: 218.737µs, normal_duration: 2.736819ms, stable_duration: 116.453827ms, unify_duration: 1.235933389s, total_duration: 0ns })
./bird/part3/codebase_community_649.json	Provable(Stats { provable: false, panicked: false, complete_fragment: true, equiv_class_duration: 54.228459ms, equiv_class_timed_out: false, smt_duration: 43.955052ms, smt_timed_out: false, nontrivial_perms: false, translate_duration: 188.925µs, normal_duration: 2.206726ms, stable_duration: 57.452114ms, unify_duration: 44.13973ms, total_duration: 0ns })
./bird/part3/codebase_community_650.json	NotProvable(Stats { provable: false, panicked: false, complete_fragment: false, equiv_class_duration: 258.984163ms, equiv_class_timed_out: false, smt_duration: 0ns, smt_timed_out: false, nontrivial_perms: false, translate_duration: 802.399µs, normal_duration: 8.861925ms, stable_duration: 266.983785ms, unify_duration: 11.019µs, total_duration: 0ns })
./bird/part3/codebase_community_651.json	NotProvable(Stats { provable: false, panicked: false, complete_fragment: true, equiv_class_duration: 90.448858ms, equiv_class_timed_out: false, smt_duration: 56.16996ms, smt_timed_out: false, nontrivial_perms: false, translate_duration: 178.609µs, normal_duration: 2.172239ms, stable_duration: 94.058224ms, unify_duration: 56.400281ms, total_duration: 0ns })
./bird/part3/codebase_community_652.json	NotProvable(Stats { provable: false, panicked: false, complete_fragment: false, equiv_class_duration: 10.002038877s, equiv_class_timed_out: true, smt_duration: 0ns, smt_timed_out: false, nontrivial_perms: false, translate_duration: 753.7µs, normal_duration: 7.444094ms, stable_duration: 10.009308661s, unify_duration: 9.197µs, total_duration: 0ns })
./bird/part3/codebase_community_654.json	NotProvable(Stats { provable: false, panicked: false, complete_fragment: false, equiv_class_duration: 111.925282ms, equiv_class_timed_out: false, smt_duration: 0ns, smt_timed_out: false, nontrivial_perms: false, translate_duration: 181.802µs, normal_duration: 98.524978ms, stable_duration: 117.783498ms, unify_duration: 8.166µs, total_duration: 0ns })
./bird/part3/codebase_community_655.json	NotProvable(Stats { provable: false, panicked: false, complete_fragment: true, equiv_class_duration: 196.841938ms, equiv_class_timed_out: false, smt_duration: 0ns, smt_timed_out: false, nontrivial_perms: false, translate_duration: 292.527µs, normal_duration: 3.758306ms, stable_duration: 200.669646ms, unify_duration: 11.038µs, total_duration: 0ns })
./bird/part3/codebase_community_656.json	NotProvable(Stats { provable: false, panicked: false, complete_fragment: false, equiv_class_duration: 10.001898462s, equiv_class_timed_out: true, smt_duration: 0ns, smt_timed_out: false, nontrivial_perms: false, translate_duration: 478.896µs, normal_duration: 5.440379ms, stable_duration: 10.006604362s, unify_duration: 10.153µs, total_duration: 0ns })
./bird/part3/codebase_community_657.json	NotProvable(Stats { provable: false, panicked: false, complete_fragment: false, equiv_class_duration: 8.582353616s, equiv_class_timed_out: false, smt_duration: 0ns, smt_timed_out: false, nontrivial_perms: false, translate_duration: 498.379µs, normal_duration: 4.594963184s, stable_duration: 8.595541111s, unify_duration: 9.355µs, total_duration: 0ns })
./bird/part3/codebase_community_658.json	NotProvable(Stats { provable: false, panicked: false, complete_fragment: false, equiv_class_duration: 579.098379ms, equiv_class_timed_out: false, smt_duration: 0ns, smt_timed_out: false, nontrivial_perms: false, translate_duration: 395.952µs, normal_duration: 352.716413ms, stable_duration: 587.48908ms, unify_duration: 11.028µs, total_duration: 0ns })
./bird/part3/codebase_community_659.json	Provable(Stats { provable: false, panicked: false, complete_fragment: false, equiv_class_duration: 0ns, equiv_class_timed_out: false, smt_duration: 0ns, smt_timed_out: false, nontrivial_perms: false, translate_duration: 0ns, normal_duration: 0ns, stable_duration: 0ns, unify_duration: 0ns, total_duration: 0ns })
./bird/part3/codebase_community_661.json	Provable(Stats { provable: false, panicked: false, complete_fragment: false, equiv_class_duration: 0ns, equiv_class_timed_out: false, smt_duration: 0ns, smt_timed_out: false, nontrivial_perms: false, translate_duration: 0ns, normal_duration: 0ns, stable_duration: 0ns, unify_duration: 0ns, total_duration: 0ns })
./bird/part3/codebase_community_662.json	NotProvable(Stats { provable: false, panicked: false, complete_fragment: false, equiv_class_duration: 125.77775ms, equiv_class_timed_out: false, smt_duration: 0ns, smt_timed_out: false, nontrivial_perms: false, translate_duration: 314.911µs, normal_duration: 60.65628ms, stable_duration: 133.217829ms, unify_duration: 6.901µs, total_duration: 0ns })
./bird/part3/codebase_community_664.json	NotProvable(Stats { provable: false, panicked: false, complete_fragment: false, equiv_class_duration: 154.820707ms, equiv_class_timed_out: false, smt_duration: 0ns, smt_timed_out: false, nontrivial_perms: false, translate_duration: 401.338µs, normal_duration: 53.492393ms, stable_duration: 161.830634ms, unify_duration: 7.363µs, total_duration: 0ns })
./bird/part3/codebase_community_667.json	Provable(Stats { provable: false, panicked: false, complete_fragment: false, equiv_class_duration: 53.406692ms, equiv_class_timed_out: false, smt_duration: 0ns, smt_timed_out: false, nontrivial_perms: false, translate_duration: 292.678µs, normal_duration: 119.77235ms, stable_duration: 56.806375ms, unify_duration: 0ns, total_duration: 0ns })
./bird/part3/codebase_community_668.json	NotProvable(Stats { provable: false, panicked: false, complete_fragment: false, equiv_class_duration: 56.437509ms, equiv_class_timed_out: false, smt_duration: 204.100592ms, smt_timed_out: false, nontrivial_perms: false, translate_duration: 252.065µs, normal_duration: 128.937242ms, stable_duration: 59.837245ms, unify_duration: 205.051242ms, total_duration: 0ns })
./bird/part3/codebase_community_670.json	NotProvable(Stats { provable: false, panicked: false, complete_fragment: false, equiv_class_duration: 94.003812ms, equiv_class_timed_out: false, smt_duration: 54.085095ms, smt_timed_out: false, nontrivial_perms: false, translate_duration: 537.51µs, normal_duration: 79.276006ms, stable_duration: 98.790032ms, unify_duration: 54.308022ms, total_duration: 0ns })
./bird/part3/codebase_community_673.json	NotProvable(Stats { provable: false, panicked: false, complete_fragment: false, equiv_class_duration: 110.345107ms, equiv_class_timed_out: false, smt_duration: 58.445487ms, smt_timed_out: false, nontrivial_perms: false, translate_duration: 475.671µs, normal_duration: 5.767823ms, stable_duration: 117.885159ms, unify_duration: 58.790563ms, total_duration: 0ns })
./bird/part3/codebase_community_674.json	NotProvable(Stats { provable: false, panicked: false, complete_fragment: false, equiv_class_duration: 24.867095258s, equiv_class_timed_out: false, smt_duration: 10.207389268s, smt_timed_out: true, nontrivial_perms: false, translate_duration: 1.799283ms, normal_duration: 15.363108ms, stable_duration: 24.918462394s, unify_duration: 10.213040095s, total_duration: 0ns })
./bird/part3/codebase_community_675.json	NotProvable(Stats { provable: false, panicked: false, complete_fragment: false, equiv_class_duration: 90.568194ms, equiv_class_timed_out: false, smt_duration: 0ns, smt_timed_out: false, nontrivial_perms: false, translate_duration: 193.203µs, normal_duration: 36.101953ms, stable_duration: 96.729458ms, unify_duration: 7.033µs, total_duration: 0ns })
./bird/part3/codebase_community_676.json	Provable(Stats { provable: false, panicked: false, complete_fragment: false, equiv_class_duration: 0ns, equiv_class_timed_out: false, smt_duration: 0ns, smt_timed_out: false, nontrivial_perms: false, translate_duration: 0ns, normal_duration: 0ns, stable_duration: 0ns, unify_duration: 0ns, total_duration: 0ns })
./bird/part3/codebase_community_677.json	Provable(Stats { provable: false, panicked: false, complete_fragment: true, equiv_class_duration: 0ns, equiv_class_timed_out: false, smt_duration: 0ns, smt_timed_out: false, nontrivial_perms: false, translate_duration: 0ns, normal_duration: 0ns, stable_duration: 0ns, unify_duration: 0ns, total_duration: 0ns })
./bird/part3/codebase_community_679.json	Provable(Stats { provable: false, panicked: false, complete_fragment: false, equiv_class_duration: 133.599218ms, equiv_class_timed_out: false, smt_duration: 180.875917ms, smt_timed_out: false, nontrivial_perms: false, translate_duration: 362.228µs, normal_duration: 276.695156ms, stable_duration: 138.120534ms, unify_duration: 181.80388ms, total_duration: 0ns })
./bird/part3/codebase_community_680.json	NotProvable(Stats { provable: false, panicked: false, complete_fragment: false, equiv_class_duration: 94.93771ms, equiv_class_timed_out: false, smt_duration: 0ns, smt_timed_out: false, nontrivial_perms: false, translate_duration: 475.462µs, normal_duration: 183.067886ms, stable_duration: 98.608857ms, unify_duration: 473ns, total_duration: 0ns })
./bird/part3/codebase_community_681.json	NotProvable(Stats { provable: false, panicked: false, complete_fragment: false, equiv_class_duration: 11.248025205s, equiv_class_timed_out: false, smt_duration: 56.205618ms, smt_timed_out: false, nontrivial_perms: false, translate_duration: 731.719µs, normal_duration: 8.582074ms, stable_duration: 11.265990829s, unify_duration: 56.881589ms, total_duration: 0ns })
./bird/part3/codebase_community_685.json	NotProvable(Stats { provable: false, panicked: false, complete_fragment: false, equiv_class_duration: 181.050468ms, equiv_class_timed_out: false, smt_duration: 275.300932ms, smt_timed_out: false, nontrivial_perms: false, translate_duration: 322.387µs, normal_duration: 4.135469ms, stable_duration: 191.073459ms, unify_duration: 277.105428ms, total_duration: 0ns })
./bird/part3/codebase_community_686.json	NotProvable(Stats { provable: false, panicked: false, complete_fragment: true, equiv_class_duration: 135.04185ms, equiv_class_timed_out: false, smt_duration: 0ns, smt_timed_out: false, nontrivial_perms: false, translate_duration: 219.518µs, normal_duration: 2.647745ms, stable_duration: 138.938371ms, unify_duration: 8.467µs, total_duration: 0ns })
./bird/part3/codebase_community_687.json	NotProvable(Stats { provable: false, panicked: false, complete_fragment: false, equiv_class_duration: 125.615759ms, equiv_class_timed_out: false, smt_duration: 0ns, smt_timed_out: false, nontrivial_perms: false, translate_duration: 894.172µs, normal_duration: 8.005811ms, stable_duration: 132.206055ms, unify_duration: 7.983µs, total_duration: 0ns })
./bird/part3/codebase_community_688.json	NotProvable(Stats { provable: false, panicked: false, complete_fragment: false, equiv_class_duration: 233.105282ms, equiv_class_timed_out: false, smt_duration: 0ns, smt_timed_out: false, nontrivial_perms: false, translate_duration: 439.176µs, normal_duration: 444.128379ms, stable_duration: 242.697656ms, unify_duration: 7.636µs, total_duration: 0ns })
./bird/part3/codebase_community_689.json	Provable(Stats { provable: false, panicked: false, complete_fragment: false, equiv_class_duration: 0ns, equiv_class_timed_out: false, smt_duration: 0ns, smt_timed_out: false, nontrivial_perms: false, translate_duration: 0ns, normal_duration: 0ns, stable_duration: 0ns, unify_duration: 0ns, total_duration: 0ns })
./bird/part3/codebase_community_690.json	NotProvable(Stats { provable: false, panicked: false, complete_fragment: false, equiv_class_duration: 121.603601ms, equiv_class_timed_out: false, smt_duration: 253.229605ms, smt_timed_out: false, nontrivial_perms: true, translate_duration: 292.788µs, normal_duration: 222.230731ms, stable_duration: 125.722011ms, unify_duration: 254.363839ms, total_duration: 0ns })
./bird/part3/codebase_community_692.json	Provable(Stats { provable: false, panicked: false, complete_fragment: false, equiv_class_duration: 0ns, equiv_class_timed_out: false, smt_duration: 0ns, smt_timed_out: false, nontrivial_perms: false, translate_duration: 0ns, normal_duration: 0ns, stable_duration: 0ns, unify_duration: 0ns, total_duration: 0ns })
./bird/part3/codebase_community_694.json	NotProvable(Stats { provable: false, panicked: false, complete_fragment: false, equiv_class_duration: 8.31683451s, equiv_class_timed_out: false, smt_duration: 0ns, smt_timed_out: false, nontrivial_perms: false, translate_duration: 1.25027ms, normal_duration: 218.727832ms, stable_duration: 8.341241548s, unify_duration: 1.256µs, total_duration: 0ns })
./bird/part3/codebase_community_695.json	NotProvable(Stats { provable: false, panicked: false, complete_fragment: false, equiv_class_duration: 506.704898ms, equiv_class_timed_out: false, smt_duration: 286.556006ms, smt_timed_out: false, nontrivial_perms: true, translate_duration: 566.263µs, normal_duration: 991.094172ms, stable_duration: 511.740802ms, unify_duration: 288.107489ms, total_duration: 0ns })
./bird/part3/codebase_community_696.json	NotProvable(Stats { provable: false, panicked: false, complete_fragment: false, equiv_class_duration: 66.440133ms, equiv_class_timed_out: false, smt_duration: 106.588021ms, smt_timed_out: false, nontrivial_perms: false, translate_duration: 200.804µs, normal_duration: 2.989301ms, stable_duration: 72.60188ms, unify_duration: 109.162443ms, total_duration: 0ns })
./bird/part3/codebase_community_697.json	NotProvable(Stats { provable: false, panicked: false, complete_fragment: false, equiv_class_duration: 74.289424ms, equiv_class_timed_out: false, smt_duration: 105.673895ms, smt_timed_out: false, nontrivial_perms: false, translate_duration: 237.98µs, normal_duration: 3.276273ms, stable_duration: 79.770856ms, unify_duration: 107.918246ms, total_duration: 0ns })
./bird/part3/codebase_community_698.json	Provable(Stats { provable: false, panicked: false, complete_fragment: true, equiv_class_duration: 0ns, equiv_class_timed_out: false, smt_duration: 0ns, smt_timed_out: false, nontrivial_perms: false, translate_duration: 0ns, normal_duration: 0ns, stable_duration: 0ns, unify_duration: 0ns, total_duration: 0ns })
./bird/part3/codebase_community_699.json	NotProvable(Stats { provable: false, panicked: false, complete_fragment: false, equiv_class_duration: 75.457744398s, equiv_class_timed_out: false, smt_duration: 0ns, smt_timed_out: false, nontrivial_perms: false, translate_duration: 1.079038ms, normal_duration: 10.598106ms, stable_duration: 75.492519403s, unify_duration: 10.014µs, total_duration: 0ns })
./bird/part3/codebase_community_700.json	Provable(Stats { provable: false, panicked: false, complete_fragment: true, equiv_class_duration: 0ns, equiv_class_timed_out: false, smt_duration: 0ns, smt_timed_out: false, nontrivial_perms: false, translate_duration: 0ns, normal_duration: 0ns, stable_duration: 0ns, unify_duration: 0ns, total_duration: 0ns })
./bird/part3/codebase_community_701.json	Provable(Stats { provable: false, panicked: false, complete_fragment: false, equiv_class_duration: 0ns, equiv_class_timed_out: false, smt_duration: 0ns, smt_timed_out: false, nontrivial_perms: false, translate_duration: 0ns, normal_duration: 0ns, stable_duration: 0ns, unify_duration: 0ns, total_duration: 0ns })
./bird/part3/codebase_community_703.json	Provable(Stats { provable: false, panicked: false, complete_fragment: false, equiv_class_duration: 0ns, equiv_class_timed_out: false, smt_duration: 0ns, smt_timed_out: false, nontrivial_perms: false, translate_duration: 0ns, normal_duration: 0ns, stable_duration: 0ns, unify_duration: 0ns, total_duration: 0ns })
./bird/part3/codebase_community_705.json	Provable(Stats { provable: false, panicked: false, complete_fragment: true, equiv_class_duration: 0ns, equiv_class_timed_out: false, smt_duration: 0ns, smt_timed_out: false, nontrivial_perms: false, translate_duration: 0ns, normal_duration: 0ns, stable_duration: 0ns, unify_duration: 0ns, total_duration: 0ns })
./bird/part3/codebase_community_706.json	Provable(Stats { provable: false, panicked: false, complete_fragment: true, equiv_class_duration: 0ns, equiv_class_timed_out: false, smt_duration: 0ns, smt_timed_out: false, nontrivial_perms: false, translate_duration: 0ns, normal_duration: 0ns, stable_duration: 0ns, unify_duration: 0ns, total_duration: 0ns })
./bird/part3/codebase_community_707.json	NotProvable(Stats { provable: false, panicked: false, complete_fragment: true, equiv_class_duration: 72.514815ms, equiv_class_timed_out: false, smt_duration: 0ns, smt_timed_out: false, nontrivial_perms: false, translate_duration: 184.471µs, normal_duration: 2.081455ms, stable_duration: 76.283388ms, unify_duration: 7.712µs, total_duration: 0ns })
./bird/part3/codebase_community_708.json	NotProvable(Stats { provable: false, panicked: false, complete_fragment: false, equiv_class_duration: 2.753499773s, equiv_class_timed_out: false, smt_duration: 224.376776ms, smt_timed_out: false, nontrivial_perms: false, translate_duration: 481.805µs, normal_duration: 5.641128239s, stable_duration: 2.759948096s, unify_duration: 225.992799ms, total_duration: 0ns })
./bird/part3/codebase_community_709.json	Provable(Stats { provable: false, panicked: false, complete_fragment: true, equiv_class_duration: 61.008231ms, equiv_class_timed_out: false, smt_duration: 42.921518ms, smt_timed_out: false, nontrivial_perms: false, translate_duration: 224.5µs, normal_duration: 2.794042ms, stable_duration: 64.622724ms, unify_duration: 43.134199ms, total_duration: 0ns })
./bird/part3/codebase_community_710.json	NotProvable(Stats { provable: false, panicked: false, complete_fragment: false, equiv_class_duration: 99.7781ms, equiv_class_timed_out: false, smt_duration: 49.383749ms, smt_timed_out: false, nontrivial_perms: false, translate_duration: 726.617µs, normal_duration: 7.447647ms, stable_duration: 105.436179ms, unify_duration: 49.658846ms, total_duration: 0ns })
./bird/part3/codebase_community_711.json	NotProvable(Stats { provable: false, panicked: false, complete_fragment: false, equiv_class_duration: 92.549135ms, equiv_class_timed_out: false, smt_duration: 99.403338ms, smt_timed_out: false, nontrivial_perms: false, translate_duration: 486.098µs, normal_duration: 5.648726ms, stable_duration: 97.710947ms, unify_duration: 100.465801ms, total_duration: 0ns })
./bird/part3/codebase_community_712.json	NotProvable(Stats { provable: false, panicked: false, complete_fragment: false, equiv_class_duration: 77.746562ms, equiv_class_timed_out: false, smt_duration: 51.702449ms, smt_timed_out: false, nontrivial_perms: false, translate_duration: 426.193µs, normal_duration: 4.600236ms, stable_duration: 82.995486ms, unify_duration: 51.962924ms, total_duration: 0ns })
./bird/part3/codebase_community_714.json	Provable(Stats { provable: false, panicked: false, complete_fragment: true, equiv_class_duration: 0ns, equiv_class_timed_out: false, smt_duration: 0ns, smt_timed_out: false, nontrivial_perms: false, translate_duration: 0ns, normal_duration: 0ns, stable_duration: 0ns, unify_duration: 0ns, total_duration: 0ns })
./bird/part3/codebase_community_715.json	Provable(Stats { provable: false, panicked: false, complete_fragment: true, equiv_class_duration: 81.485992ms, equiv_class_timed_out: false, smt_duration: 38.618618ms, smt_timed_out: false, nontrivial_perms: false, translate_duration: 173.76µs, normal_duration: 2.147526ms, stable_duration: 85.262851ms, unify_duration: 38.83344ms, total_duration: 0ns })
./bird/part3/codebase_community_716.json	Provable(Stats { provable: false, panicked: false, complete_fragment: true, equiv_class_duration: 0ns, equiv_class_timed_out: false, smt_duration: 0ns, smt_timed_out: false, nontrivial_perms: false, translate_duration: 0ns, normal_duration: 0ns, stable_duration: 0ns, unify_duration: 0ns, total_duration: 0ns })
./bird/part3/codebase_community_717.json	NotProvable(Stats { provable: false, panicked: false, complete_fragment: false, equiv_class_duration: 10.006498875s, equiv_class_timed_out: true, smt_duration: 279.387342ms, smt_timed_out: false, nontrivial_perms: true, translate_duration: 765.711µs, normal_duration: 7.71764ms, stable_duration: 10.013231809s, unify_duration: 280.312031ms, total_duration: 0ns })
Provable: 65 / 138
