#0: ./bird/part5/european_football_2_1118.json
Trivially true!
Equivalence is provable for european_football_2_1118.json
#1: ./bird/part5/european_football_2_1060.json
Trivially true!
Equivalence is provable for european_football_2_1060.json
#2: ./bird/part5/european_football_2_1078.json
Trivially true!
Equivalence is provable for european_football_2_1078.json
#3: ./bird/part5/european_football_2_1044.json
Trivially true!
Equivalence is provable for european_football_2_1044.json
#4: ./bird/part5/european_football_2_1022.json
Equivalence is not provable for european_football_2_1022.json
#5: ./bird/part5/european_football_2_1070.json
Trivially true!
Equivalence is provable for european_football_2_1070.json
#6: ./bird/part5/european_football_2_1080.json
Trivially true!
Equivalence is provable for european_football_2_1080.json
#7: ./bird/part5/european_football_2_1117.json
Trivially true!
Equivalence is provable for european_football_2_1117.json
#8: ./bird/part5/european_football_2_1021.json
Trivially true!
Equivalence is provable for european_football_2_1021.json
#9: ./bird/part5/european_football_2_1133.json
Trivially true!
Equivalence is provable for european_football_2_1133.json
#10: ./bird/part5/european_football_2_1023.json
Equivalence is not provable for european_football_2_1023.json
#11: ./bird/part5/european_football_2_1062.json
Equivalence is provable for european_football_2_1062.json
#12: ./bird/part5/european_football_2_1134.json
Equivalence is not provable for european_football_2_1134.json
#13: ./bird/part5/european_football_2_1025.json
Equivalence is not provable for european_football_2_1025.json
#14: ./bird/part5/european_football_2_1036.json
Equivalence is not provable for european_football_2_1036.json
#15: ./bird/part5/european_football_2_1083.json
Equivalence is provable for european_football_2_1083.json
#16: ./bird/part5/european_football_2_1071.json
Equivalence is provable for european_football_2_1071.json
#17: ./bird/part5/european_football_2_1082.json
Equivalence is provable for european_football_2_1082.json
#18: ./bird/part5/european_football_2_1068.json
Equivalence is not provable for european_football_2_1068.json
#19: ./bird/part5/european_football_2_1066.json
Equivalence is not provable for european_football_2_1066.json
#20: ./bird/part5/european_football_2_1130.json
Equivalence is not provable for european_football_2_1130.json
#21: ./bird/part5/european_football_2_1057.json
Equivalence is not provable for european_football_2_1057.json
#22: ./bird/part5/european_football_2_1125.json
Equivalence is not provable for european_football_2_1125.json
#23: ./bird/part5/european_football_2_1131.json
Equivalence is not provable for european_football_2_1131.json
#24: ./bird/part5/european_football_2_1054.json
Equivalence is not provable for european_football_2_1054.json
#25: ./bird/part5/european_football_2_1067.json
Equivalence is not provable for european_football_2_1067.json
#26: ./bird/part5/european_football_2_1024.json
Trivially true!
Equivalence is provable for european_football_2_1024.json
#27: ./bird/part5/european_football_2_1142.json
Equivalence is not provable for european_football_2_1142.json
#28: ./bird/part5/european_football_2_1091.json
Equivalence is provable for european_football_2_1091.json
#29: ./bird/part5/european_football_2_1056.json
Trivially true!
Equivalence is provable for european_football_2_1056.json
#30: ./bird/part5/european_football_2_1051.json
Equivalence is provable for european_football_2_1051.json
#31: ./bird/part5/european_football_2_1139.json
Equivalence is provable for european_football_2_1139.json
#32: ./bird/part5/european_football_2_1081.json
Trivially true!
Equivalence is provable for european_football_2_1081.json
#33: ./bird/part5/european_football_2_1064.json
Equivalence is not provable for european_football_2_1064.json
#34: ./bird/part5/european_football_2_1030.json
Equivalence is not provable for european_football_2_1030.json
#35: ./bird/part5/european_football_2_1098.json
Equivalence is provable for european_football_2_1098.json
#36: ./bird/part5/european_football_2_1101.json
Equivalence is provable for european_football_2_1101.json
#37: ./bird/part5/european_football_2_1141.json
Equivalence is not provable for european_football_2_1141.json
#38: ./bird/part5/european_football_2_1136.json
Equivalence is not provable for european_football_2_1136.json
#39: ./bird/part5/european_football_2_1079.json
Trivially true!
Equivalence is provable for european_football_2_1079.json
#40: ./bird/part5/european_football_2_1055.json
Equivalence is not provable for european_football_2_1055.json
#41: ./bird/part5/european_football_2_1046.json
Equivalence is not provable for european_football_2_1046.json
#42: ./bird/part5/european_football_2_1087.json
Equivalence is not provable for european_football_2_1087.json
#43: ./bird/part5/european_football_2_1100.json
Equivalence is not provable for european_football_2_1100.json
#44: ./bird/part5/european_football_2_1097.json
Equivalence is not provable for european_football_2_1097.json
#45: ./bird/part5/european_football_2_1096.json
Equivalence is not provable for european_football_2_1096.json
#46: ./bird/part5/european_football_2_1053.json
Equivalence is not provable for european_football_2_1053.json
#47: ./bird/part5/european_football_2_1072.json
Equivalence is not provable for european_football_2_1072.json
#48: ./bird/part5/european_football_2_1076.json
Equivalence is not provable for european_football_2_1076.json
#49: ./bird/part5/european_football_2_1148.json
Equivalence is not provable for european_football_2_1148.json
#50: ./bird/part5/european_football_2_1047.json
Equivalence is not provable for european_football_2_1047.json
#51: ./bird/part5/european_football_2_1028.json
Equivalence is not provable for european_football_2_1028.json
#52: ./bird/part5/european_football_2_1137.json
Equivalence is provable for european_football_2_1137.json
#53: ./bird/part5/european_football_2_1145.json
Equivalence is not provable for european_football_2_1145.json
#54: ./bird/part5/european_football_2_1073.json
Equivalence is not provable for european_football_2_1073.json
#55: ./bird/part5/european_football_2_1088.json
Equivalence is not provable for european_football_2_1088.json
#56: ./bird/part5/european_football_2_1138.json
Equivalence is not provable for european_football_2_1138.json
#57: ./bird/part5/european_football_2_1135.json
Equivalence is not provable for european_football_2_1135.json
#58: ./bird/part5/european_football_2_1040.json
Equivalence is not provable for european_football_2_1040.json
#59: ./bird/part5/european_football_2_1084.json
Equivalence is not provable for european_football_2_1084.json
#60: ./bird/part5/european_football_2_1089.json
Equivalence is not provable for european_football_2_1089.json
#61: ./bird/part5/european_football_2_1052.json
Equivalence is not provable for european_football_2_1052.json
#62: ./bird/part5/european_football_2_1095.json
Equivalence is not provable for european_football_2_1095.json
#63: ./bird/part5/european_football_2_1077.json
Equivalence is not provable for european_football_2_1077.json


STATISTICS
./bird/part5/european_football_2_1021.json	Provable(Stats { provable: false, panicked: false, complete_fragment: false, equiv_class_duration: 0ns, equiv_class_timed_out: false, smt_duration: 0ns, smt_timed_out: false, nontrivial_perms: false, translate_duration: 0ns, normal_duration: 0ns, stable_duration: 0ns, unify_duration: 0ns, total_duration: 0ns })
./bird/part5/european_football_2_1022.json	NotProvable(Stats { provable: false, panicked: false, complete_fragment: false, equiv_class_duration: 33.141025ms, equiv_class_timed_out: false, smt_duration: 0ns, smt_timed_out: false, nontrivial_perms: false, translate_duration: 461.078µs, normal_duration: 108.68913ms, stable_duration: 36.10497ms, unify_duration: 592ns, total_duration: 0ns })
./bird/part5/european_football_2_1023.json	NotProvable(Stats { provable: false, panicked: false, complete_fragment: false, equiv_class_duration: 31.418539ms, equiv_class_timed_out: false, smt_duration: 213.645243ms, smt_timed_out: false, nontrivial_perms: false, translate_duration: 119.419µs, normal_duration: 78.920371ms, stable_duration: 34.468716ms, unify_duration: 214.449439ms, total_duration: 0ns })
./bird/part5/european_football_2_1024.json	Provable(Stats { provable: false, panicked: false, complete_fragment: false, equiv_class_duration: 0ns, equiv_class_timed_out: false, smt_duration: 0ns, smt_timed_out: false, nontrivial_perms: false, translate_duration: 0ns, normal_duration: 0ns, stable_duration: 0ns, unify_duration: 0ns, total_duration: 0ns })
./bird/part5/european_football_2_1025.json	NotProvable(Stats { provable: false, panicked: false, complete_fragment: false, equiv_class_duration: 69.906541ms, equiv_class_timed_out: false, smt_duration: 215.897262ms, smt_timed_out: false, nontrivial_perms: false, translate_duration: 231.333µs, normal_duration: 2.029404ms, stable_duration: 73.517238ms, unify_duration: 216.579987ms, total_duration: 0ns })
./bird/part5/european_football_2_1028.json	NotProvable(Stats { provable: false, panicked: false, complete_fragment: false, equiv_class_duration: 64.663778ms, equiv_class_timed_out: false, smt_duration: 460.051849ms, smt_timed_out: false, nontrivial_perms: true, translate_duration: 274.175µs, normal_duration: 3.277143ms, stable_duration: 68.349279ms, unify_duration: 462.390975ms, total_duration: 0ns })
./bird/part5/european_football_2_1030.json	NotProvable(Stats { provable: false, panicked: false, complete_fragment: false, equiv_class_duration: 52.228158ms, equiv_class_timed_out: false, smt_duration: 0ns, smt_timed_out: false, nontrivial_perms: false, translate_duration: 213.249µs, normal_duration: 2.219413ms, stable_duration: 55.602122ms, unify_duration: 453ns, total_duration: 0ns })
./bird/part5/european_football_2_1036.json	NotProvable(Stats { provable: false, panicked: false, complete_fragment: false, equiv_class_duration: 24.090184ms, equiv_class_timed_out: false, smt_duration: 0ns, smt_timed_out: false, nontrivial_perms: false, translate_duration: 241.149µs, normal_duration: 2.424786ms, stable_duration: 27.231217ms, unify_duration: 10.883µs, total_duration: 0ns })
./bird/part5/european_football_2_1040.json	NotProvable(Stats { provable: false, panicked: false, complete_fragment: false, equiv_class_duration: 926.036015ms, equiv_class_timed_out: false, smt_duration: 0ns, smt_timed_out: false, nontrivial_perms: false, translate_duration: 897.821µs, normal_duration: 8.347228ms, stable_duration: 940.351283ms, unify_duration: 750ns, total_duration: 0ns })
./bird/part5/european_football_2_1044.json	Provable(Stats { provable: false, panicked: false, complete_fragment: true, equiv_class_duration: 0ns, equiv_class_timed_out: false, smt_duration: 0ns, smt_timed_out: false, nontrivial_perms: false, translate_duration: 0ns, normal_duration: 0ns, stable_duration: 0ns, unify_duration: 0ns, total_duration: 0ns })
./bird/part5/european_football_2_1046.json	NotProvable(Stats { provable: false, panicked: false, complete_fragment: false, equiv_class_duration: 758.33901ms, equiv_class_timed_out: false, smt_duration: 57.162802ms, smt_timed_out: false, nontrivial_perms: false, translate_duration: 360.707µs, normal_duration: 3.531377ms, stable_duration: 765.360716ms, unify_duration: 57.495584ms, total_duration: 0ns })
./bird/part5/european_football_2_1047.json	NotProvable(Stats { provable: false, panicked: false, complete_fragment: false, equiv_class_duration: 676.208748ms, equiv_class_timed_out: false, smt_duration: 0ns, smt_timed_out: false, nontrivial_perms: false, translate_duration: 494.166µs, normal_duration: 4.832956ms, stable_duration: 684.273208ms, unify_duration: 4.56µs, total_duration: 0ns })
./bird/part5/european_football_2_1051.json	Provable(Stats { provable: false, panicked: false, complete_fragment: false, equiv_class_duration: 76.157523ms, equiv_class_timed_out: false, smt_duration: 183.229069ms, smt_timed_out: false, nontrivial_perms: false, translate_duration: 324.434µs, normal_duration: 143.762886ms, stable_duration: 79.446777ms, unify_duration: 184.234395ms, total_duration: 0ns })
./bird/part5/european_football_2_1052.json	NotProvable(Stats { provable: false, panicked: false, complete_fragment: false, equiv_class_duration: 27.172428979s, equiv_class_timed_out: true, smt_duration: 0ns, smt_timed_out: false, nontrivial_perms: false, translate_duration: 999.683µs, normal_duration: 12.057769ms, stable_duration: 27.194375136s, unify_duration: 8.063µs, total_duration: 0ns })
./bird/part5/european_football_2_1053.json	NotProvable(Stats { provable: false, panicked: false, complete_fragment: false, equiv_class_duration: 109.999058ms, equiv_class_timed_out: false, smt_duration: 55.625592ms, smt_timed_out: false, nontrivial_perms: false, translate_duration: 382.246µs, normal_duration: 4.636336ms, stable_duration: 116.578743ms, unify_duration: 55.981115ms, total_duration: 0ns })
./bird/part5/european_football_2_1054.json	NotProvable(Stats { provable: false, panicked: false, complete_fragment: false, equiv_class_duration: 99.440149ms, equiv_class_timed_out: false, smt_duration: 0ns, smt_timed_out: false, nontrivial_perms: false, translate_duration: 153.422µs, normal_duration: 2.037013ms, stable_duration: 103.207525ms, unify_duration: 6.95µs, total_duration: 0ns })
./bird/part5/european_football_2_1055.json	NotProvable(Stats { provable: false, panicked: false, complete_fragment: false, equiv_class_duration: 790.810794ms, equiv_class_timed_out: false, smt_duration: 56.857576ms, smt_timed_out: false, nontrivial_perms: false, translate_duration: 448.202µs, normal_duration: 4.114424ms, stable_duration: 797.951666ms, unify_duration: 57.192972ms, total_duration: 0ns })
./bird/part5/european_football_2_1056.json	Provable(Stats { provable: false, panicked: false, complete_fragment: false, equiv_class_duration: 0ns, equiv_class_timed_out: false, smt_duration: 0ns, smt_timed_out: false, nontrivial_perms: false, translate_duration: 0ns, normal_duration: 0ns, stable_duration: 0ns, unify_duration: 0ns, total_duration: 0ns })
./bird/part5/european_football_2_1057.json	NotProvable(Stats { provable: false, panicked: false, complete_fragment: false, equiv_class_duration: 98.169682ms, equiv_class_timed_out: false, smt_duration: 0ns, smt_timed_out: false, nontrivial_perms: false, translate_duration: 182.05µs, normal_duration: 1.620198ms, stable_duration: 103.214084ms, unify_duration: 4.293µs, total_duration: 0ns })
./bird/part5/european_football_2_1060.json	Provable(Stats { provable: false, panicked: false, complete_fragment: true, equiv_class_duration: 0ns, equiv_class_timed_out: false, smt_duration: 0ns, smt_timed_out: false, nontrivial_perms: false, translate_duration: 0ns, normal_duration: 0ns, stable_duration: 0ns, unify_duration: 0ns, total_duration: 0ns })
./bird/part5/european_football_2_1062.json	Provable(Stats { provable: false, panicked: false, complete_fragment: false, equiv_class_duration: 54.23472ms, equiv_class_timed_out: false, smt_duration: 121.500273ms, smt_timed_out: false, nontrivial_perms: false, translate_duration: 379.058µs, normal_duration: 3.258868ms, stable_duration: 60.285654ms, unify_duration: 123.819532ms, total_duration: 0ns })
./bird/part5/european_football_2_1064.json	NotProvable(Stats { provable: false, panicked: false, complete_fragment: false, equiv_class_duration: 667.169383ms, equiv_class_timed_out: false, smt_duration: 0ns, smt_timed_out: false, nontrivial_perms: false, translate_duration: 348.646µs, normal_duration: 3.197126ms, stable_duration: 673.318879ms, unify_duration: 4.636µs, total_duration: 0ns })
./bird/part5/european_football_2_1066.json	NotProvable(Stats { provable: false, panicked: false, complete_fragment: false, equiv_class_duration: 94.406991ms, equiv_class_timed_out: false, smt_duration: 0ns, smt_timed_out: false, nontrivial_perms: false, translate_duration: 194.306µs, normal_duration: 2.08737ms, stable_duration: 98.106147ms, unify_duration: 6.697µs, total_duration: 0ns })
./bird/part5/european_football_2_1067.json	NotProvable(Stats { provable: false, panicked: false, complete_fragment: false, equiv_class_duration: 94.524025ms, equiv_class_timed_out: false, smt_duration: 0ns, smt_timed_out: false, nontrivial_perms: false, translate_duration: 155.339µs, normal_duration: 2.029283ms, stable_duration: 98.196094ms, unify_duration: 6.87µs, total_duration: 0ns })
./bird/part5/european_football_2_1068.json	NotProvable(Stats { provable: false, panicked: false, complete_fragment: false, equiv_class_duration: 30.229451ms, equiv_class_timed_out: false, smt_duration: 0ns, smt_timed_out: false, nontrivial_perms: false, translate_duration: 270.388µs, normal_duration: 3.387989ms, stable_duration: 33.553578ms, unify_duration: 7.665µs, total_duration: 0ns })
./bird/part5/european_football_2_1070.json	Provable(Stats { provable: false, panicked: false, complete_fragment: false, equiv_class_duration: 0ns, equiv_class_timed_out: false, smt_duration: 0ns, smt_timed_out: false, nontrivial_perms: false, translate_duration: 0ns, normal_duration: 0ns, stable_duration: 0ns, unify_duration: 0ns, total_duration: 0ns })
./bird/part5/european_football_2_1071.json	Provable(Stats { provable: false, panicked: false, complete_fragment: true, equiv_class_duration: 124.777262ms, equiv_class_timed_out: false, smt_duration: 44.171109ms, smt_timed_out: false, nontrivial_perms: false, translate_duration: 266.497µs, normal_duration: 2.210781ms, stable_duration: 128.139171ms, unify_duration: 44.390967ms, total_duration: 0ns })
./bird/part5/european_football_2_1072.json	NotProvable(Stats { provable: false, panicked: false, complete_fragment: false, equiv_class_duration: 25.456726ms, equiv_class_timed_out: false, smt_duration: 50.975754ms, smt_timed_out: false, nontrivial_perms: false, translate_duration: 317.883µs, normal_duration: 2.74708ms, stable_duration: 29.046221ms, unify_duration: 51.182418ms, total_duration: 0ns })
./bird/part5/european_football_2_1073.json	NotProvable(Stats { provable: false, panicked: false, complete_fragment: false, equiv_class_duration: 10.004074456s, equiv_class_timed_out: true, smt_duration: 0ns, smt_timed_out: false, nontrivial_perms: false, translate_duration: 616.594µs, normal_duration: 6.906357ms, stable_duration: 10.009688426s, unify_duration: 633ns, total_duration: 0ns })
./bird/part5/european_football_2_1076.json	NotProvable(Stats { provable: false, panicked: false, complete_fragment: false, equiv_class_duration: 42.374083ms, equiv_class_timed_out: false, smt_duration: 209.868847ms, smt_timed_out: false, nontrivial_perms: false, translate_duration: 302.294µs, normal_duration: 111.956678ms, stable_duration: 45.992851ms, unify_duration: 210.738453ms, total_duration: 0ns })
./bird/part5/european_football_2_1077.json	NotProvable(Stats { provable: false, panicked: false, complete_fragment: false, equiv_class_duration: 10.004984866s, equiv_class_timed_out: true, smt_duration: 0ns, smt_timed_out: false, nontrivial_perms: false, translate_duration: 2.01848ms, normal_duration: 25.30796ms, stable_duration: 10.022239617s, unify_duration: 510ns, total_duration: 0ns })
./bird/part5/european_football_2_1078.json	Provable(Stats { provable: false, panicked: false, complete_fragment: true, equiv_class_duration: 0ns, equiv_class_timed_out: false, smt_duration: 0ns, smt_timed_out: false, nontrivial_perms: false, translate_duration: 0ns, normal_duration: 0ns, stable_duration: 0ns, unify_duration: 0ns, total_duration: 0ns })
./bird/part5/european_football_2_1079.json	Provable(Stats { provable: false, panicked: false, complete_fragment: false, equiv_class_duration: 0ns, equiv_class_timed_out: false, smt_duration: 0ns, smt_timed_out: false, nontrivial_perms: false, translate_duration: 0ns, normal_duration: 0ns, stable_duration: 0ns, unify_duration: 0ns, total_duration: 0ns })
./bird/part5/european_football_2_1080.json	Provable(Stats { provable: false, panicked: false, complete_fragment: false, equiv_class_duration: 0ns, equiv_class_timed_out: false, smt_duration: 0ns, smt_timed_out: false, nontrivial_perms: false, translate_duration: 0ns, normal_duration: 0ns, stable_duration: 0ns, unify_duration: 0ns, total_duration: 0ns })
./bird/part5/european_football_2_1081.json	Provable(Stats { provable: false, panicked: false, complete_fragment: false, equiv_class_duration: 0ns, equiv_class_timed_out: false, smt_duration: 0ns, smt_timed_out: false, nontrivial_perms: false, translate_duration: 0ns, normal_duration: 0ns, stable_duration: 0ns, unify_duration: 0ns, total_duration: 0ns })
./bird/part5/european_football_2_1082.json	Provable(Stats { provable: false, panicked: false, complete_fragment: true, equiv_class_duration: 131.496737ms, equiv_class_timed_out: false, smt_duration: 44.805842ms, smt_timed_out: false, nontrivial_perms: false, translate_duration: 337.944µs, normal_duration: 2.367134ms, stable_duration: 135.048245ms, unify_duration: 45.031072ms, total_duration: 0ns })
./bird/part5/european_football_2_1083.json	Provable(Stats { provable: false, panicked: false, complete_fragment: true, equiv_class_duration: 125.945896ms, equiv_class_timed_out: false, smt_duration: 52.633694ms, smt_timed_out: false, nontrivial_perms: false, translate_duration: 237.762µs, normal_duration: 1.914927ms, stable_duration: 129.677717ms, unify_duration: 52.915968ms, total_duration: 0ns })
./bird/part5/european_football_2_1084.json	NotProvable(Stats { provable: false, panicked: false, complete_fragment: false, equiv_class_duration: 17.830268155s, equiv_class_timed_out: true, smt_duration: 0ns, smt_timed_out: false, nontrivial_perms: false, translate_duration: 611.936µs, normal_duration: 45.230038992s, stable_duration: 17.848186961s, unify_duration: 7.605µs, total_duration: 0ns })
./bird/part5/european_football_2_1087.json	NotProvable(Stats { provable: false, panicked: false, complete_fragment: false, equiv_class_duration: 1.10386207s, equiv_class_timed_out: false, smt_duration: 0ns, smt_timed_out: false, nontrivial_perms: false, translate_duration: 373.556µs, normal_duration: 3.7239ms, stable_duration: 1.112217078s, unify_duration: 5.237µs, total_duration: 0ns })
./bird/part5/european_football_2_1088.json	NotProvable(Stats { provable: false, panicked: false, complete_fragment: false, equiv_class_duration: 246.848522ms, equiv_class_timed_out: false, smt_duration: 3.350840417s, smt_timed_out: false, nontrivial_perms: false, translate_duration: 637.098µs, normal_duration: 5.853516ms, stable_duration: 254.585382ms, unify_duration: 3.353447874s, total_duration: 0ns })
./bird/part5/european_football_2_1089.json	NotProvable(Stats { provable: false, panicked: false, complete_fragment: false, equiv_class_duration: 17.57829977s, equiv_class_timed_out: false, smt_duration: 0ns, smt_timed_out: false, nontrivial_perms: false, translate_duration: 505.5µs, normal_duration: 5.431756ms, stable_duration: 17.587582857s, unify_duration: 6.612µs, total_duration: 0ns })
./bird/part5/european_football_2_1091.json	Provable(Stats { provable: false, panicked: false, complete_fragment: false, equiv_class_duration: 34.038476ms, equiv_class_timed_out: false, smt_duration: 183.590975ms, smt_timed_out: false, nontrivial_perms: false, translate_duration: 177.323µs, normal_duration: 80.779051ms, stable_duration: 37.311478ms, unify_duration: 184.552981ms, total_duration: 0ns })
./bird/part5/european_football_2_1095.json	NotProvable(Stats { provable: false, panicked: false, complete_fragment: false, equiv_class_duration: 10.145407721s, equiv_class_timed_out: true, smt_duration: 0ns, smt_timed_out: false, nontrivial_perms: false, translate_duration: 1.286355ms, normal_duration: 13.421646ms, stable_duration: 10.159912857s, unify_duration: 531ns, total_duration: 0ns })
./bird/part5/european_football_2_1096.json	NotProvable(Stats { provable: false, panicked: false, complete_fragment: false, equiv_class_duration: 180.308826ms, equiv_class_timed_out: false, smt_duration: 0ns, smt_timed_out: false, nontrivial_perms: false, translate_duration: 441.015µs, normal_duration: 5.72414ms, stable_duration: 191.848619ms, unify_duration: 597ns, total_duration: 0ns })
./bird/part5/european_football_2_1097.json	NotProvable(Stats { provable: false, panicked: false, complete_fragment: false, equiv_class_duration: 174.891415ms, equiv_class_timed_out: false, smt_duration: 0ns, smt_timed_out: false, nontrivial_perms: false, translate_duration: 625.893µs, normal_duration: 7.133449ms, stable_duration: 186.387992ms, unify_duration: 561ns, total_duration: 0ns })
./bird/part5/european_football_2_1098.json	Provable(Stats { provable: false, panicked: false, complete_fragment: false, equiv_class_duration: 74.391234ms, equiv_class_timed_out: false, smt_duration: 130.504839ms, smt_timed_out: false, nontrivial_perms: false, translate_duration: 328.595µs, normal_duration: 4.487963ms, stable_duration: 80.651468ms, unify_duration: 133.273262ms, total_duration: 0ns })
./bird/part5/european_football_2_1100.json	NotProvable(Stats { provable: false, panicked: false, complete_fragment: false, equiv_class_duration: 773.969686ms, equiv_class_timed_out: false, smt_duration: 55.827317ms, smt_timed_out: false, nontrivial_perms: false, translate_duration: 263.358µs, normal_duration: 1.138634751s, stable_duration: 780.874951ms, unify_duration: 56.142404ms, total_duration: 0ns })
./bird/part5/european_football_2_1101.json	Provable(Stats { provable: false, panicked: false, complete_fragment: false, equiv_class_duration: 80.749307ms, equiv_class_timed_out: false, smt_duration: 121.407052ms, smt_timed_out: false, nontrivial_perms: false, translate_duration: 562.575µs, normal_duration: 5.658622ms, stable_duration: 87.351501ms, unify_duration: 124.177514ms, total_duration: 0ns })
./bird/part5/european_football_2_1117.json	Provable(Stats { provable: false, panicked: false, complete_fragment: false, equiv_class_duration: 0ns, equiv_class_timed_out: false, smt_duration: 0ns, smt_timed_out: false, nontrivial_perms: false, translate_duration: 0ns, normal_duration: 0ns, stable_duration: 0ns, unify_duration: 0ns, total_duration: 0ns })
./bird/part5/european_football_2_1118.json	Provable(Stats { provable: false, panicked: false, complete_fragment: false, equiv_class_duration: 0ns, equiv_class_timed_out: false, smt_duration: 0ns, smt_timed_out: false, nontrivial_perms: false, translate_duration: 0ns, normal_duration: 0ns, stable_duration: 0ns, unify_duration: 0ns, total_duration: 0ns })
./bird/part5/european_football_2_1125.json	NotProvable(Stats { provable: false, panicked: false, complete_fragment: false, equiv_class_duration: 92.647901ms, equiv_class_timed_out: false, smt_duration: 0ns, smt_timed_out: false, nontrivial_perms: false, translate_duration: 157.395µs, normal_duration: 2.004029ms, stable_duration: 96.317658ms, unify_duration: 6.7µs, total_duration: 0ns })
./bird/part5/european_football_2_1130.json	NotProvable(Stats { provable: false, panicked: false, complete_fragment: false, equiv_class_duration: 95.928287ms, equiv_class_timed_out: false, smt_duration: 0ns, smt_timed_out: false, nontrivial_perms: false, translate_duration: 156.66µs, normal_duration: 2.037055ms, stable_duration: 99.633182ms, unify_duration: 7.286µs, total_duration: 0ns })
./bird/part5/european_football_2_1131.json	NotProvable(Stats { provable: false, panicked: false, complete_fragment: false, equiv_class_duration: 93.028886ms, equiv_class_timed_out: false, smt_duration: 0ns, smt_timed_out: false, nontrivial_perms: false, translate_duration: 154.565µs, normal_duration: 1.993984ms, stable_duration: 96.668579ms, unify_duration: 6.402µs, total_duration: 0ns })
./bird/part5/european_football_2_1133.json	Provable(Stats { provable: false, panicked: false, complete_fragment: false, equiv_class_duration: 0ns, equiv_class_timed_out: false, smt_duration: 0ns, smt_timed_out: false, nontrivial_perms: false, translate_duration: 0ns, normal_duration: 0ns, stable_duration: 0ns, unify_duration: 0ns, total_duration: 0ns })
./bird/part5/european_football_2_1134.json	NotProvable(Stats { provable: false, panicked: false, complete_fragment: false, equiv_class_duration: 11.52812185s, equiv_class_timed_out: true, smt_duration: 20.023422487s, smt_timed_out: true, nontrivial_perms: false, translate_duration: 371.476µs, normal_duration: 3.385634ms, stable_duration: 11.549529204s, unify_duration: 20.023752291s, total_duration: 0ns })
./bird/part5/european_football_2_1135.json	NotProvable(Stats { provable: false, panicked: false, complete_fragment: false, equiv_class_duration: 18.208942133s, equiv_class_timed_out: true, smt_duration: 0ns, smt_timed_out: false, nontrivial_perms: false, translate_duration: 951.368µs, normal_duration: 11.527621ms, stable_duration: 18.222907856s, unify_duration: 6.452µs, total_duration: 0ns })
./bird/part5/european_football_2_1136.json	NotProvable(Stats { provable: false, panicked: false, complete_fragment: false, equiv_class_duration: 90.008287ms, equiv_class_timed_out: false, smt_duration: 95.788832ms, smt_timed_out: false, nontrivial_perms: false, translate_duration: 257.913µs, normal_duration: 2.904613ms, stable_duration: 94.169173ms, unify_duration: 95.990872ms, total_duration: 0ns })
./bird/part5/european_football_2_1137.json	Provable(Stats { provable: false, panicked: false, complete_fragment: false, equiv_class_duration: 597.932254ms, equiv_class_timed_out: false, smt_duration: 272.839692ms, smt_timed_out: false, nontrivial_perms: false, translate_duration: 1.298506ms, normal_duration: 10.7359ms, stable_duration: 625.865701ms, unify_duration: 277.007677ms, total_duration: 0ns })
./bird/part5/european_football_2_1138.json	NotProvable(Stats { provable: false, panicked: false, complete_fragment: false, equiv_class_duration: 19.824591947s, equiv_class_timed_out: true, smt_duration: 378.30437ms, smt_timed_out: false, nontrivial_perms: true, translate_duration: 509.578µs, normal_duration: 5.618543ms, stable_duration: 19.832674805s, unify_duration: 379.664713ms, total_duration: 0ns })
./bird/part5/european_football_2_1139.json	Provable(Stats { provable: false, panicked: false, complete_fragment: false, equiv_class_duration: 119.334722ms, equiv_class_timed_out: false, smt_duration: 57.094001ms, smt_timed_out: false, nontrivial_perms: false, translate_duration: 374.46µs, normal_duration: 3.231037ms, stable_duration: 123.712937ms, unify_duration: 57.4948ms, total_duration: 0ns })
./bird/part5/european_football_2_1141.json	NotProvable(Stats { provable: false, panicked: false, complete_fragment: false, equiv_class_duration: 641.354105ms, equiv_class_timed_out: false, smt_duration: 64.501846ms, smt_timed_out: false, nontrivial_perms: false, translate_duration: 439.573µs, normal_duration: 3.11452ms, stable_duration: 647.657134ms, unify_duration: 64.904031ms, total_duration: 0ns })
./bird/part5/european_football_2_1142.json	NotProvable(Stats { provable: false, panicked: false, complete_fragment: false, equiv_class_duration: 108.013374ms, equiv_class_timed_out: false, smt_duration: 0ns, smt_timed_out: false, nontrivial_perms: false, translate_duration: 160.233µs, normal_duration: 2.017846ms, stable_duration: 112.015915ms, unify_duration: 6.507µs, total_duration: 0ns })
./bird/part5/european_football_2_1145.json	NotProvable(Stats { provable: false, panicked: false, complete_fragment: false, equiv_class_duration: 238.961399ms, equiv_class_timed_out: false, smt_duration: 0ns, smt_timed_out: false, nontrivial_perms: false, translate_duration: 556.758µs, normal_duration: 666.161411ms, stable_duration: 248.106214ms, unify_duration: 602ns, total_duration: 0ns })
./bird/part5/european_football_2_1148.json	NotProvable(Stats { provable: false, panicked: false, complete_fragment: false, equiv_class_duration: 219.874986ms, equiv_class_timed_out: false, smt_duration: 84.061816ms, smt_timed_out: false, nontrivial_perms: false, translate_duration: 539.714µs, normal_duration: 57.124711ms, stable_duration: 229.206764ms, unify_duration: 84.385651ms, total_duration: 0ns })
Provable: 23 / 64
